[0.054s] Invoking command in '/home/wsh/wheeltec/wheeltec_ros2/build/nav2_smac_planner': CMAKE_PREFIX_PATH=/home/wsh/wheeltec/wheeltec_ros2/install/nav2_core:/home/wsh/wheeltec/wheeltec_ros2/install/nav2_costmap_2d:/home/wsh/wheeltec/wheeltec_ros2/install/nav2_map_server:/home/wsh/wheeltec/wheeltec_ros2/install/nav2_lifecycle_manager:/home/wsh/wheeltec/wheeltec_ros2/install/nav2_util:/home/wsh/wheeltec/wheeltec_ros2/install/nav2_voxel_grid:/home/wsh/wheeltec/wheeltec_ros2/install/nav2_msgs:/home/wsh/wheeltec/wheeltec_ros2/install/nav2_common:/home/wsh/wheeltec/wheeltec_ros2/install/wheeltec_slam_toolbox:/home/wsh/wheeltec/wheeltec_ros2/install/wheeltec_rviz2:/home/wsh/wheeltec/wheeltec_ros2/install/wheeltec_rrt_msg:/home/wsh/wheeltec/wheeltec_ros2/install/wheeltec_robot_urdf:/home/wsh/wheeltec/wheeltec_ros2/install/wheeltec_robot_rtab:/home/wsh/wheeltec/wheeltec_ros2/install/wheeltec_robot_rrt:/home/wsh/wheeltec/wheeltec_ros2/install/turn_on_wheeltec_robot:/home/wsh/wheeltec/wheeltec_ros2/install/wheeltec_robot_msg:/home/wsh/wheeltec/wheeltec_ros2/install/wheeltec_robot_kcf:/home/wsh/wheeltec/wheeltec_ros2/install/wheeltec_nav2:/home/wsh/wheeltec/wheeltec_ros2/install/wheeltec_joy:/home/wsh/wheeltec/wheeltec_ros2/install/wheeltec_gps_path:/home/wsh/wheeltec/wheeltec_ros2/install/wheeltec_cartographer:/home/wsh/wheeltec/wheeltec_ros2/install/web_video_server:/home/wsh/wheeltec/wheeltec_ros2/install/usb_cam:/home/wsh/wheeltec/wheeltec_ros2/install/slam_gmapping:/home/wsh/wheeltec/wheeltec_ros2/install/serial:/home/wsh/wheeltec/wheeltec_ros2/install/openslam_gmapping:/home/wsh/wheeltec/wheeltec_ros2/install/nmea_msgs:/home/wsh/wheeltec/wheeltec_ros2/install/nav2_bringup:/home/wsh/wheeltec/wheeltec_ros2/install/navigation2:/home/wsh/wheeltec/wheeltec_ros2/install/nav2_smoother:/home/wsh/wheeltec/wheeltec_ros2/install/nav2_dwb_controller:/home/wsh/wheeltec/wheeltec_ros2/install/nav2_controller:/home/wsh/wheeltec/wheeltec_ros2/install/dwb_plugins:/home/wsh/wheeltec/wheeltec_ros2/install/dwb_critics:/home/wsh/wheeltec/wheeltec_ros2/install/dwb_core:/home/wsh/wheeltec/wheeltec_ros2/install/nav_2d_utils:/home/wsh/wheeltec/wheeltec_ros2/install/dwb_msgs:/home/wsh/wheeltec/wheeltec_ros2/install/nav_2d_msgs:/home/wsh/wheeltec/wheeltec_ros2/install/nav2_waypoint_follower:/home/wsh/wheeltec/wheeltec_ros2/install/nav2_theta_star_planner:/home/wsh/wheeltec/wheeltec_ros2/install/nav2_smac_planner:/home/wsh/wheeltec/wheeltec_ros2/install/nav2_regulated_pure_pursuit_controller:/home/wsh/wheeltec/wheeltec_ros2/install/nav2_planner:/home/wsh/wheeltec/wheeltec_ros2/install/nav2_navfn_planner:/home/wsh/wheeltec/wheeltec_ros2/install/nav2_mppi_controller:/home/wsh/wheeltec/wheeltec_ros2/install/nav2_constrained_smoother:/home/wsh/wheeltec/wheeltec_ros2/install/nav2_bt_navigator:/home/wsh/wheeltec/wheeltec_ros2/install/nav2_behaviors:/home/wsh/wheeltec/wheeltec_ros2/install/nav2_collision_monitor:/home/wsh/wheeltec/wheeltec_ros2/install/costmap_queue:/home/wsh/wheeltec/wheeltec_ros2/install/nav2_velocity_smoother:/home/wsh/wheeltec/wheeltec_ros2/install/nav2_rviz_plugins:/home/wsh/wheeltec/wheeltec_ros2/install/nav2_behavior_tree:/home/wsh/wheeltec/wheeltec_ros2/install/nav2_amcl:/home/wsh/wheeltec/wheeltec_ros2/install/lslidar_driver:/home/wsh/wheeltec/wheeltec_ros2/install/lslidar_msgs:/home/wsh/wheeltec/wheeltec_ros2/install/ldlidar_stl_ros2:/home/wsh/wheeltec/wheeltec_ros2/install/ldlidar_sl_ros2:/home/wsh/wheeltec/wheeltec_ros2/install/astra_camera_msgs:/home/wsh/wheeltec/wheeltec_ros2/install/ackermann_msgs:/home/wsh/wheeltec/wheeltec_ros2/install/wheeltec_robot_keyboard:/home/wsh/wheeltec/wheeltec_ros2/install/tf2_tools:/home/wsh/wheeltec/wheeltec_ros2/install/nmea_navsat_driver:/home/wsh/wheeltec/wheeltec_ros2/install/nav2_simple_commander:/home/wsh/wheeltec/wheeltec_ros2/install/auto_recharge_ros2:/opt/ros/humble LD_LIBRARY_PATH=/home/wsh/wheeltec/wheeltec_ros2/install/nav2_costmap_2d/lib:/home/wsh/wheeltec/wheeltec_ros2/install/nav2_map_server/lib:/home/wsh/wheeltec/wheeltec_ros2/install/nav2_lifecycle_manager/lib:/home/wsh/wheeltec/wheeltec_ros2/install/nav2_util/lib:/home/wsh/wheeltec/wheeltec_ros2/install/nav2_voxel_grid/lib:/home/wsh/wheeltec/wheeltec_ros2/install/nav2_msgs/lib:/home/wsh/wheeltec/wheeltec_ros2/install/wheeltec_rrt_msg/lib:/home/wsh/wheeltec/wheeltec_ros2/install/wheeltec_robot_rrt/lib:/home/wsh/wheeltec/wheeltec_ros2/install/turn_on_wheeltec_robot/lib:/home/wsh/wheeltec/wheeltec_ros2/install/wheeltec_robot_msg/lib:/home/wsh/wheeltec/wheeltec_ros2/install/usb_cam/lib:/home/wsh/wheeltec/wheeltec_ros2/install/serial/lib:/home/wsh/wheeltec/wheeltec_ros2/install/openslam_gmapping/lib:/home/wsh/wheeltec/wheeltec_ros2/install/nmea_msgs/lib:/home/wsh/wheeltec/wheeltec_ros2/install/nav2_smoother/lib:/home/wsh/wheeltec/wheeltec_ros2/install/nav2_controller/lib:/home/wsh/wheeltec/wheeltec_ros2/install/dwb_plugins/lib:/home/wsh/wheeltec/wheeltec_ros2/install/dwb_critics/lib:/home/wsh/wheeltec/wheeltec_ros2/install/dwb_core/lib:/home/wsh/wheeltec/wheeltec_ros2/install/nav_2d_utils/lib:/home/wsh/wheeltec/wheeltec_ros2/install/dwb_msgs/lib:/home/wsh/wheeltec/wheeltec_ros2/install/nav_2d_msgs/lib:/home/wsh/wheeltec/wheeltec_ros2/install/nav2_waypoint_follower/lib:/home/wsh/wheeltec/wheeltec_ros2/install/nav2_theta_star_planner/lib:/home/wsh/wheeltec/wheeltec_ros2/install/nav2_smac_planner/lib:/home/wsh/wheeltec/wheeltec_ros2/install/nav2_regulated_pure_pursuit_controller/lib:/home/wsh/wheeltec/wheeltec_ros2/install/nav2_planner/lib:/home/wsh/wheeltec/wheeltec_ros2/install/nav2_navfn_planner/lib:/home/wsh/wheeltec/wheeltec_ros2/install/nav2_mppi_controller/lib:/home/wsh/wheeltec/wheeltec_ros2/install/nav2_constrained_smoother/lib:/home/wsh/wheeltec/wheeltec_ros2/install/nav2_bt_navigator/lib:/home/wsh/wheeltec/wheeltec_ros2/install/nav2_behaviors/lib:/home/wsh/wheeltec/wheeltec_ros2/install/nav2_collision_monitor/lib:/home/wsh/wheeltec/wheeltec_ros2/install/costmap_queue/lib:/home/wsh/wheeltec/wheeltec_ros2/install/nav2_velocity_smoother/lib:/home/wsh/wheeltec/wheeltec_ros2/install/nav2_rviz_plugins/lib:/home/wsh/wheeltec/wheeltec_ros2/install/nav2_behavior_tree/lib:/home/wsh/wheeltec/wheeltec_ros2/install/nav2_amcl/lib:/home/wsh/wheeltec/wheeltec_ros2/install/lslidar_msgs/lib:/home/wsh/wheeltec/wheeltec_ros2/install/astra_camera_msgs/lib:/home/wsh/wheeltec/wheeltec_ros2/install/ackermann_msgs/lib:/usr/local/adolc/lib:/usr/local/lib:/usr/local/adolc/lib:/usr/local/lib:/usr/lib/x86_64-linux-gnu/gazebo-11/plugins:/opt/ros/humble/opt/rviz_ogre_vendor/lib:/opt/ros/humble/lib/x86_64-linux-gnu:/opt/ros/humble/lib /usr/bin/cmake --build /home/wsh/wheeltec/wheeltec_ros2/build/nav2_smac_planner -- -j20 -l20
[0.197s] [  3%] [32mBuilding CXX object CMakeFiles/nav2_smac_planner_lattice.dir/math/discretized_points_smoothing/fem_pos_deviation_ipopt_interface.cc.o[0m
[0.197s] [  3%] [32mBuilding CXX object CMakeFiles/nav2_smac_planner_lattice.dir/math/discretized_points_smoothing/fem_pos_deviation_smoother.cc.o[0m
[0.197s] [  3%] [32mBuilding CXX object CMakeFiles/nav2_smac_planner_lattice.dir/math/discretized_points_smoothing/fem_pos_deviation_sqp_osqp_interface.cc.o[0m
[0.197s] [  4%] [32mBuilding CXX object CMakeFiles/nav2_smac_planner.dir/math/discretized_points_smoothing/cos_theta_smoother.cc.o[0m
[0.198s] [  4%] [32mBuilding CXX object CMakeFiles/nav2_smac_planner_2d.dir/math/discretized_points_smoothing/cos_theta_ipopt_interface.cc.o[0m
[0.198s] [  5%] [32mBuilding CXX object CMakeFiles/nav2_smac_planner_lattice.dir/math/discretized_points_smoothing/cos_theta_ipopt_interface.cc.o[0m
[0.199s] [  5%] [32mBuilding CXX object CMakeFiles/nav2_smac_planner_lattice.dir/math/discretized_points_smoothing/fem_pos_deviation_osqp_interface.cc.o[0m
[0.200s] [  6%] [32mBuilding CXX object CMakeFiles/nav2_smac_planner_lattice.dir/math/discretized_points_smoothing/cos_theta_smoother.cc.o[0m
[0.200s] [  8%] [32mBuilding CXX object CMakeFiles/nav2_smac_planner.dir/math/discretized_points_smoothing/fem_pos_deviation_sqp_osqp_interface.cc.o[0m
[0.200s] [  8%] [32mBuilding CXX object CMakeFiles/nav2_smac_planner_2d.dir/math/discretized_points_smoothing/fem_pos_deviation_sqp_osqp_interface.cc.o[0m
[0.200s] [  9%] [32mBuilding CXX object CMakeFiles/nav2_smac_planner_2d.dir/math/discretized_points_smoothing/fem_pos_deviation_ipopt_interface.cc.o[0m
[0.201s] [ 10%] [32mBuilding CXX object CMakeFiles/nav2_smac_planner_2d.dir/math/discretized_points_smoothing/fem_pos_deviation_osqp_interface.cc.o[0m
[0.201s] [ 12%] [32mBuilding CXX object CMakeFiles/nav2_smac_planner_2d.dir/math/discretized_points_smoothing/fem_pos_deviation_smoother.cc.o[0m
[0.201s] [ 12%] [32mBuilding CXX object CMakeFiles/nav2_smac_planner.dir/math/discretized_points_smoothing/cos_theta_ipopt_interface.cc.o[0m
[0.202s] [ 13%] [32mBuilding CXX object CMakeFiles/nav2_smac_planner.dir/math/discretized_points_smoothing/fem_pos_deviation_ipopt_interface.cc.o[0m
[0.202s] [ 15%] [32mBuilding CXX object CMakeFiles/nav2_smac_planner.dir/math/discretized_points_smoothing/fem_pos_deviation_smoother.cc.o[0m
[0.202s] [ 15%] [32mBuilding CXX object CMakeFiles/nav2_smac_planner.dir/math/discretized_points_smoothing/fem_pos_deviation_osqp_interface.cc.o[0m
[0.202s] [ 16%] [32mBuilding CXX object CMakeFiles/nav2_smac_planner_2d.dir/math/discretized_points_smoothing/cos_theta_smoother.cc.o[0m
[0.225s] In file included from [01m[K/home/wsh/wheeltec/wheeltec_ros2/src/navigation2-humble/nav2_smac_planner/math/discretized_points_smoothing/fem_pos_deviation_osqp_interface.h:26[m[K,
[0.225s]                  from [01m[K/home/wsh/wheeltec/wheeltec_ros2/src/navigation2-humble/nav2_smac_planner/math/discretized_points_smoothing/fem_pos_deviation_osqp_interface.cc:21[m[K:
[0.225s] [01m[K/usr/local/include/osqp.h:6:11:[m[K [01;31m[Kfatal error: [m[Kosqp_configure.h: No such file or directory
[0.225s]     6 | # include [01;31m[K"osqp_configure.h"[m[K
[0.225s]       |           [01;31m[K^~~~~~~~~~~~~~~~~~[m[K
[0.225s] compilation terminated.
[0.226s] gmake[2]: *** [CMakeFiles/nav2_smac_planner_lattice.dir/build.make:410: CMakeFiles/nav2_smac_planner_lattice.dir/math/discretized_points_smoothing/fem_pos_deviation_osqp_interface.cc.o] Error 1
[0.226s] gmake[2]: *** Waiting for unfinished jobs....
[0.232s] In file included from [01m[K/home/wsh/wheeltec/wheeltec_ros2/src/navigation2-humble/nav2_smac_planner/math/discretized_points_smoothing/fem_pos_deviation_sqp_osqp_interface.h:26[m[K,
[0.232s]                  from [01m[K/home/wsh/wheeltec/wheeltec_ros2/src/navigation2-humble/nav2_smac_planner/math/discretized_points_smoothing/fem_pos_deviation_sqp_osqp_interface.cc:21[m[K:
[0.233s] [01m[K/usr/local/include/osqp.h:6:11:[m[K [01;31m[Kfatal error: [m[Kosqp_configure.h: No such file or directory
[0.233s]     6 | # include [01;31m[K"osqp_configure.h"[m[K
[0.233s]       |           [01;31m[K^~~~~~~~~~~~~~~~~~[m[K
[0.233s] compilation terminated.
[0.233s] gmake[2]: *** [CMakeFiles/nav2_smac_planner.dir/build.make:438: CMakeFiles/nav2_smac_planner.dir/math/discretized_points_smoothing/fem_pos_deviation_sqp_osqp_interface.cc.o] Error 1
[0.233s] gmake[2]: *** Waiting for unfinished jobs....
[0.235s] In file included from [01m[K/home/wsh/wheeltec/wheeltec_ros2/src/navigation2-humble/nav2_smac_planner/math/discretized_points_smoothing/fem_pos_deviation_osqp_interface.h:26[m[K,
[0.235s]                  from [01m[K/home/wsh/wheeltec/wheeltec_ros2/src/navigation2-humble/nav2_smac_planner/math/discretized_points_smoothing/fem_pos_deviation_osqp_interface.cc:21[m[K:
[0.235s] [01m[K/usr/local/include/osqp.h:6:11:[m[K [01;31m[Kfatal error: [m[Kosqp_configure.h: No such file or directory
[0.235s]     6 | # include [01;31m[K"osqp_configure.h"[m[K
[0.235s]       |           [01;31m[K^~~~~~~~~~~~~~~~~~[m[K
[0.235s] compilation terminated.
[0.236s] gmake[2]: *** [CMakeFiles/nav2_smac_planner_2d.dir/build.make:410: CMakeFiles/nav2_smac_planner_2d.dir/math/discretized_points_smoothing/fem_pos_deviation_osqp_interface.cc.o] Error 1
[0.236s] gmake[2]: *** Waiting for unfinished jobs....
[0.238s] In file included from [01m[K/home/wsh/wheeltec/wheeltec_ros2/src/navigation2-humble/nav2_smac_planner/math/discretized_points_smoothing/fem_pos_deviation_sqp_osqp_interface.h:26[m[K,
[0.238s]                  from [01m[K/home/wsh/wheeltec/wheeltec_ros2/src/navigation2-humble/nav2_smac_planner/math/discretized_points_smoothing/fem_pos_deviation_sqp_osqp_interface.cc:21[m[K:
[0.238s] [01m[K/usr/local/include/osqp.h:6:11:[m[K [01;31m[Kfatal error: [m[Kosqp_configure.h: No such file or directory
[0.238s]     6 | # include [01;31m[K"osqp_configure.h"[m[K
[0.238s]       |           [01;31m[K^~~~~~~~~~~~~~~~~~[m[K
[0.238s] compilation terminated.
[0.238s] gmake[2]: *** [CMakeFiles/nav2_smac_planner_lattice.dir/build.make:438: CMakeFiles/nav2_smac_planner_lattice.dir/math/discretized_points_smoothing/fem_pos_deviation_sqp_osqp_interface.cc.o] Error 1
[0.241s] In file included from [01m[K/home/wsh/wheeltec/wheeltec_ros2/src/navigation2-humble/nav2_smac_planner/math/discretized_points_smoothing/fem_pos_deviation_sqp_osqp_interface.h:26[m[K,
[0.241s]                  from [01m[K/home/wsh/wheeltec/wheeltec_ros2/src/navigation2-humble/nav2_smac_planner/math/discretized_points_smoothing/fem_pos_deviation_sqp_osqp_interface.cc:21[m[K:
[0.241s] [01m[K/usr/local/include/osqp.h:6:11:[m[K [01;31m[Kfatal error: [m[Kosqp_configure.h: No such file or directory
[0.241s]     6 | # include [01;31m[K"osqp_configure.h"[m[K
[0.241s]       |           [01;31m[K^~~~~~~~~~~~~~~~~~[m[K
[0.242s] compilation terminated.
[0.242s] gmake[2]: *** [CMakeFiles/nav2_smac_planner_2d.dir/build.make:438: CMakeFiles/nav2_smac_planner_2d.dir/math/discretized_points_smoothing/fem_pos_deviation_sqp_osqp_interface.cc.o] Error 1
[0.244s] In file included from [01m[K/home/wsh/wheeltec/wheeltec_ros2/src/navigation2-humble/nav2_smac_planner/math/discretized_points_smoothing/fem_pos_deviation_osqp_interface.h:26[m[K,
[0.245s]                  from [01m[K/home/wsh/wheeltec/wheeltec_ros2/src/navigation2-humble/nav2_smac_planner/math/discretized_points_smoothing/fem_pos_deviation_osqp_interface.cc:21[m[K:
[0.245s] [01m[K/usr/local/include/osqp.h:6:11:[m[K [01;31m[Kfatal error: [m[Kosqp_configure.h: No such file or directory
[0.245s]     6 | # include [01;31m[K"osqp_configure.h"[m[K
[0.245s]       |           [01;31m[K^~~~~~~~~~~~~~~~~~[m[K
[0.245s] compilation terminated.
[0.245s] gmake[2]: *** [CMakeFiles/nav2_smac_planner.dir/build.make:410: CMakeFiles/nav2_smac_planner.dir/math/discretized_points_smoothing/fem_pos_deviation_osqp_interface.cc.o] Error 1
[0.311s] In file included from [01m[K/home/wsh/wheeltec/wheeltec_ros2/src/navigation2-humble/nav2_smac_planner/math/discretized_points_smoothing/fem_pos_deviation_ipopt_interface.h:23[m[K,
[0.312s]                  from [01m[K/home/wsh/wheeltec/wheeltec_ros2/src/navigation2-humble/nav2_smac_planner/math/discretized_points_smoothing/fem_pos_deviation_ipopt_interface.cc:21[m[K:
[0.312s] [01m[K/usr/local/adolc/include/adolc/adolc_sparse.h:15:10:[m[K [01;31m[Kfatal error: [m[Kadolc/sparse/sparsedrivers.h: No such file or directory
[0.312s]    15 | #include [01;31m[K<adolc/sparse/sparsedrivers.h>[m[K
[0.312s]       |          [01;31m[K^~~~~~~~~~~~~~~~~~~~~~~~~~~~~~[m[K
[0.312s] compilation terminated.
[0.313s] gmake[2]: *** [CMakeFiles/nav2_smac_planner.dir/build.make:396: CMakeFiles/nav2_smac_planner.dir/math/discretized_points_smoothing/fem_pos_deviation_ipopt_interface.cc.o] Error 1
[0.315s] In file included from [01m[K/home/wsh/wheeltec/wheeltec_ros2/src/navigation2-humble/nav2_smac_planner/math/discretized_points_smoothing/cos_theta_ipopt_interface.h:25[m[K,
[0.315s]                  from [01m[K/home/wsh/wheeltec/wheeltec_ros2/src/navigation2-humble/nav2_smac_planner/math/discretized_points_smoothing/cos_theta_ipopt_interface.cc:17[m[K:
[0.315s] [01m[K/usr/local/adolc/include/adolc/adolc_sparse.h:15:10:[m[K [01;31m[Kfatal error: [m[Kadolc/sparse/sparsedrivers.h: No such file or directory
[0.315s]    15 | #include [01;31m[K<adolc/sparse/sparsedrivers.h>[m[K
[0.315s]       |          [01;31m[K^~~~~~~~~~~~~~~~~~~~~~~~~~~~~~[m[K
[0.315s] compilation terminated.
[0.316s] gmake[2]: *** [CMakeFiles/nav2_smac_planner_lattice.dir/build.make:368: CMakeFiles/nav2_smac_planner_lattice.dir/math/discretized_points_smoothing/cos_theta_ipopt_interface.cc.o] Error 1
[0.328s] In file included from [01m[K/home/wsh/wheeltec/wheeltec_ros2/src/navigation2-humble/nav2_smac_planner/math/discretized_points_smoothing/cos_theta_ipopt_interface.h:25[m[K,
[0.328s]                  from [01m[K/home/wsh/wheeltec/wheeltec_ros2/src/navigation2-humble/nav2_smac_planner/math/discretized_points_smoothing/cos_theta_ipopt_interface.cc:17[m[K:
[0.328s] [01m[K/usr/local/adolc/include/adolc/adolc_sparse.h:15:10:[m[K [01;31m[Kfatal error: [m[Kadolc/sparse/sparsedrivers.h: No such file or directory
[0.328s]    15 | #include [01;31m[K<adolc/sparse/sparsedrivers.h>[m[K
[0.328s]       |          [01;31m[K^~~~~~~~~~~~~~~~~~~~~~~~~~~~~~[m[K
[0.328s] compilation terminated.
[0.328s] gmake[2]: *** [CMakeFiles/nav2_smac_planner.dir/build.make:368: CMakeFiles/nav2_smac_planner.dir/math/discretized_points_smoothing/cos_theta_ipopt_interface.cc.o] Error 1
[0.328s] In file included from [01m[K/home/wsh/wheeltec/wheeltec_ros2/src/navigation2-humble/nav2_smac_planner/math/discretized_points_smoothing/fem_pos_deviation_ipopt_interface.h:23[m[K,
[0.328s]                  from [01m[K/home/wsh/wheeltec/wheeltec_ros2/src/navigation2-humble/nav2_smac_planner/math/discretized_points_smoothing/fem_pos_deviation_ipopt_interface.cc:21[m[K:
[0.328s] [01m[K/usr/local/adolc/include/adolc/adolc_sparse.h:15:10:[m[K [01;31m[Kfatal error: [m[Kadolc/sparse/sparsedrivers.h: No such file or directory
[0.328s]    15 | #include [01;31m[K<adolc/sparse/sparsedrivers.h>[m[K
[0.329s]       |          [01;31m[K^~~~~~~~~~~~~~~~~~~~~~~~~~~~~~[m[K
[0.329s] compilation terminated.
[0.329s] gmake[2]: *** [CMakeFiles/nav2_smac_planner_2d.dir/build.make:396: CMakeFiles/nav2_smac_planner_2d.dir/math/discretized_points_smoothing/fem_pos_deviation_ipopt_interface.cc.o] Error 1
[0.334s] In file included from [01m[K/home/wsh/wheeltec/wheeltec_ros2/src/navigation2-humble/nav2_smac_planner/math/discretized_points_smoothing/fem_pos_deviation_ipopt_interface.h:23[m[K,
[0.334s]                  from [01m[K/home/wsh/wheeltec/wheeltec_ros2/src/navigation2-humble/nav2_smac_planner/math/discretized_points_smoothing/fem_pos_deviation_ipopt_interface.cc:21[m[K:
[0.334s] [01m[K/usr/local/adolc/include/adolc/adolc_sparse.h:15:10:[m[K [01;31m[Kfatal error: [m[Kadolc/sparse/sparsedrivers.h: No such file or directory
[0.334s]    15 | #include [01;31m[K<adolc/sparse/sparsedrivers.h>[m[K
[0.334s]       |          [01;31m[K^~~~~~~~~~~~~~~~~~~~~~~~~~~~~~[m[K
[0.334s] compilation terminated.
[0.335s] In file included from [01m[K/home/wsh/wheeltec/wheeltec_ros2/src/navigation2-humble/nav2_smac_planner/math/discretized_points_smoothing/cos_theta_ipopt_interface.h:25[m[K,
[0.335s]                  from [01m[K/home/wsh/wheeltec/wheeltec_ros2/src/navigation2-humble/nav2_smac_planner/math/discretized_points_smoothing/cos_theta_ipopt_interface.cc:17[m[K:
[0.335s] [01m[K/usr/local/adolc/include/adolc/adolc_sparse.h:15:10:[m[K [01;31m[Kfatal error: [m[Kadolc/sparse/sparsedrivers.h: No such file or directory
[0.336s]    15 | #include [01;31m[K<adolc/sparse/sparsedrivers.h>[m[K
[0.336s]       |          [01;31m[K^~~~~~~~~~~~~~~~~~~~~~~~~~~~~~[m[K
[0.336s] compilation terminated.
[0.336s] gmake[2]: *** [CMakeFiles/nav2_smac_planner_lattice.dir/build.make:396: CMakeFiles/nav2_smac_planner_lattice.dir/math/discretized_points_smoothing/fem_pos_deviation_ipopt_interface.cc.o] Error 1
[0.337s] gmake[2]: *** [CMakeFiles/nav2_smac_planner_2d.dir/build.make:368: CMakeFiles/nav2_smac_planner_2d.dir/math/discretized_points_smoothing/cos_theta_ipopt_interface.cc.o] Error 1
[0.432s] In file included from [01m[K/usr/include/coin/IpJournalist.hpp:15[m[K,
[0.432s]                  from [01m[K/usr/include/coin/IpIpoptApplication.hpp:26[m[K,
[0.432s]                  from [01m[K/home/wsh/wheeltec/wheeltec_ros2/src/navigation2-humble/nav2_smac_planner/math/discretized_points_smoothing/cos_theta_smoother.cc:19[m[K:
[0.432s] [01m[K/usr/include/coin/IpSmartPtr.hpp:18:4:[m[K [01;31m[Kerror: [m[K#error "don't have header file for stddef"
[0.432s]    18 | #  [01;31m[Kerror[m[K "don't have header file for stddef"
[0.432s]       |    [01;31m[K^~~~~[m[K
[0.434s] In file included from [01m[K/usr/include/coin/IpJournalist.hpp:15[m[K,
[0.434s]                  from [01m[K/usr/include/coin/IpIpoptApplication.hpp:26[m[K,
[0.434s]                  from [01m[K/home/wsh/wheeltec/wheeltec_ros2/src/navigation2-humble/nav2_smac_planner/math/discretized_points_smoothing/fem_pos_deviation_smoother.cc:23[m[K:
[0.434s] [01m[K/usr/include/coin/IpSmartPtr.hpp:18:4:[m[K [01;31m[Kerror: [m[K#error "don't have header file for stddef"
[0.434s]    18 | #  [01;31m[Kerror[m[K "don't have header file for stddef"
[0.435s]       |    [01;31m[K^~~~~[m[K
[0.440s] In file included from [01m[K/home/wsh/wheeltec/wheeltec_ros2/src/navigation2-humble/nav2_smac_planner/math/discretized_points_smoothing/cos_theta_ipopt_interface.h:25[m[K,
[0.441s]                  from [01m[K/home/wsh/wheeltec/wheeltec_ros2/src/navigation2-humble/nav2_smac_planner/math/discretized_points_smoothing/cos_theta_smoother.cc:22[m[K:
[0.441s] [01m[K/usr/local/adolc/include/adolc/adolc_sparse.h:15:10:[m[K [01;31m[Kfatal error: [m[Kadolc/sparse/sparsedrivers.h: No such file or directory
[0.441s]    15 | #include [01;31m[K<adolc/sparse/sparsedrivers.h>[m[K
[0.441s]       |          [01;31m[K^~~~~~~~~~~~~~~~~~~~~~~~~~~~~~[m[K
[0.441s] compilation terminated.
[0.442s] gmake[2]: *** [CMakeFiles/nav2_smac_planner_2d.dir/build.make:382: CMakeFiles/nav2_smac_planner_2d.dir/math/discretized_points_smoothing/cos_theta_smoother.cc.o] Error 1
[0.443s] In file included from [01m[K/home/wsh/wheeltec/wheeltec_ros2/src/navigation2-humble/nav2_smac_planner/math/discretized_points_smoothing/fem_pos_deviation_ipopt_interface.h:23[m[K,
[0.443s]                  from [01m[K/home/wsh/wheeltec/wheeltec_ros2/src/navigation2-humble/nav2_smac_planner/math/discretized_points_smoothing/fem_pos_deviation_smoother.cc:26[m[K:
[0.443s] [01m[K/usr/local/adolc/include/adolc/adolc_sparse.h:15:10:[m[K [01;31m[Kfatal error: [m[Kadolc/sparse/sparsedrivers.h: No such file or directory
[0.443s]    15 | #include [01;31m[K<adolc/sparse/sparsedrivers.h>[m[K
[0.443s]       |          [01;31m[K^~~~~~~~~~~~~~~~~~~~~~~~~~~~~~[m[K
[0.443s] compilation terminated.
[0.444s] gmake[2]: *** [CMakeFiles/nav2_smac_planner.dir/build.make:424: CMakeFiles/nav2_smac_planner.dir/math/discretized_points_smoothing/fem_pos_deviation_smoother.cc.o] Error 1
[0.453s] In file included from [01m[K/usr/include/coin/IpJournalist.hpp:15[m[K,
[0.453s]                  from [01m[K/usr/include/coin/IpIpoptApplication.hpp:26[m[K,
[0.453s]                  from [01m[K/home/wsh/wheeltec/wheeltec_ros2/src/navigation2-humble/nav2_smac_planner/math/discretized_points_smoothing/fem_pos_deviation_smoother.cc:23[m[K:
[0.453s] [01m[K/usr/include/coin/IpSmartPtr.hpp:18:4:[m[K [01;31m[Kerror: [m[K#error "don't have header file for stddef"
[0.453s]    18 | #  [01;31m[Kerror[m[K "don't have header file for stddef"
[0.453s]       |    [01;31m[K^~~~~[m[K
[0.461s] In file included from [01m[K/usr/include/coin/IpJournalist.hpp:15[m[K,
[0.461s]                  from [01m[K/usr/include/coin/IpIpoptApplication.hpp:26[m[K,
[0.461s]                  from [01m[K/home/wsh/wheeltec/wheeltec_ros2/src/navigation2-humble/nav2_smac_planner/math/discretized_points_smoothing/cos_theta_smoother.cc:19[m[K:
[0.461s] [01m[K/usr/include/coin/IpSmartPtr.hpp:18:4:[m[K [01;31m[Kerror: [m[K#error "don't have header file for stddef"
[0.461s]    18 | #  [01;31m[Kerror[m[K "don't have header file for stddef"
[0.461s]       |    [01;31m[K^~~~~[m[K
[0.461s] In file included from [01m[K/home/wsh/wheeltec/wheeltec_ros2/src/navigation2-humble/nav2_smac_planner/math/discretized_points_smoothing/fem_pos_deviation_ipopt_interface.h:23[m[K,
[0.461s]                  from [01m[K/home/wsh/wheeltec/wheeltec_ros2/src/navigation2-humble/nav2_smac_planner/math/discretized_points_smoothing/fem_pos_deviation_smoother.cc:26[m[K:
[0.461s] [01m[K/usr/local/adolc/include/adolc/adolc_sparse.h:15:10:[m[K [01;31m[Kfatal error: [m[Kadolc/sparse/sparsedrivers.h: No such file or directory
[0.461s]    15 | #include [01;31m[K<adolc/sparse/sparsedrivers.h>[m[K
[0.461s]       |          [01;31m[K^~~~~~~~~~~~~~~~~~~~~~~~~~~~~~[m[K
[0.461s] compilation terminated.
[0.463s] gmake[2]: *** [CMakeFiles/nav2_smac_planner_2d.dir/build.make:424: CMakeFiles/nav2_smac_planner_2d.dir/math/discretized_points_smoothing/fem_pos_deviation_smoother.cc.o] Error 1
[0.463s] gmake[1]: *** [CMakeFiles/Makefile2:167: CMakeFiles/nav2_smac_planner_2d.dir/all] Error 2
[0.463s] gmake[1]: *** Waiting for unfinished jobs....
[0.470s] In file included from [01m[K/home/wsh/wheeltec/wheeltec_ros2/src/navigation2-humble/nav2_smac_planner/math/discretized_points_smoothing/cos_theta_ipopt_interface.h:25[m[K,
[0.470s]                  from [01m[K/home/wsh/wheeltec/wheeltec_ros2/src/navigation2-humble/nav2_smac_planner/math/discretized_points_smoothing/cos_theta_smoother.cc:22[m[K:
[0.470s] [01m[K/usr/local/adolc/include/adolc/adolc_sparse.h:15:10:[m[K [01;31m[Kfatal error: [m[Kadolc/sparse/sparsedrivers.h: No such file or directory
[0.470s]    15 | #include [01;31m[K<adolc/sparse/sparsedrivers.h>[m[K
[0.470s]       |          [01;31m[K^~~~~~~~~~~~~~~~~~~~~~~~~~~~~~[m[K
[0.470s] compilation terminated.
[0.471s] gmake[2]: *** [CMakeFiles/nav2_smac_planner.dir/build.make:382: CMakeFiles/nav2_smac_planner.dir/math/discretized_points_smoothing/cos_theta_smoother.cc.o] Error 1
[0.472s] gmake[1]: *** [CMakeFiles/Makefile2:141: CMakeFiles/nav2_smac_planner.dir/all] Error 2
[0.474s] In file included from [01m[K/usr/include/coin/IpJournalist.hpp:15[m[K,
[0.474s]                  from [01m[K/usr/include/coin/IpIpoptApplication.hpp:26[m[K,
[0.474s]                  from [01m[K/home/wsh/wheeltec/wheeltec_ros2/src/navigation2-humble/nav2_smac_planner/math/discretized_points_smoothing/fem_pos_deviation_smoother.cc:23[m[K:
[0.474s] [01m[K/usr/include/coin/IpSmartPtr.hpp:18:4:[m[K [01;31m[Kerror: [m[K#error "don't have header file for stddef"
[0.474s]    18 | #  [01;31m[Kerror[m[K "don't have header file for stddef"
[0.475s]       |    [01;31m[K^~~~~[m[K
[0.476s] In file included from [01m[K/usr/include/coin/IpJournalist.hpp:15[m[K,
[0.476s]                  from [01m[K/usr/include/coin/IpIpoptApplication.hpp:26[m[K,
[0.476s]                  from [01m[K/home/wsh/wheeltec/wheeltec_ros2/src/navigation2-humble/nav2_smac_planner/math/discretized_points_smoothing/cos_theta_smoother.cc:19[m[K:
[0.476s] [01m[K/usr/include/coin/IpSmartPtr.hpp:18:4:[m[K [01;31m[Kerror: [m[K#error "don't have header file for stddef"
[0.476s]    18 | #  [01;31m[Kerror[m[K "don't have header file for stddef"
[0.477s]       |    [01;31m[K^~~~~[m[K
[0.483s] In file included from [01m[K/home/wsh/wheeltec/wheeltec_ros2/src/navigation2-humble/nav2_smac_planner/math/discretized_points_smoothing/fem_pos_deviation_ipopt_interface.h:23[m[K,
[0.483s]                  from [01m[K/home/wsh/wheeltec/wheeltec_ros2/src/navigation2-humble/nav2_smac_planner/math/discretized_points_smoothing/fem_pos_deviation_smoother.cc:26[m[K:
[0.483s] [01m[K/usr/local/adolc/include/adolc/adolc_sparse.h:15:10:[m[K [01;31m[Kfatal error: [m[Kadolc/sparse/sparsedrivers.h: No such file or directory
[0.483s]    15 | #include [01;31m[K<adolc/sparse/sparsedrivers.h>[m[K
[0.483s]       |          [01;31m[K^~~~~~~~~~~~~~~~~~~~~~~~~~~~~~[m[K
[0.484s] compilation terminated.
[0.485s] In file included from [01m[K/home/wsh/wheeltec/wheeltec_ros2/src/navigation2-humble/nav2_smac_planner/math/discretized_points_smoothing/cos_theta_ipopt_interface.h:25[m[K,
[0.485s]                  from [01m[K/home/wsh/wheeltec/wheeltec_ros2/src/navigation2-humble/nav2_smac_planner/math/discretized_points_smoothing/cos_theta_smoother.cc:22[m[K:
[0.485s] [01m[K/usr/local/adolc/include/adolc/adolc_sparse.h:15:10:[m[K [01;31m[Kfatal error: [m[Kadolc/sparse/sparsedrivers.h: No such file or directory
[0.485s]    15 | #include [01;31m[K<adolc/sparse/sparsedrivers.h>[m[K
[0.485s]       |          [01;31m[K^~~~~~~~~~~~~~~~~~~~~~~~~~~~~~[m[K
[0.485s] compilation terminated.
[0.485s] gmake[2]: *** [CMakeFiles/nav2_smac_planner_lattice.dir/build.make:424: CMakeFiles/nav2_smac_planner_lattice.dir/math/discretized_points_smoothing/fem_pos_deviation_smoother.cc.o] Error 1
[0.486s] gmake[2]: *** [CMakeFiles/nav2_smac_planner_lattice.dir/build.make:382: CMakeFiles/nav2_smac_planner_lattice.dir/math/discretized_points_smoothing/cos_theta_smoother.cc.o] Error 1
[0.487s] gmake[1]: *** [CMakeFiles/Makefile2:193: CMakeFiles/nav2_smac_planner_lattice.dir/all] Error 2
[0.487s] gmake: *** [Makefile:146: all] Error 2
[0.489s] Invoked command in '/home/wsh/wheeltec/wheeltec_ros2/build/nav2_smac_planner' returned '2': CMAKE_PREFIX_PATH=/home/wsh/wheeltec/wheeltec_ros2/install/nav2_core:/home/wsh/wheeltec/wheeltec_ros2/install/nav2_costmap_2d:/home/wsh/wheeltec/wheeltec_ros2/install/nav2_map_server:/home/wsh/wheeltec/wheeltec_ros2/install/nav2_lifecycle_manager:/home/wsh/wheeltec/wheeltec_ros2/install/nav2_util:/home/wsh/wheeltec/wheeltec_ros2/install/nav2_voxel_grid:/home/wsh/wheeltec/wheeltec_ros2/install/nav2_msgs:/home/wsh/wheeltec/wheeltec_ros2/install/nav2_common:/home/wsh/wheeltec/wheeltec_ros2/install/wheeltec_slam_toolbox:/home/wsh/wheeltec/wheeltec_ros2/install/wheeltec_rviz2:/home/wsh/wheeltec/wheeltec_ros2/install/wheeltec_rrt_msg:/home/wsh/wheeltec/wheeltec_ros2/install/wheeltec_robot_urdf:/home/wsh/wheeltec/wheeltec_ros2/install/wheeltec_robot_rtab:/home/wsh/wheeltec/wheeltec_ros2/install/wheeltec_robot_rrt:/home/wsh/wheeltec/wheeltec_ros2/install/turn_on_wheeltec_robot:/home/wsh/wheeltec/wheeltec_ros2/install/wheeltec_robot_msg:/home/wsh/wheeltec/wheeltec_ros2/install/wheeltec_robot_kcf:/home/wsh/wheeltec/wheeltec_ros2/install/wheeltec_nav2:/home/wsh/wheeltec/wheeltec_ros2/install/wheeltec_joy:/home/wsh/wheeltec/wheeltec_ros2/install/wheeltec_gps_path:/home/wsh/wheeltec/wheeltec_ros2/install/wheeltec_cartographer:/home/wsh/wheeltec/wheeltec_ros2/install/web_video_server:/home/wsh/wheeltec/wheeltec_ros2/install/usb_cam:/home/wsh/wheeltec/wheeltec_ros2/install/slam_gmapping:/home/wsh/wheeltec/wheeltec_ros2/install/serial:/home/wsh/wheeltec/wheeltec_ros2/install/openslam_gmapping:/home/wsh/wheeltec/wheeltec_ros2/install/nmea_msgs:/home/wsh/wheeltec/wheeltec_ros2/install/nav2_bringup:/home/wsh/wheeltec/wheeltec_ros2/install/navigation2:/home/wsh/wheeltec/wheeltec_ros2/install/nav2_smoother:/home/wsh/wheeltec/wheeltec_ros2/install/nav2_dwb_controller:/home/wsh/wheeltec/wheeltec_ros2/install/nav2_controller:/home/wsh/wheeltec/wheeltec_ros2/install/dwb_plugins:/home/wsh/wheeltec/wheeltec_ros2/install/dwb_critics:/home/wsh/wheeltec/wheeltec_ros2/install/dwb_core:/home/wsh/wheeltec/wheeltec_ros2/install/nav_2d_utils:/home/wsh/wheeltec/wheeltec_ros2/install/dwb_msgs:/home/wsh/wheeltec/wheeltec_ros2/install/nav_2d_msgs:/home/wsh/wheeltec/wheeltec_ros2/install/nav2_waypoint_follower:/home/wsh/wheeltec/wheeltec_ros2/install/nav2_theta_star_planner:/home/wsh/wheeltec/wheeltec_ros2/install/nav2_smac_planner:/home/wsh/wheeltec/wheeltec_ros2/install/nav2_regulated_pure_pursuit_controller:/home/wsh/wheeltec/wheeltec_ros2/install/nav2_planner:/home/wsh/wheeltec/wheeltec_ros2/install/nav2_navfn_planner:/home/wsh/wheeltec/wheeltec_ros2/install/nav2_mppi_controller:/home/wsh/wheeltec/wheeltec_ros2/install/nav2_constrained_smoother:/home/wsh/wheeltec/wheeltec_ros2/install/nav2_bt_navigator:/home/wsh/wheeltec/wheeltec_ros2/install/nav2_behaviors:/home/wsh/wheeltec/wheeltec_ros2/install/nav2_collision_monitor:/home/wsh/wheeltec/wheeltec_ros2/install/costmap_queue:/home/wsh/wheeltec/wheeltec_ros2/install/nav2_velocity_smoother:/home/wsh/wheeltec/wheeltec_ros2/install/nav2_rviz_plugins:/home/wsh/wheeltec/wheeltec_ros2/install/nav2_behavior_tree:/home/wsh/wheeltec/wheeltec_ros2/install/nav2_amcl:/home/wsh/wheeltec/wheeltec_ros2/install/lslidar_driver:/home/wsh/wheeltec/wheeltec_ros2/install/lslidar_msgs:/home/wsh/wheeltec/wheeltec_ros2/install/ldlidar_stl_ros2:/home/wsh/wheeltec/wheeltec_ros2/install/ldlidar_sl_ros2:/home/wsh/wheeltec/wheeltec_ros2/install/astra_camera_msgs:/home/wsh/wheeltec/wheeltec_ros2/install/ackermann_msgs:/home/wsh/wheeltec/wheeltec_ros2/install/wheeltec_robot_keyboard:/home/wsh/wheeltec/wheeltec_ros2/install/tf2_tools:/home/wsh/wheeltec/wheeltec_ros2/install/nmea_navsat_driver:/home/wsh/wheeltec/wheeltec_ros2/install/nav2_simple_commander:/home/wsh/wheeltec/wheeltec_ros2/install/auto_recharge_ros2:/opt/ros/humble LD_LIBRARY_PATH=/home/wsh/wheeltec/wheeltec_ros2/install/nav2_costmap_2d/lib:/home/wsh/wheeltec/wheeltec_ros2/install/nav2_map_server/lib:/home/wsh/wheeltec/wheeltec_ros2/install/nav2_lifecycle_manager/lib:/home/wsh/wheeltec/wheeltec_ros2/install/nav2_util/lib:/home/wsh/wheeltec/wheeltec_ros2/install/nav2_voxel_grid/lib:/home/wsh/wheeltec/wheeltec_ros2/install/nav2_msgs/lib:/home/wsh/wheeltec/wheeltec_ros2/install/wheeltec_rrt_msg/lib:/home/wsh/wheeltec/wheeltec_ros2/install/wheeltec_robot_rrt/lib:/home/wsh/wheeltec/wheeltec_ros2/install/turn_on_wheeltec_robot/lib:/home/wsh/wheeltec/wheeltec_ros2/install/wheeltec_robot_msg/lib:/home/wsh/wheeltec/wheeltec_ros2/install/usb_cam/lib:/home/wsh/wheeltec/wheeltec_ros2/install/serial/lib:/home/wsh/wheeltec/wheeltec_ros2/install/openslam_gmapping/lib:/home/wsh/wheeltec/wheeltec_ros2/install/nmea_msgs/lib:/home/wsh/wheeltec/wheeltec_ros2/install/nav2_smoother/lib:/home/wsh/wheeltec/wheeltec_ros2/install/nav2_controller/lib:/home/wsh/wheeltec/wheeltec_ros2/install/dwb_plugins/lib:/home/wsh/wheeltec/wheeltec_ros2/install/dwb_critics/lib:/home/wsh/wheeltec/wheeltec_ros2/install/dwb_core/lib:/home/wsh/wheeltec/wheeltec_ros2/install/nav_2d_utils/lib:/home/wsh/wheeltec/wheeltec_ros2/install/dwb_msgs/lib:/home/wsh/wheeltec/wheeltec_ros2/install/nav_2d_msgs/lib:/home/wsh/wheeltec/wheeltec_ros2/install/nav2_waypoint_follower/lib:/home/wsh/wheeltec/wheeltec_ros2/install/nav2_theta_star_planner/lib:/home/wsh/wheeltec/wheeltec_ros2/install/nav2_smac_planner/lib:/home/wsh/wheeltec/wheeltec_ros2/install/nav2_regulated_pure_pursuit_controller/lib:/home/wsh/wheeltec/wheeltec_ros2/install/nav2_planner/lib:/home/wsh/wheeltec/wheeltec_ros2/install/nav2_navfn_planner/lib:/home/wsh/wheeltec/wheeltec_ros2/install/nav2_mppi_controller/lib:/home/wsh/wheeltec/wheeltec_ros2/install/nav2_constrained_smoother/lib:/home/wsh/wheeltec/wheeltec_ros2/install/nav2_bt_navigator/lib:/home/wsh/wheeltec/wheeltec_ros2/install/nav2_behaviors/lib:/home/wsh/wheeltec/wheeltec_ros2/install/nav2_collision_monitor/lib:/home/wsh/wheeltec/wheeltec_ros2/install/costmap_queue/lib:/home/wsh/wheeltec/wheeltec_ros2/install/nav2_velocity_smoother/lib:/home/wsh/wheeltec/wheeltec_ros2/install/nav2_rviz_plugins/lib:/home/wsh/wheeltec/wheeltec_ros2/install/nav2_behavior_tree/lib:/home/wsh/wheeltec/wheeltec_ros2/install/nav2_amcl/lib:/home/wsh/wheeltec/wheeltec_ros2/install/lslidar_msgs/lib:/home/wsh/wheeltec/wheeltec_ros2/install/astra_camera_msgs/lib:/home/wsh/wheeltec/wheeltec_ros2/install/ackermann_msgs/lib:/usr/local/adolc/lib:/usr/local/lib:/usr/local/adolc/lib:/usr/local/lib:/usr/lib/x86_64-linux-gnu/gazebo-11/plugins:/opt/ros/humble/opt/rviz_ogre_vendor/lib:/opt/ros/humble/lib/x86_64-linux-gnu:/opt/ros/humble/lib /usr/bin/cmake --build /home/wsh/wheeltec/wheeltec_ros2/build/nav2_smac_planner -- -j20 -l20
