[35m[1mConsolidate compiler generated dependencies of target nav2_smac_planner_lattice[0m
[35m[1mConsolidate compiler generated dependencies of target nav2_smac_planner_2d[0m
[35m[1mConsolidate compiler generated dependencies of target nav2_smac_planner[0m
[  2%] [32mBuilding CXX object CMakeFiles/nav2_smac_planner_lattice.dir/src/a_star.cpp.o[0m
[  2%] [32mBuilding CXX object CMakeFiles/nav2_smac_planner_2d.dir/src/smac_planner_2d.cpp.o[0m
[  3%] [32mBuilding CXX object CMakeFiles/nav2_smac_planner_lattice.dir/src/smoother.cpp.o[0m
[  4%] [32mBuilding CXX object CMakeFiles/nav2_smac_planner_2d.dir/src/a_star.cpp.o[0m
[  5%] [32mBuilding CXX object CMakeFiles/nav2_smac_planner_lattice.dir/src/smac_planner_lattice.cpp.o[0m
[  6%] [32mBuilding CXX object CMakeFiles/nav2_smac_planner.dir/src/smac_planner_hybrid.cpp.o[0m
[  7%] [32mBuilding CXX object CMakeFiles/nav2_smac_planner.dir/src/a_star.cpp.o[0m
[  7%] [32mBuilding CXX object CMakeFiles/nav2_smac_planner_lattice.dir/src/analytic_expansion.cpp.o[0m
[  8%] [32mBuilding CXX object CMakeFiles/nav2_smac_planner_lattice.dir/src/node_hybrid.cpp.o[0m
[  9%] [32mBuilding CXX object CMakeFiles/nav2_smac_planner_2d.dir/src/node_hybrid.cpp.o[0m
[ 10%] [32mBuilding CXX object CMakeFiles/nav2_smac_planner.dir/src/node_hybrid.cpp.o[0m
[ 11%] [32mBuilding CXX object CMakeFiles/nav2_smac_planner_lattice.dir/src/node_lattice.cpp.o[0m
[ 12%] [32mBuilding CXX object CMakeFiles/nav2_smac_planner_lattice.dir/src/costmap_downsampler.cpp.o[0m
[ 14%] [32mBuilding CXX object CMakeFiles/nav2_smac_planner_2d.dir/src/smoother.cpp.o[0m
[ 13%] [32mBuilding CXX object CMakeFiles/nav2_smac_planner.dir/src/analytic_expansion.cpp.o[0m
[ 15%] [32mBuilding CXX object CMakeFiles/nav2_smac_planner_2d.dir/src/analytic_expansion.cpp.o[0m
[ 16%] [32mBuilding CXX object CMakeFiles/nav2_smac_planner.dir/src/node_lattice.cpp.o[0m
[ 17%] [32mBuilding CXX object CMakeFiles/nav2_smac_planner_2d.dir/src/node_lattice.cpp.o[0m
[ 18%] [32mBuilding CXX object CMakeFiles/nav2_smac_planner.dir/src/smoother.cpp.o[0m
[ 19%] [32mBuilding CXX object CMakeFiles/nav2_smac_planner.dir/src/costmap_downsampler.cpp.o[0m
[ 20%] [32mBuilding CXX object CMakeFiles/nav2_smac_planner_2d.dir/src/costmap_downsampler.cpp.o[0m
[ 20%] [32mBuilding CXX object CMakeFiles/nav2_smac_planner.dir/src/node_2d.cpp.o[0m
[ 21%] [32mBuilding CXX object CMakeFiles/nav2_smac_planner.dir/src/node_basic.cpp.o[0m
[ 22%] [32mBuilding CXX object CMakeFiles/nav2_smac_planner_2d.dir/src/node_2d.cpp.o[0m
[ 23%] [32mBuilding CXX object CMakeFiles/nav2_smac_planner_lattice.dir/src/node_2d.cpp.o[0m
[ 24%] [32mBuilding CXX object CMakeFiles/nav2_smac_planner.dir/math/vec2d.cc.o[0m
[ 25%] [32mBuilding CXX object CMakeFiles/nav2_smac_planner.dir/math/discrete_points_math.cc.o[0m
[ 26%] [32mBuilding CXX object CMakeFiles/nav2_smac_planner.dir/math/aabox2d.cc.o[0m
[ 27%] [32mBuilding CXX object CMakeFiles/nav2_smac_planner_lattice.dir/src/node_basic.cpp.o[0m
[ 28%] [32mBuilding CXX object CMakeFiles/nav2_smac_planner_2d.dir/src/node_basic.cpp.o[0m
[ 29%] [32mBuilding CXX object CMakeFiles/nav2_smac_planner.dir/math/box2d.cc.o[0m
[ 30%] [32mBuilding CXX object CMakeFiles/nav2_smac_planner_lattice.dir/math/vec2d.cc.o[0m
[ 31%] [32mBuilding CXX object CMakeFiles/nav2_smac_planner_lattice.dir/math/discrete_points_math.cc.o[0m
[ 32%] [32mBuilding CXX object CMakeFiles/nav2_smac_planner_2d.dir/math/vec2d.cc.o[0m
[ 33%] [32mBuilding CXX object CMakeFiles/nav2_smac_planner.dir/math/discretized_path.cc.o[0m
[ 34%] [32mBuilding CXX object CMakeFiles/nav2_smac_planner.dir/math/line_segment2d.cc.o[0m
[ 35%] [32mBuilding CXX object CMakeFiles/nav2_smac_planner.dir/math/math_utils.cc.o[0m
[ 36%] [32mBuilding CXX object CMakeFiles/nav2_smac_planner_lattice.dir/math/aabox2d.cc.o[0m
[ 37%] [32mBuilding CXX object CMakeFiles/nav2_smac_planner.dir/math/polygon2d.cc.o[0m
[ 38%] [32mBuilding CXX object CMakeFiles/nav2_smac_planner_lattice.dir/math/box2d.cc.o[0m
[ 39%] [32mBuilding CXX object CMakeFiles/nav2_smac_planner_lattice.dir/math/discretized_path.cc.o[0m
[ 40%] [32mBuilding CXX object CMakeFiles/nav2_smac_planner_2d.dir/math/discrete_points_math.cc.o[0m
[ 41%] [32mBuilding CXX object CMakeFiles/nav2_smac_planner_2d.dir/math/aabox2d.cc.o[0m
[ 42%] [32mBuilding CXX object CMakeFiles/nav2_smac_planner_lattice.dir/math/line_segment2d.cc.o[0m
[ 43%] [32mBuilding CXX object CMakeFiles/nav2_smac_planner_lattice.dir/math/math_utils.cc.o[0m
[ 43%] [32mBuilding CXX object CMakeFiles/nav2_smac_planner_2d.dir/math/box2d.cc.o[0m
[ 44%] [32mBuilding CXX object CMakeFiles/nav2_smac_planner_2d.dir/math/discretized_path.cc.o[0m
[ 45%] [32mBuilding CXX object CMakeFiles/nav2_smac_planner_2d.dir/math/line_segment2d.cc.o[0m
[ 45%] [32mBuilding CXX object CMakeFiles/nav2_smac_planner_lattice.dir/math/polygon2d.cc.o[0m
[ 46%] [32mBuilding CXX object CMakeFiles/nav2_smac_planner_2d.dir/math/math_utils.cc.o[0m
[ 47%] [32mBuilding CXX object CMakeFiles/nav2_smac_planner_2d.dir/math/polygon2d.cc.o[0m
[ 48%] [32mBuilding CXX object CMakeFiles/nav2_smac_planner_2d.dir/math/discretized_points_smoothing/cos_theta_ipopt_interface.cc.o[0m
[ 49%] [32mBuilding CXX object CMakeFiles/nav2_smac_planner_2d.dir/math/discretized_points_smoothing/cos_theta_smoother.cc.o[0m
