[0.052s] Invoking command in '/home/wsh/wheeltec/wheeltec_ros2/build/turn_on_wheeltec_robot': CMAKE_PREFIX_PATH=/home/wsh/wheeltec/wheeltec_ros2/install/nav2_msgs:/home/wsh/wheeltec/wheeltec_ros2/install/wheeltec_robot_msg:/home/wsh/wheeltec/wheeltec_ros2/install/serial:/home/wsh/wheeltec/wheeltec_ros2/install/nav2_common:/home/wsh/wheeltec/wheeltec_ros2/install/ackermann_msgs:/home/wsh/wheeltec/wheeltec_ros2/install/wheeltec_slam_toolbox:/home/wsh/wheeltec/wheeltec_ros2/install/wheeltec_rviz2:/home/wsh/wheeltec/wheeltec_ros2/install/wheeltec_rrt_msg:/home/wsh/wheeltec/wheeltec_ros2/install/wheeltec_robot_urdf:/home/wsh/wheeltec/wheeltec_ros2/install/wheeltec_robot_rtab:/home/wsh/wheeltec/wheeltec_ros2/install/wheeltec_robot_rrt:/home/wsh/wheeltec/wheeltec_ros2/install/turn_on_wheeltec_robot:/home/wsh/wheeltec/wheeltec_ros2/install/wheeltec_robot_kcf:/home/wsh/wheeltec/wheeltec_ros2/install/wheeltec_nav2:/home/wsh/wheeltec/wheeltec_ros2/install/wheeltec_joy:/home/wsh/wheeltec/wheeltec_ros2/install/wheeltec_gps_path:/home/wsh/wheeltec/wheeltec_ros2/install/wheeltec_cartographer:/home/wsh/wheeltec/wheeltec_ros2/install/web_video_server:/home/wsh/wheeltec/wheeltec_ros2/install/usb_cam:/home/wsh/wheeltec/wheeltec_ros2/install/slam_gmapping:/home/wsh/wheeltec/wheeltec_ros2/install/openslam_gmapping:/home/wsh/wheeltec/wheeltec_ros2/install/nmea_msgs:/home/wsh/wheeltec/wheeltec_ros2/install/nav2_bringup:/home/wsh/wheeltec/wheeltec_ros2/install/navigation2:/home/wsh/wheeltec/wheeltec_ros2/install/nav2_smoother:/home/wsh/wheeltec/wheeltec_ros2/install/nav2_dwb_controller:/home/wsh/wheeltec/wheeltec_ros2/install/nav2_controller:/home/wsh/wheeltec/wheeltec_ros2/install/dwb_plugins:/home/wsh/wheeltec/wheeltec_ros2/install/dwb_critics:/home/wsh/wheeltec/wheeltec_ros2/install/dwb_core:/home/wsh/wheeltec/wheeltec_ros2/install/nav_2d_utils:/home/wsh/wheeltec/wheeltec_ros2/install/dwb_msgs:/home/wsh/wheeltec/wheeltec_ros2/install/nav_2d_msgs:/home/wsh/wheeltec/wheeltec_ros2/install/nav2_waypoint_follower:/home/wsh/wheeltec/wheeltec_ros2/install/nav2_theta_star_planner:/home/wsh/wheeltec/wheeltec_ros2/install/nav2_smac_planner:/home/wsh/wheeltec/wheeltec_ros2/install/nav2_regulated_pure_pursuit_controller:/home/wsh/wheeltec/wheeltec_ros2/install/nav2_planner:/home/wsh/wheeltec/wheeltec_ros2/install/nav2_navfn_planner:/home/wsh/wheeltec/wheeltec_ros2/install/nav2_mppi_controller:/home/wsh/wheeltec/wheeltec_ros2/install/nav2_constrained_smoother:/home/wsh/wheeltec/wheeltec_ros2/install/nav2_bt_navigator:/home/wsh/wheeltec/wheeltec_ros2/install/nav2_behaviors:/home/wsh/wheeltec/wheeltec_ros2/install/nav2_core:/home/wsh/wheeltec/wheeltec_ros2/install/nav2_collision_monitor:/home/wsh/wheeltec/wheeltec_ros2/install/costmap_queue:/home/wsh/wheeltec/wheeltec_ros2/install/nav2_costmap_2d:/home/wsh/wheeltec/wheeltec_ros2/install/nav2_voxel_grid:/home/wsh/wheeltec/wheeltec_ros2/install/nav2_velocity_smoother:/home/wsh/wheeltec/wheeltec_ros2/install/nav2_rviz_plugins:/home/wsh/wheeltec/wheeltec_ros2/install/nav2_map_server:/home/wsh/wheeltec/wheeltec_ros2/install/nav2_lifecycle_manager:/home/wsh/wheeltec/wheeltec_ros2/install/nav2_behavior_tree:/home/wsh/wheeltec/wheeltec_ros2/install/nav2_amcl:/home/wsh/wheeltec/wheeltec_ros2/install/nav2_util:/home/wsh/wheeltec/wheeltec_ros2/install/lslidar_driver:/home/wsh/wheeltec/wheeltec_ros2/install/lslidar_msgs:/home/wsh/wheeltec/wheeltec_ros2/install/ldlidar_stl_ros2:/home/wsh/wheeltec/wheeltec_ros2/install/ldlidar_sl_ros2:/home/wsh/wheeltec/wheeltec_ros2/install/astra_camera_msgs:/home/wsh/wheeltec/wheeltec_ros2/install/wheeltec_robot_keyboard:/home/wsh/wheeltec/wheeltec_ros2/install/tf2_tools:/home/wsh/wheeltec/wheeltec_ros2/install/nmea_navsat_driver:/home/wsh/wheeltec/wheeltec_ros2/install/nav2_simple_commander:/home/wsh/wheeltec/wheeltec_ros2/install/auto_recharge_ros2:/opt/ros/humble LD_LIBRARY_PATH=/home/wsh/wheeltec/wheeltec_ros2/install/nav2_msgs/lib:/home/wsh/wheeltec/wheeltec_ros2/install/wheeltec_robot_msg/lib:/home/wsh/wheeltec/wheeltec_ros2/install/ackermann_msgs/lib:/home/wsh/wheeltec/wheeltec_ros2/install/wheeltec_rrt_msg/lib:/home/wsh/wheeltec/wheeltec_ros2/install/wheeltec_robot_rrt/lib:/home/wsh/wheeltec/wheeltec_ros2/install/turn_on_wheeltec_robot/lib:/home/wsh/wheeltec/wheeltec_ros2/install/usb_cam/lib:/home/wsh/wheeltec/wheeltec_ros2/install/serial/lib:/home/wsh/wheeltec/wheeltec_ros2/install/openslam_gmapping/lib:/home/wsh/wheeltec/wheeltec_ros2/install/nmea_msgs/lib:/home/wsh/wheeltec/wheeltec_ros2/install/nav2_smoother/lib:/home/wsh/wheeltec/wheeltec_ros2/install/nav2_controller/lib:/home/wsh/wheeltec/wheeltec_ros2/install/dwb_plugins/lib:/home/wsh/wheeltec/wheeltec_ros2/install/dwb_critics/lib:/home/wsh/wheeltec/wheeltec_ros2/install/dwb_core/lib:/home/wsh/wheeltec/wheeltec_ros2/install/nav_2d_utils/lib:/home/wsh/wheeltec/wheeltec_ros2/install/dwb_msgs/lib:/home/wsh/wheeltec/wheeltec_ros2/install/nav_2d_msgs/lib:/home/wsh/wheeltec/wheeltec_ros2/install/nav2_waypoint_follower/lib:/home/wsh/wheeltec/wheeltec_ros2/install/nav2_theta_star_planner/lib:/home/wsh/wheeltec/wheeltec_ros2/install/nav2_smac_planner/lib:/home/wsh/wheeltec/wheeltec_ros2/install/nav2_regulated_pure_pursuit_controller/lib:/home/wsh/wheeltec/wheeltec_ros2/install/nav2_planner/lib:/home/wsh/wheeltec/wheeltec_ros2/install/nav2_navfn_planner/lib:/home/wsh/wheeltec/wheeltec_ros2/install/nav2_mppi_controller/lib:/home/wsh/wheeltec/wheeltec_ros2/install/nav2_constrained_smoother/lib:/home/wsh/wheeltec/wheeltec_ros2/install/nav2_bt_navigator/lib:/home/wsh/wheeltec/wheeltec_ros2/install/nav2_behaviors/lib:/home/wsh/wheeltec/wheeltec_ros2/install/nav2_collision_monitor/lib:/home/wsh/wheeltec/wheeltec_ros2/install/costmap_queue/lib:/home/wsh/wheeltec/wheeltec_ros2/install/nav2_costmap_2d/lib:/home/wsh/wheeltec/wheeltec_ros2/install/nav2_voxel_grid/lib:/home/wsh/wheeltec/wheeltec_ros2/install/nav2_velocity_smoother/lib:/home/wsh/wheeltec/wheeltec_ros2/install/nav2_rviz_plugins/lib:/home/wsh/wheeltec/wheeltec_ros2/install/nav2_map_server/lib:/home/wsh/wheeltec/wheeltec_ros2/install/nav2_lifecycle_manager/lib:/home/wsh/wheeltec/wheeltec_ros2/install/nav2_behavior_tree/lib:/home/wsh/wheeltec/wheeltec_ros2/install/nav2_amcl/lib:/home/wsh/wheeltec/wheeltec_ros2/install/nav2_util/lib:/home/wsh/wheeltec/wheeltec_ros2/install/lslidar_msgs/lib:/home/wsh/wheeltec/wheeltec_ros2/install/astra_camera_msgs/lib:/usr/local/adolc/lib:/usr/local/lib:/usr/local/adolc/lib:/usr/local/lib:/usr/lib/x86_64-linux-gnu/gazebo-11/plugins:/opt/ros/humble/opt/rviz_ogre_vendor/lib:/opt/ros/humble/lib/x86_64-linux-gnu:/opt/ros/humble/lib /usr/bin/cmake --build /home/wsh/wheeltec/wheeltec_ros2/build/turn_on_wheeltec_robot -- -j20 -l20
[0.144s] [  8%] Built target turn_on_wheeltec_robot__rosidl_generator_c
[0.144s] [ 11%] Built target turn_on_wheeltec_robot__cpp
[0.179s] [ 20%] Built target wheeltec_robot_node
[0.180s] [ 20%] Built target ament_cmake_python_copy_turn_on_wheeltec_robot
[0.204s] [ 32%] Built target turn_on_wheeltec_robot__rosidl_typesupport_introspection_cpp
[0.204s] [ 38%] Built target turn_on_wheeltec_robot__rosidl_typesupport_fastrtps_c
[0.211s] [ 47%] Built target turn_on_wheeltec_robot__rosidl_typesupport_fastrtps_cpp
[0.213s] [ 55%] Built target turn_on_wheeltec_robot__rosidl_typesupport_introspection_c
[0.214s] [ 64%] Built target turn_on_wheeltec_robot__rosidl_typesupport_c
[0.214s] [ 73%] Built target turn_on_wheeltec_robot__rosidl_typesupport_cpp
[0.240s] [ 73%] Built target turn_on_wheeltec_robot
[0.268s] [ 76%] Built target turn_on_wheeltec_robot__py
[0.304s] [ 82%] Built target turn_on_wheeltec_robot__rosidl_generator_py
[0.335s] [ 94%] Built target turn_on_wheeltec_robot__rosidl_typesupport_c__pyext
[0.335s] [ 94%] Built target turn_on_wheeltec_robot__rosidl_typesupport_fastrtps_c__pyext
[0.336s] [100%] Built target turn_on_wheeltec_robot__rosidl_typesupport_introspection_c__pyext
[0.357s] running egg_info
[0.366s] writing turn_on_wheeltec_robot.egg-info/PKG-INFO
[0.367s] writing dependency_links to turn_on_wheeltec_robot.egg-info/dependency_links.txt
[0.367s] writing top-level names to turn_on_wheeltec_robot.egg-info/top_level.txt
[0.408s] reading manifest file 'turn_on_wheeltec_robot.egg-info/SOURCES.txt'
[0.409s] writing manifest file 'turn_on_wheeltec_robot.egg-info/SOURCES.txt'
[0.441s] [100%] Built target ament_cmake_python_build_turn_on_wheeltec_robot_egg
[0.461s] Invoked command in '/home/wsh/wheeltec/wheeltec_ros2/build/turn_on_wheeltec_robot' returned '0': CMAKE_PREFIX_PATH=/home/wsh/wheeltec/wheeltec_ros2/install/nav2_msgs:/home/wsh/wheeltec/wheeltec_ros2/install/wheeltec_robot_msg:/home/wsh/wheeltec/wheeltec_ros2/install/serial:/home/wsh/wheeltec/wheeltec_ros2/install/nav2_common:/home/wsh/wheeltec/wheeltec_ros2/install/ackermann_msgs:/home/wsh/wheeltec/wheeltec_ros2/install/wheeltec_slam_toolbox:/home/wsh/wheeltec/wheeltec_ros2/install/wheeltec_rviz2:/home/wsh/wheeltec/wheeltec_ros2/install/wheeltec_rrt_msg:/home/wsh/wheeltec/wheeltec_ros2/install/wheeltec_robot_urdf:/home/wsh/wheeltec/wheeltec_ros2/install/wheeltec_robot_rtab:/home/wsh/wheeltec/wheeltec_ros2/install/wheeltec_robot_rrt:/home/wsh/wheeltec/wheeltec_ros2/install/turn_on_wheeltec_robot:/home/wsh/wheeltec/wheeltec_ros2/install/wheeltec_robot_kcf:/home/wsh/wheeltec/wheeltec_ros2/install/wheeltec_nav2:/home/wsh/wheeltec/wheeltec_ros2/install/wheeltec_joy:/home/wsh/wheeltec/wheeltec_ros2/install/wheeltec_gps_path:/home/wsh/wheeltec/wheeltec_ros2/install/wheeltec_cartographer:/home/wsh/wheeltec/wheeltec_ros2/install/web_video_server:/home/wsh/wheeltec/wheeltec_ros2/install/usb_cam:/home/wsh/wheeltec/wheeltec_ros2/install/slam_gmapping:/home/wsh/wheeltec/wheeltec_ros2/install/openslam_gmapping:/home/wsh/wheeltec/wheeltec_ros2/install/nmea_msgs:/home/wsh/wheeltec/wheeltec_ros2/install/nav2_bringup:/home/wsh/wheeltec/wheeltec_ros2/install/navigation2:/home/wsh/wheeltec/wheeltec_ros2/install/nav2_smoother:/home/wsh/wheeltec/wheeltec_ros2/install/nav2_dwb_controller:/home/wsh/wheeltec/wheeltec_ros2/install/nav2_controller:/home/wsh/wheeltec/wheeltec_ros2/install/dwb_plugins:/home/wsh/wheeltec/wheeltec_ros2/install/dwb_critics:/home/wsh/wheeltec/wheeltec_ros2/install/dwb_core:/home/wsh/wheeltec/wheeltec_ros2/install/nav_2d_utils:/home/wsh/wheeltec/wheeltec_ros2/install/dwb_msgs:/home/wsh/wheeltec/wheeltec_ros2/install/nav_2d_msgs:/home/wsh/wheeltec/wheeltec_ros2/install/nav2_waypoint_follower:/home/wsh/wheeltec/wheeltec_ros2/install/nav2_theta_star_planner:/home/wsh/wheeltec/wheeltec_ros2/install/nav2_smac_planner:/home/wsh/wheeltec/wheeltec_ros2/install/nav2_regulated_pure_pursuit_controller:/home/wsh/wheeltec/wheeltec_ros2/install/nav2_planner:/home/wsh/wheeltec/wheeltec_ros2/install/nav2_navfn_planner:/home/wsh/wheeltec/wheeltec_ros2/install/nav2_mppi_controller:/home/wsh/wheeltec/wheeltec_ros2/install/nav2_constrained_smoother:/home/wsh/wheeltec/wheeltec_ros2/install/nav2_bt_navigator:/home/wsh/wheeltec/wheeltec_ros2/install/nav2_behaviors:/home/wsh/wheeltec/wheeltec_ros2/install/nav2_core:/home/wsh/wheeltec/wheeltec_ros2/install/nav2_collision_monitor:/home/wsh/wheeltec/wheeltec_ros2/install/costmap_queue:/home/wsh/wheeltec/wheeltec_ros2/install/nav2_costmap_2d:/home/wsh/wheeltec/wheeltec_ros2/install/nav2_voxel_grid:/home/wsh/wheeltec/wheeltec_ros2/install/nav2_velocity_smoother:/home/wsh/wheeltec/wheeltec_ros2/install/nav2_rviz_plugins:/home/wsh/wheeltec/wheeltec_ros2/install/nav2_map_server:/home/wsh/wheeltec/wheeltec_ros2/install/nav2_lifecycle_manager:/home/wsh/wheeltec/wheeltec_ros2/install/nav2_behavior_tree:/home/wsh/wheeltec/wheeltec_ros2/install/nav2_amcl:/home/wsh/wheeltec/wheeltec_ros2/install/nav2_util:/home/wsh/wheeltec/wheeltec_ros2/install/lslidar_driver:/home/wsh/wheeltec/wheeltec_ros2/install/lslidar_msgs:/home/wsh/wheeltec/wheeltec_ros2/install/ldlidar_stl_ros2:/home/wsh/wheeltec/wheeltec_ros2/install/ldlidar_sl_ros2:/home/wsh/wheeltec/wheeltec_ros2/install/astra_camera_msgs:/home/wsh/wheeltec/wheeltec_ros2/install/wheeltec_robot_keyboard:/home/wsh/wheeltec/wheeltec_ros2/install/tf2_tools:/home/wsh/wheeltec/wheeltec_ros2/install/nmea_navsat_driver:/home/wsh/wheeltec/wheeltec_ros2/install/nav2_simple_commander:/home/wsh/wheeltec/wheeltec_ros2/install/auto_recharge_ros2:/opt/ros/humble LD_LIBRARY_PATH=/home/wsh/wheeltec/wheeltec_ros2/install/nav2_msgs/lib:/home/wsh/wheeltec/wheeltec_ros2/install/wheeltec_robot_msg/lib:/home/wsh/wheeltec/wheeltec_ros2/install/ackermann_msgs/lib:/home/wsh/wheeltec/wheeltec_ros2/install/wheeltec_rrt_msg/lib:/home/wsh/wheeltec/wheeltec_ros2/install/wheeltec_robot_rrt/lib:/home/wsh/wheeltec/wheeltec_ros2/install/turn_on_wheeltec_robot/lib:/home/wsh/wheeltec/wheeltec_ros2/install/usb_cam/lib:/home/wsh/wheeltec/wheeltec_ros2/install/serial/lib:/home/wsh/wheeltec/wheeltec_ros2/install/openslam_gmapping/lib:/home/wsh/wheeltec/wheeltec_ros2/install/nmea_msgs/lib:/home/wsh/wheeltec/wheeltec_ros2/install/nav2_smoother/lib:/home/wsh/wheeltec/wheeltec_ros2/install/nav2_controller/lib:/home/wsh/wheeltec/wheeltec_ros2/install/dwb_plugins/lib:/home/wsh/wheeltec/wheeltec_ros2/install/dwb_critics/lib:/home/wsh/wheeltec/wheeltec_ros2/install/dwb_core/lib:/home/wsh/wheeltec/wheeltec_ros2/install/nav_2d_utils/lib:/home/wsh/wheeltec/wheeltec_ros2/install/dwb_msgs/lib:/home/wsh/wheeltec/wheeltec_ros2/install/nav_2d_msgs/lib:/home/wsh/wheeltec/wheeltec_ros2/install/nav2_waypoint_follower/lib:/home/wsh/wheeltec/wheeltec_ros2/install/nav2_theta_star_planner/lib:/home/wsh/wheeltec/wheeltec_ros2/install/nav2_smac_planner/lib:/home/wsh/wheeltec/wheeltec_ros2/install/nav2_regulated_pure_pursuit_controller/lib:/home/wsh/wheeltec/wheeltec_ros2/install/nav2_planner/lib:/home/wsh/wheeltec/wheeltec_ros2/install/nav2_navfn_planner/lib:/home/wsh/wheeltec/wheeltec_ros2/install/nav2_mppi_controller/lib:/home/wsh/wheeltec/wheeltec_ros2/install/nav2_constrained_smoother/lib:/home/wsh/wheeltec/wheeltec_ros2/install/nav2_bt_navigator/lib:/home/wsh/wheeltec/wheeltec_ros2/install/nav2_behaviors/lib:/home/wsh/wheeltec/wheeltec_ros2/install/nav2_collision_monitor/lib:/home/wsh/wheeltec/wheeltec_ros2/install/costmap_queue/lib:/home/wsh/wheeltec/wheeltec_ros2/install/nav2_costmap_2d/lib:/home/wsh/wheeltec/wheeltec_ros2/install/nav2_voxel_grid/lib:/home/wsh/wheeltec/wheeltec_ros2/install/nav2_velocity_smoother/lib:/home/wsh/wheeltec/wheeltec_ros2/install/nav2_rviz_plugins/lib:/home/wsh/wheeltec/wheeltec_ros2/install/nav2_map_server/lib:/home/wsh/wheeltec/wheeltec_ros2/install/nav2_lifecycle_manager/lib:/home/wsh/wheeltec/wheeltec_ros2/install/nav2_behavior_tree/lib:/home/wsh/wheeltec/wheeltec_ros2/install/nav2_amcl/lib:/home/wsh/wheeltec/wheeltec_ros2/install/nav2_util/lib:/home/wsh/wheeltec/wheeltec_ros2/install/lslidar_msgs/lib:/home/wsh/wheeltec/wheeltec_ros2/install/astra_camera_msgs/lib:/usr/local/adolc/lib:/usr/local/lib:/usr/local/adolc/lib:/usr/local/lib:/usr/lib/x86_64-linux-gnu/gazebo-11/plugins:/opt/ros/humble/opt/rviz_ogre_vendor/lib:/opt/ros/humble/lib/x86_64-linux-gnu:/opt/ros/humble/lib /usr/bin/cmake --build /home/wsh/wheeltec/wheeltec_ros2/build/turn_on_wheeltec_robot -- -j20 -l20
[0.682s] Invoking command in '/home/wsh/wheeltec/wheeltec_ros2/build/turn_on_wheeltec_robot': CMAKE_PREFIX_PATH=/home/wsh/wheeltec/wheeltec_ros2/install/nav2_msgs:/home/wsh/wheeltec/wheeltec_ros2/install/wheeltec_robot_msg:/home/wsh/wheeltec/wheeltec_ros2/install/serial:/home/wsh/wheeltec/wheeltec_ros2/install/nav2_common:/home/wsh/wheeltec/wheeltec_ros2/install/ackermann_msgs:/home/wsh/wheeltec/wheeltec_ros2/install/wheeltec_slam_toolbox:/home/wsh/wheeltec/wheeltec_ros2/install/wheeltec_rviz2:/home/wsh/wheeltec/wheeltec_ros2/install/wheeltec_rrt_msg:/home/wsh/wheeltec/wheeltec_ros2/install/wheeltec_robot_urdf:/home/wsh/wheeltec/wheeltec_ros2/install/wheeltec_robot_rtab:/home/wsh/wheeltec/wheeltec_ros2/install/wheeltec_robot_rrt:/home/wsh/wheeltec/wheeltec_ros2/install/turn_on_wheeltec_robot:/home/wsh/wheeltec/wheeltec_ros2/install/wheeltec_robot_kcf:/home/wsh/wheeltec/wheeltec_ros2/install/wheeltec_nav2:/home/wsh/wheeltec/wheeltec_ros2/install/wheeltec_joy:/home/wsh/wheeltec/wheeltec_ros2/install/wheeltec_gps_path:/home/wsh/wheeltec/wheeltec_ros2/install/wheeltec_cartographer:/home/wsh/wheeltec/wheeltec_ros2/install/web_video_server:/home/wsh/wheeltec/wheeltec_ros2/install/usb_cam:/home/wsh/wheeltec/wheeltec_ros2/install/slam_gmapping:/home/wsh/wheeltec/wheeltec_ros2/install/openslam_gmapping:/home/wsh/wheeltec/wheeltec_ros2/install/nmea_msgs:/home/wsh/wheeltec/wheeltec_ros2/install/nav2_bringup:/home/wsh/wheeltec/wheeltec_ros2/install/navigation2:/home/wsh/wheeltec/wheeltec_ros2/install/nav2_smoother:/home/wsh/wheeltec/wheeltec_ros2/install/nav2_dwb_controller:/home/wsh/wheeltec/wheeltec_ros2/install/nav2_controller:/home/wsh/wheeltec/wheeltec_ros2/install/dwb_plugins:/home/wsh/wheeltec/wheeltec_ros2/install/dwb_critics:/home/wsh/wheeltec/wheeltec_ros2/install/dwb_core:/home/wsh/wheeltec/wheeltec_ros2/install/nav_2d_utils:/home/wsh/wheeltec/wheeltec_ros2/install/dwb_msgs:/home/wsh/wheeltec/wheeltec_ros2/install/nav_2d_msgs:/home/wsh/wheeltec/wheeltec_ros2/install/nav2_waypoint_follower:/home/wsh/wheeltec/wheeltec_ros2/install/nav2_theta_star_planner:/home/wsh/wheeltec/wheeltec_ros2/install/nav2_smac_planner:/home/wsh/wheeltec/wheeltec_ros2/install/nav2_regulated_pure_pursuit_controller:/home/wsh/wheeltec/wheeltec_ros2/install/nav2_planner:/home/wsh/wheeltec/wheeltec_ros2/install/nav2_navfn_planner:/home/wsh/wheeltec/wheeltec_ros2/install/nav2_mppi_controller:/home/wsh/wheeltec/wheeltec_ros2/install/nav2_constrained_smoother:/home/wsh/wheeltec/wheeltec_ros2/install/nav2_bt_navigator:/home/wsh/wheeltec/wheeltec_ros2/install/nav2_behaviors:/home/wsh/wheeltec/wheeltec_ros2/install/nav2_core:/home/wsh/wheeltec/wheeltec_ros2/install/nav2_collision_monitor:/home/wsh/wheeltec/wheeltec_ros2/install/costmap_queue:/home/wsh/wheeltec/wheeltec_ros2/install/nav2_costmap_2d:/home/wsh/wheeltec/wheeltec_ros2/install/nav2_voxel_grid:/home/wsh/wheeltec/wheeltec_ros2/install/nav2_velocity_smoother:/home/wsh/wheeltec/wheeltec_ros2/install/nav2_rviz_plugins:/home/wsh/wheeltec/wheeltec_ros2/install/nav2_map_server:/home/wsh/wheeltec/wheeltec_ros2/install/nav2_lifecycle_manager:/home/wsh/wheeltec/wheeltec_ros2/install/nav2_behavior_tree:/home/wsh/wheeltec/wheeltec_ros2/install/nav2_amcl:/home/wsh/wheeltec/wheeltec_ros2/install/nav2_util:/home/wsh/wheeltec/wheeltec_ros2/install/lslidar_driver:/home/wsh/wheeltec/wheeltec_ros2/install/lslidar_msgs:/home/wsh/wheeltec/wheeltec_ros2/install/ldlidar_stl_ros2:/home/wsh/wheeltec/wheeltec_ros2/install/ldlidar_sl_ros2:/home/wsh/wheeltec/wheeltec_ros2/install/astra_camera_msgs:/home/wsh/wheeltec/wheeltec_ros2/install/wheeltec_robot_keyboard:/home/wsh/wheeltec/wheeltec_ros2/install/tf2_tools:/home/wsh/wheeltec/wheeltec_ros2/install/nmea_navsat_driver:/home/wsh/wheeltec/wheeltec_ros2/install/nav2_simple_commander:/home/wsh/wheeltec/wheeltec_ros2/install/auto_recharge_ros2:/opt/ros/humble LD_LIBRARY_PATH=/home/wsh/wheeltec/wheeltec_ros2/install/nav2_msgs/lib:/home/wsh/wheeltec/wheeltec_ros2/install/wheeltec_robot_msg/lib:/home/wsh/wheeltec/wheeltec_ros2/install/ackermann_msgs/lib:/home/wsh/wheeltec/wheeltec_ros2/install/wheeltec_rrt_msg/lib:/home/wsh/wheeltec/wheeltec_ros2/install/wheeltec_robot_rrt/lib:/home/wsh/wheeltec/wheeltec_ros2/install/turn_on_wheeltec_robot/lib:/home/wsh/wheeltec/wheeltec_ros2/install/usb_cam/lib:/home/wsh/wheeltec/wheeltec_ros2/install/serial/lib:/home/wsh/wheeltec/wheeltec_ros2/install/openslam_gmapping/lib:/home/wsh/wheeltec/wheeltec_ros2/install/nmea_msgs/lib:/home/wsh/wheeltec/wheeltec_ros2/install/nav2_smoother/lib:/home/wsh/wheeltec/wheeltec_ros2/install/nav2_controller/lib:/home/wsh/wheeltec/wheeltec_ros2/install/dwb_plugins/lib:/home/wsh/wheeltec/wheeltec_ros2/install/dwb_critics/lib:/home/wsh/wheeltec/wheeltec_ros2/install/dwb_core/lib:/home/wsh/wheeltec/wheeltec_ros2/install/nav_2d_utils/lib:/home/wsh/wheeltec/wheeltec_ros2/install/dwb_msgs/lib:/home/wsh/wheeltec/wheeltec_ros2/install/nav_2d_msgs/lib:/home/wsh/wheeltec/wheeltec_ros2/install/nav2_waypoint_follower/lib:/home/wsh/wheeltec/wheeltec_ros2/install/nav2_theta_star_planner/lib:/home/wsh/wheeltec/wheeltec_ros2/install/nav2_smac_planner/lib:/home/wsh/wheeltec/wheeltec_ros2/install/nav2_regulated_pure_pursuit_controller/lib:/home/wsh/wheeltec/wheeltec_ros2/install/nav2_planner/lib:/home/wsh/wheeltec/wheeltec_ros2/install/nav2_navfn_planner/lib:/home/wsh/wheeltec/wheeltec_ros2/install/nav2_mppi_controller/lib:/home/wsh/wheeltec/wheeltec_ros2/install/nav2_constrained_smoother/lib:/home/wsh/wheeltec/wheeltec_ros2/install/nav2_bt_navigator/lib:/home/wsh/wheeltec/wheeltec_ros2/install/nav2_behaviors/lib:/home/wsh/wheeltec/wheeltec_ros2/install/nav2_collision_monitor/lib:/home/wsh/wheeltec/wheeltec_ros2/install/costmap_queue/lib:/home/wsh/wheeltec/wheeltec_ros2/install/nav2_costmap_2d/lib:/home/wsh/wheeltec/wheeltec_ros2/install/nav2_voxel_grid/lib:/home/wsh/wheeltec/wheeltec_ros2/install/nav2_velocity_smoother/lib:/home/wsh/wheeltec/wheeltec_ros2/install/nav2_rviz_plugins/lib:/home/wsh/wheeltec/wheeltec_ros2/install/nav2_map_server/lib:/home/wsh/wheeltec/wheeltec_ros2/install/nav2_lifecycle_manager/lib:/home/wsh/wheeltec/wheeltec_ros2/install/nav2_behavior_tree/lib:/home/wsh/wheeltec/wheeltec_ros2/install/nav2_amcl/lib:/home/wsh/wheeltec/wheeltec_ros2/install/nav2_util/lib:/home/wsh/wheeltec/wheeltec_ros2/install/lslidar_msgs/lib:/home/wsh/wheeltec/wheeltec_ros2/install/astra_camera_msgs/lib:/usr/local/adolc/lib:/usr/local/lib:/usr/local/adolc/lib:/usr/local/lib:/usr/lib/x86_64-linux-gnu/gazebo-11/plugins:/opt/ros/humble/opt/rviz_ogre_vendor/lib:/opt/ros/humble/lib/x86_64-linux-gnu:/opt/ros/humble/lib /usr/bin/cmake --install /home/wsh/wheeltec/wheeltec_ros2/build/turn_on_wheeltec_robot
[0.691s] -- Install configuration: ""
[0.691s] -- Up-to-date: /home/wsh/wheeltec/wheeltec_ros2/install/turn_on_wheeltec_robot/share/ament_index/resource_index/rosidl_interfaces/turn_on_wheeltec_robot
[0.691s] -- Up-to-date: /home/wsh/wheeltec/wheeltec_ros2/install/turn_on_wheeltec_robot/include/turn_on_wheeltec_robot/turn_on_wheeltec_robot
[0.691s] -- Up-to-date: /home/wsh/wheeltec/wheeltec_ros2/install/turn_on_wheeltec_robot/include/turn_on_wheeltec_robot/turn_on_wheeltec_robot/msg
[0.691s] -- Up-to-date: /home/wsh/wheeltec/wheeltec_ros2/install/turn_on_wheeltec_robot/include/turn_on_wheeltec_robot/turn_on_wheeltec_robot/msg/position.h
[0.691s] -- Up-to-date: /home/wsh/wheeltec/wheeltec_ros2/install/turn_on_wheeltec_robot/include/turn_on_wheeltec_robot/turn_on_wheeltec_robot/msg/detail
[0.691s] -- Up-to-date: /home/wsh/wheeltec/wheeltec_ros2/install/turn_on_wheeltec_robot/include/turn_on_wheeltec_robot/turn_on_wheeltec_robot/msg/detail/position__functions.c
[0.691s] -- Up-to-date: /home/wsh/wheeltec/wheeltec_ros2/install/turn_on_wheeltec_robot/include/turn_on_wheeltec_robot/turn_on_wheeltec_robot/msg/detail/position__struct.h
[0.691s] -- Up-to-date: /home/wsh/wheeltec/wheeltec_ros2/install/turn_on_wheeltec_robot/include/turn_on_wheeltec_robot/turn_on_wheeltec_robot/msg/detail/position__functions.h
[0.691s] -- Up-to-date: /home/wsh/wheeltec/wheeltec_ros2/install/turn_on_wheeltec_robot/include/turn_on_wheeltec_robot/turn_on_wheeltec_robot/msg/detail/position__type_support.h
[0.691s] -- Up-to-date: /home/wsh/wheeltec/wheeltec_ros2/install/turn_on_wheeltec_robot/include/turn_on_wheeltec_robot/turn_on_wheeltec_robot/msg/rosidl_generator_c__visibility_control.h
[0.691s] -- Up-to-date: /home/wsh/wheeltec/wheeltec_ros2/install/turn_on_wheeltec_robot/share/turn_on_wheeltec_robot/environment/library_path.sh
[0.691s] -- Up-to-date: /home/wsh/wheeltec/wheeltec_ros2/install/turn_on_wheeltec_robot/share/turn_on_wheeltec_robot/environment/library_path.dsv
[0.691s] -- Up-to-date: /home/wsh/wheeltec/wheeltec_ros2/install/turn_on_wheeltec_robot/lib/libturn_on_wheeltec_robot__rosidl_generator_c.so
[0.692s] -- Up-to-date: /home/wsh/wheeltec/wheeltec_ros2/install/turn_on_wheeltec_robot/include/turn_on_wheeltec_robot/turn_on_wheeltec_robot
[0.692s] -- Up-to-date: /home/wsh/wheeltec/wheeltec_ros2/install/turn_on_wheeltec_robot/include/turn_on_wheeltec_robot/turn_on_wheeltec_robot/msg
[0.692s] -- Up-to-date: /home/wsh/wheeltec/wheeltec_ros2/install/turn_on_wheeltec_robot/include/turn_on_wheeltec_robot/turn_on_wheeltec_robot/msg/rosidl_typesupport_fastrtps_c__visibility_control.h
[0.692s] -- Up-to-date: /home/wsh/wheeltec/wheeltec_ros2/install/turn_on_wheeltec_robot/include/turn_on_wheeltec_robot/turn_on_wheeltec_robot/msg/detail
[0.692s] -- Up-to-date: /home/wsh/wheeltec/wheeltec_ros2/install/turn_on_wheeltec_robot/include/turn_on_wheeltec_robot/turn_on_wheeltec_robot/msg/detail/position__rosidl_typesupport_fastrtps_c.h
[0.692s] -- Up-to-date: /home/wsh/wheeltec/wheeltec_ros2/install/turn_on_wheeltec_robot/lib/libturn_on_wheeltec_robot__rosidl_typesupport_fastrtps_c.so
[0.692s] -- Up-to-date: /home/wsh/wheeltec/wheeltec_ros2/install/turn_on_wheeltec_robot/include/turn_on_wheeltec_robot/turn_on_wheeltec_robot
[0.692s] -- Up-to-date: /home/wsh/wheeltec/wheeltec_ros2/install/turn_on_wheeltec_robot/include/turn_on_wheeltec_robot/turn_on_wheeltec_robot/msg
[0.692s] -- Up-to-date: /home/wsh/wheeltec/wheeltec_ros2/install/turn_on_wheeltec_robot/include/turn_on_wheeltec_robot/turn_on_wheeltec_robot/msg/detail
[0.692s] -- Up-to-date: /home/wsh/wheeltec/wheeltec_ros2/install/turn_on_wheeltec_robot/include/turn_on_wheeltec_robot/turn_on_wheeltec_robot/msg/detail/position__traits.hpp
[0.692s] -- Up-to-date: /home/wsh/wheeltec/wheeltec_ros2/install/turn_on_wheeltec_robot/include/turn_on_wheeltec_robot/turn_on_wheeltec_robot/msg/detail/position__builder.hpp
[0.692s] -- Up-to-date: /home/wsh/wheeltec/wheeltec_ros2/install/turn_on_wheeltec_robot/include/turn_on_wheeltec_robot/turn_on_wheeltec_robot/msg/detail/position__struct.hpp
[0.692s] -- Up-to-date: /home/wsh/wheeltec/wheeltec_ros2/install/turn_on_wheeltec_robot/include/turn_on_wheeltec_robot/turn_on_wheeltec_robot/msg/position.hpp
[0.692s] -- Up-to-date: /home/wsh/wheeltec/wheeltec_ros2/install/turn_on_wheeltec_robot/include/turn_on_wheeltec_robot/turn_on_wheeltec_robot
[0.692s] -- Up-to-date: /home/wsh/wheeltec/wheeltec_ros2/install/turn_on_wheeltec_robot/include/turn_on_wheeltec_robot/turn_on_wheeltec_robot/msg
[0.692s] -- Up-to-date: /home/wsh/wheeltec/wheeltec_ros2/install/turn_on_wheeltec_robot/include/turn_on_wheeltec_robot/turn_on_wheeltec_robot/msg/detail
[0.692s] -- Up-to-date: /home/wsh/wheeltec/wheeltec_ros2/install/turn_on_wheeltec_robot/include/turn_on_wheeltec_robot/turn_on_wheeltec_robot/msg/detail/position__rosidl_typesupport_fastrtps_cpp.hpp
[0.692s] -- Up-to-date: /home/wsh/wheeltec/wheeltec_ros2/install/turn_on_wheeltec_robot/include/turn_on_wheeltec_robot/turn_on_wheeltec_robot/msg/detail/dds_fastrtps
[0.692s] -- Up-to-date: /home/wsh/wheeltec/wheeltec_ros2/install/turn_on_wheeltec_robot/include/turn_on_wheeltec_robot/turn_on_wheeltec_robot/msg/rosidl_typesupport_fastrtps_cpp__visibility_control.h
[0.692s] -- Up-to-date: /home/wsh/wheeltec/wheeltec_ros2/install/turn_on_wheeltec_robot/lib/libturn_on_wheeltec_robot__rosidl_typesupport_fastrtps_cpp.so
[0.693s] -- Up-to-date: /home/wsh/wheeltec/wheeltec_ros2/install/turn_on_wheeltec_robot/include/turn_on_wheeltec_robot/turn_on_wheeltec_robot
[0.693s] -- Up-to-date: /home/wsh/wheeltec/wheeltec_ros2/install/turn_on_wheeltec_robot/include/turn_on_wheeltec_robot/turn_on_wheeltec_robot/msg
[0.693s] -- Up-to-date: /home/wsh/wheeltec/wheeltec_ros2/install/turn_on_wheeltec_robot/include/turn_on_wheeltec_robot/turn_on_wheeltec_robot/msg/detail
[0.693s] -- Up-to-date: /home/wsh/wheeltec/wheeltec_ros2/install/turn_on_wheeltec_robot/include/turn_on_wheeltec_robot/turn_on_wheeltec_robot/msg/detail/position__rosidl_typesupport_introspection_c.h
[0.693s] -- Up-to-date: /home/wsh/wheeltec/wheeltec_ros2/install/turn_on_wheeltec_robot/include/turn_on_wheeltec_robot/turn_on_wheeltec_robot/msg/detail/position__type_support.c
[0.693s] -- Up-to-date: /home/wsh/wheeltec/wheeltec_ros2/install/turn_on_wheeltec_robot/include/turn_on_wheeltec_robot/turn_on_wheeltec_robot/msg/rosidl_typesupport_introspection_c__visibility_control.h
[0.693s] -- Up-to-date: /home/wsh/wheeltec/wheeltec_ros2/install/turn_on_wheeltec_robot/lib/libturn_on_wheeltec_robot__rosidl_typesupport_introspection_c.so
[0.693s] -- Up-to-date: /home/wsh/wheeltec/wheeltec_ros2/install/turn_on_wheeltec_robot/lib/libturn_on_wheeltec_robot__rosidl_typesupport_c.so
[0.693s] -- Up-to-date: /home/wsh/wheeltec/wheeltec_ros2/install/turn_on_wheeltec_robot/include/turn_on_wheeltec_robot/turn_on_wheeltec_robot
[0.693s] -- Up-to-date: /home/wsh/wheeltec/wheeltec_ros2/install/turn_on_wheeltec_robot/include/turn_on_wheeltec_robot/turn_on_wheeltec_robot/msg
[0.693s] -- Up-to-date: /home/wsh/wheeltec/wheeltec_ros2/install/turn_on_wheeltec_robot/include/turn_on_wheeltec_robot/turn_on_wheeltec_robot/msg/detail
[0.693s] -- Up-to-date: /home/wsh/wheeltec/wheeltec_ros2/install/turn_on_wheeltec_robot/include/turn_on_wheeltec_robot/turn_on_wheeltec_robot/msg/detail/position__type_support.cpp
[0.693s] -- Up-to-date: /home/wsh/wheeltec/wheeltec_ros2/install/turn_on_wheeltec_robot/include/turn_on_wheeltec_robot/turn_on_wheeltec_robot/msg/detail/position__rosidl_typesupport_introspection_cpp.hpp
[0.693s] -- Up-to-date: /home/wsh/wheeltec/wheeltec_ros2/install/turn_on_wheeltec_robot/lib/libturn_on_wheeltec_robot__rosidl_typesupport_introspection_cpp.so
[0.694s] -- Up-to-date: /home/wsh/wheeltec/wheeltec_ros2/install/turn_on_wheeltec_robot/lib/libturn_on_wheeltec_robot__rosidl_typesupport_cpp.so
[0.694s] -- Up-to-date: /home/wsh/wheeltec/wheeltec_ros2/install/turn_on_wheeltec_robot/share/turn_on_wheeltec_robot/environment/pythonpath.sh
[0.694s] -- Up-to-date: /home/wsh/wheeltec/wheeltec_ros2/install/turn_on_wheeltec_robot/share/turn_on_wheeltec_robot/environment/pythonpath.dsv
[0.694s] -- Up-to-date: /home/wsh/wheeltec/wheeltec_ros2/install/turn_on_wheeltec_robot/local/lib/python3.10/dist-packages/turn_on_wheeltec_robot-0.0.0-py3.10.egg-info
[0.694s] -- Installing: /home/wsh/wheeltec/wheeltec_ros2/install/turn_on_wheeltec_robot/local/lib/python3.10/dist-packages/turn_on_wheeltec_robot-0.0.0-py3.10.egg-info/PKG-INFO
[0.694s] -- Installing: /home/wsh/wheeltec/wheeltec_ros2/install/turn_on_wheeltec_robot/local/lib/python3.10/dist-packages/turn_on_wheeltec_robot-0.0.0-py3.10.egg-info/dependency_links.txt
[0.694s] -- Installing: /home/wsh/wheeltec/wheeltec_ros2/install/turn_on_wheeltec_robot/local/lib/python3.10/dist-packages/turn_on_wheeltec_robot-0.0.0-py3.10.egg-info/SOURCES.txt
[0.694s] -- Installing: /home/wsh/wheeltec/wheeltec_ros2/install/turn_on_wheeltec_robot/local/lib/python3.10/dist-packages/turn_on_wheeltec_robot-0.0.0-py3.10.egg-info/top_level.txt
[0.694s] -- Up-to-date: /home/wsh/wheeltec/wheeltec_ros2/install/turn_on_wheeltec_robot/local/lib/python3.10/dist-packages/turn_on_wheeltec_robot
[0.694s] -- Up-to-date: /home/wsh/wheeltec/wheeltec_ros2/install/turn_on_wheeltec_robot/local/lib/python3.10/dist-packages/turn_on_wheeltec_robot/libturn_on_wheeltec_robot__rosidl_generator_py.so
[0.694s] -- Up-to-date: /home/wsh/wheeltec/wheeltec_ros2/install/turn_on_wheeltec_robot/local/lib/python3.10/dist-packages/turn_on_wheeltec_robot/_turn_on_wheeltec_robot_s.ep.rosidl_typesupport_fastrtps_c.c
[0.694s] -- Up-to-date: /home/wsh/wheeltec/wheeltec_ros2/install/turn_on_wheeltec_robot/local/lib/python3.10/dist-packages/turn_on_wheeltec_robot/turn_on_wheeltec_robot_s__rosidl_typesupport_c.cpython-310-x86_64-linux-gnu.so
[0.695s] -- Up-to-date: /home/wsh/wheeltec/wheeltec_ros2/install/turn_on_wheeltec_robot/local/lib/python3.10/dist-packages/turn_on_wheeltec_robot/__init__.py
[0.695s] -- Up-to-date: /home/wsh/wheeltec/wheeltec_ros2/install/turn_on_wheeltec_robot/local/lib/python3.10/dist-packages/turn_on_wheeltec_robot/msg
[0.695s] -- Up-to-date: /home/wsh/wheeltec/wheeltec_ros2/install/turn_on_wheeltec_robot/local/lib/python3.10/dist-packages/turn_on_wheeltec_robot/msg/_position_s.c
[0.695s] -- Up-to-date: /home/wsh/wheeltec/wheeltec_ros2/install/turn_on_wheeltec_robot/local/lib/python3.10/dist-packages/turn_on_wheeltec_robot/msg/__init__.py
[0.695s] -- Up-to-date: /home/wsh/wheeltec/wheeltec_ros2/install/turn_on_wheeltec_robot/local/lib/python3.10/dist-packages/turn_on_wheeltec_robot/msg/_position.py
[0.695s] -- Up-to-date: /home/wsh/wheeltec/wheeltec_ros2/install/turn_on_wheeltec_robot/local/lib/python3.10/dist-packages/turn_on_wheeltec_robot/_turn_on_wheeltec_robot_s.ep.rosidl_typesupport_c.c
[0.695s] -- Up-to-date: /home/wsh/wheeltec/wheeltec_ros2/install/turn_on_wheeltec_robot/local/lib/python3.10/dist-packages/turn_on_wheeltec_robot/turn_on_wheeltec_robot_s__rosidl_typesupport_introspection_c.cpython-310-x86_64-linux-gnu.so
[0.695s] -- Up-to-date: /home/wsh/wheeltec/wheeltec_ros2/install/turn_on_wheeltec_robot/local/lib/python3.10/dist-packages/turn_on_wheeltec_robot/turn_on_wheeltec_robot_s__rosidl_typesupport_fastrtps_c.cpython-310-x86_64-linux-gnu.so
[0.695s] -- Up-to-date: /home/wsh/wheeltec/wheeltec_ros2/install/turn_on_wheeltec_robot/local/lib/python3.10/dist-packages/turn_on_wheeltec_robot/_turn_on_wheeltec_robot_s.ep.rosidl_typesupport_introspection_c.c
[0.728s] Listing '/home/wsh/wheeltec/wheeltec_ros2/install/turn_on_wheeltec_robot/local/lib/python3.10/dist-packages/turn_on_wheeltec_robot'...
[0.728s] Listing '/home/wsh/wheeltec/wheeltec_ros2/install/turn_on_wheeltec_robot/local/lib/python3.10/dist-packages/turn_on_wheeltec_robot/msg'...
[0.731s] -- Up-to-date: /home/wsh/wheeltec/wheeltec_ros2/install/turn_on_wheeltec_robot/local/lib/python3.10/dist-packages/turn_on_wheeltec_robot/turn_on_wheeltec_robot_s__rosidl_typesupport_fastrtps_c.cpython-310-x86_64-linux-gnu.so
[0.732s] -- Up-to-date: /home/wsh/wheeltec/wheeltec_ros2/install/turn_on_wheeltec_robot/local/lib/python3.10/dist-packages/turn_on_wheeltec_robot/turn_on_wheeltec_robot_s__rosidl_typesupport_introspection_c.cpython-310-x86_64-linux-gnu.so
[0.732s] -- Up-to-date: /home/wsh/wheeltec/wheeltec_ros2/install/turn_on_wheeltec_robot/local/lib/python3.10/dist-packages/turn_on_wheeltec_robot/turn_on_wheeltec_robot_s__rosidl_typesupport_c.cpython-310-x86_64-linux-gnu.so
[0.732s] -- Up-to-date: /home/wsh/wheeltec/wheeltec_ros2/install/turn_on_wheeltec_robot/lib/libturn_on_wheeltec_robot__rosidl_generator_py.so
[0.733s] -- Up-to-date: /home/wsh/wheeltec/wheeltec_ros2/install/turn_on_wheeltec_robot/share/turn_on_wheeltec_robot/msg/Position.idl
[0.733s] -- Up-to-date: /home/wsh/wheeltec/wheeltec_ros2/install/turn_on_wheeltec_robot/share/turn_on_wheeltec_robot/msg/Position.msg
[0.733s] -- Up-to-date: /home/wsh/wheeltec/wheeltec_ros2/install/turn_on_wheeltec_robot/lib/turn_on_wheeltec_robot/wheeltec_robot_node
[0.733s] -- Up-to-date: /home/wsh/wheeltec/wheeltec_ros2/install/turn_on_wheeltec_robot/share/turn_on_wheeltec_robot/launch
[0.733s] -- Up-to-date: /home/wsh/wheeltec/wheeltec_ros2/install/turn_on_wheeltec_robot/share/turn_on_wheeltec_robot/launch/wheeltec_camera.launch.py
[0.733s] -- Up-to-date: /home/wsh/wheeltec/wheeltec_ros2/install/turn_on_wheeltec_robot/share/turn_on_wheeltec_robot/launch/wheeltec_ekf.launch.py
[0.733s] -- Up-to-date: /home/wsh/wheeltec/wheeltec_ros2/install/turn_on_wheeltec_robot/share/turn_on_wheeltec_robot/launch/robot_mode_description.launch.py
[0.733s] -- Up-to-date: /home/wsh/wheeltec/wheeltec_ros2/install/turn_on_wheeltec_robot/share/turn_on_wheeltec_robot/launch/wheeltec_lidar.launch.py
[0.733s] -- Up-to-date: /home/wsh/wheeltec/wheeltec_ros2/install/turn_on_wheeltec_robot/share/turn_on_wheeltec_robot/launch/__pycache__
[0.733s] -- Up-to-date: /home/wsh/wheeltec/wheeltec_ros2/install/turn_on_wheeltec_robot/share/turn_on_wheeltec_robot/launch/__pycache__/testtwo.launch.cpython-38.pyc
[0.733s] -- Up-to-date: /home/wsh/wheeltec/wheeltec_ros2/install/turn_on_wheeltec_robot/share/turn_on_wheeltec_robot/launch/base_serial.launch.py
[0.733s] -- Up-to-date: /home/wsh/wheeltec/wheeltec_ros2/install/turn_on_wheeltec_robot/share/turn_on_wheeltec_robot/launch/robot_mode_description_minibot.launch.py
[0.733s] -- Up-to-date: /home/wsh/wheeltec/wheeltec_ros2/install/turn_on_wheeltec_robot/share/turn_on_wheeltec_robot/launch/wheeltec_sensors.launch.py
[0.733s] -- Installing: /home/wsh/wheeltec/wheeltec_ros2/install/turn_on_wheeltec_robot/share/turn_on_wheeltec_robot/launch/turn_on_wheeltec_robot.launch.py
[0.733s] -- Up-to-date: /home/wsh/wheeltec/wheeltec_ros2/install/turn_on_wheeltec_robot/share/turn_on_wheeltec_robot/config
[0.733s] -- Up-to-date: /home/wsh/wheeltec/wheeltec_ros2/install/turn_on_wheeltec_robot/share/turn_on_wheeltec_robot/config/camera_info.yaml
[0.733s] -- Up-to-date: /home/wsh/wheeltec/wheeltec_ros2/install/turn_on_wheeltec_robot/share/turn_on_wheeltec_robot/config/imu.yaml
[0.734s] -- Up-to-date: /home/wsh/wheeltec/wheeltec_ros2/install/turn_on_wheeltec_robot/share/turn_on_wheeltec_robot/config/ekf_carto.yaml
[0.734s] -- Up-to-date: /home/wsh/wheeltec/wheeltec_ros2/install/turn_on_wheeltec_robot/share/turn_on_wheeltec_robot/config/ekf.yaml
[0.734s] -- Up-to-date: /home/wsh/wheeltec/wheeltec_ros2/install/turn_on_wheeltec_robot/share/ament_index/resource_index/package_run_dependencies/turn_on_wheeltec_robot
[0.734s] -- Up-to-date: /home/wsh/wheeltec/wheeltec_ros2/install/turn_on_wheeltec_robot/share/ament_index/resource_index/parent_prefix_path/turn_on_wheeltec_robot
[0.734s] -- Up-to-date: /home/wsh/wheeltec/wheeltec_ros2/install/turn_on_wheeltec_robot/share/turn_on_wheeltec_robot/environment/ament_prefix_path.sh
[0.734s] -- Up-to-date: /home/wsh/wheeltec/wheeltec_ros2/install/turn_on_wheeltec_robot/share/turn_on_wheeltec_robot/environment/ament_prefix_path.dsv
[0.734s] -- Up-to-date: /home/wsh/wheeltec/wheeltec_ros2/install/turn_on_wheeltec_robot/share/turn_on_wheeltec_robot/environment/path.sh
[0.734s] -- Up-to-date: /home/wsh/wheeltec/wheeltec_ros2/install/turn_on_wheeltec_robot/share/turn_on_wheeltec_robot/environment/path.dsv
[0.734s] -- Up-to-date: /home/wsh/wheeltec/wheeltec_ros2/install/turn_on_wheeltec_robot/share/turn_on_wheeltec_robot/local_setup.bash
[0.734s] -- Up-to-date: /home/wsh/wheeltec/wheeltec_ros2/install/turn_on_wheeltec_robot/share/turn_on_wheeltec_robot/local_setup.sh
[0.734s] -- Up-to-date: /home/wsh/wheeltec/wheeltec_ros2/install/turn_on_wheeltec_robot/share/turn_on_wheeltec_robot/local_setup.zsh
[0.734s] -- Up-to-date: /home/wsh/wheeltec/wheeltec_ros2/install/turn_on_wheeltec_robot/share/turn_on_wheeltec_robot/local_setup.dsv
[0.734s] -- Installing: /home/wsh/wheeltec/wheeltec_ros2/install/turn_on_wheeltec_robot/share/turn_on_wheeltec_robot/package.dsv
[0.734s] -- Up-to-date: /home/wsh/wheeltec/wheeltec_ros2/install/turn_on_wheeltec_robot/share/ament_index/resource_index/packages/turn_on_wheeltec_robot
[0.734s] -- Up-to-date: /home/wsh/wheeltec/wheeltec_ros2/install/turn_on_wheeltec_robot/share/turn_on_wheeltec_robot/cmake/export_turn_on_wheeltec_robot__rosidl_generator_cExport.cmake
[0.734s] -- Up-to-date: /home/wsh/wheeltec/wheeltec_ros2/install/turn_on_wheeltec_robot/share/turn_on_wheeltec_robot/cmake/export_turn_on_wheeltec_robot__rosidl_generator_cExport-noconfig.cmake
[0.734s] -- Up-to-date: /home/wsh/wheeltec/wheeltec_ros2/install/turn_on_wheeltec_robot/share/turn_on_wheeltec_robot/cmake/export_turn_on_wheeltec_robot__rosidl_typesupport_fastrtps_cExport.cmake
[0.734s] -- Up-to-date: /home/wsh/wheeltec/wheeltec_ros2/install/turn_on_wheeltec_robot/share/turn_on_wheeltec_robot/cmake/export_turn_on_wheeltec_robot__rosidl_typesupport_fastrtps_cExport-noconfig.cmake
[0.735s] -- Up-to-date: /home/wsh/wheeltec/wheeltec_ros2/install/turn_on_wheeltec_robot/share/turn_on_wheeltec_robot/cmake/export_turn_on_wheeltec_robot__rosidl_generator_cppExport.cmake
[0.735s] -- Up-to-date: /home/wsh/wheeltec/wheeltec_ros2/install/turn_on_wheeltec_robot/share/turn_on_wheeltec_robot/cmake/export_turn_on_wheeltec_robot__rosidl_typesupport_fastrtps_cppExport.cmake
[0.735s] -- Up-to-date: /home/wsh/wheeltec/wheeltec_ros2/install/turn_on_wheeltec_robot/share/turn_on_wheeltec_robot/cmake/export_turn_on_wheeltec_robot__rosidl_typesupport_fastrtps_cppExport-noconfig.cmake
[0.735s] -- Up-to-date: /home/wsh/wheeltec/wheeltec_ros2/install/turn_on_wheeltec_robot/share/turn_on_wheeltec_robot/cmake/turn_on_wheeltec_robot__rosidl_typesupport_introspection_cExport.cmake
[0.735s] -- Up-to-date: /home/wsh/wheeltec/wheeltec_ros2/install/turn_on_wheeltec_robot/share/turn_on_wheeltec_robot/cmake/turn_on_wheeltec_robot__rosidl_typesupport_introspection_cExport-noconfig.cmake
[0.735s] -- Up-to-date: /home/wsh/wheeltec/wheeltec_ros2/install/turn_on_wheeltec_robot/share/turn_on_wheeltec_robot/cmake/turn_on_wheeltec_robot__rosidl_typesupport_cExport.cmake
[0.735s] -- Up-to-date: /home/wsh/wheeltec/wheeltec_ros2/install/turn_on_wheeltec_robot/share/turn_on_wheeltec_robot/cmake/turn_on_wheeltec_robot__rosidl_typesupport_cExport-noconfig.cmake
[0.735s] -- Up-to-date: /home/wsh/wheeltec/wheeltec_ros2/install/turn_on_wheeltec_robot/share/turn_on_wheeltec_robot/cmake/turn_on_wheeltec_robot__rosidl_typesupport_introspection_cppExport.cmake
[0.735s] -- Up-to-date: /home/wsh/wheeltec/wheeltec_ros2/install/turn_on_wheeltec_robot/share/turn_on_wheeltec_robot/cmake/turn_on_wheeltec_robot__rosidl_typesupport_introspection_cppExport-noconfig.cmake
[0.736s] -- Up-to-date: /home/wsh/wheeltec/wheeltec_ros2/install/turn_on_wheeltec_robot/share/turn_on_wheeltec_robot/cmake/turn_on_wheeltec_robot__rosidl_typesupport_cppExport.cmake
[0.736s] -- Up-to-date: /home/wsh/wheeltec/wheeltec_ros2/install/turn_on_wheeltec_robot/share/turn_on_wheeltec_robot/cmake/turn_on_wheeltec_robot__rosidl_typesupport_cppExport-noconfig.cmake
[0.736s] -- Up-to-date: /home/wsh/wheeltec/wheeltec_ros2/install/turn_on_wheeltec_robot/share/turn_on_wheeltec_robot/cmake/export_turn_on_wheeltec_robot__rosidl_generator_pyExport.cmake
[0.736s] -- Up-to-date: /home/wsh/wheeltec/wheeltec_ros2/install/turn_on_wheeltec_robot/share/turn_on_wheeltec_robot/cmake/export_turn_on_wheeltec_robot__rosidl_generator_pyExport-noconfig.cmake
[0.736s] -- Up-to-date: /home/wsh/wheeltec/wheeltec_ros2/install/turn_on_wheeltec_robot/share/turn_on_wheeltec_robot/cmake/rosidl_cmake-extras.cmake
[0.736s] -- Up-to-date: /home/wsh/wheeltec/wheeltec_ros2/install/turn_on_wheeltec_robot/share/turn_on_wheeltec_robot/cmake/ament_cmake_export_include_directories-extras.cmake
[0.736s] -- Up-to-date: /home/wsh/wheeltec/wheeltec_ros2/install/turn_on_wheeltec_robot/share/turn_on_wheeltec_robot/cmake/ament_cmake_export_libraries-extras.cmake
[0.736s] -- Up-to-date: /home/wsh/wheeltec/wheeltec_ros2/install/turn_on_wheeltec_robot/share/turn_on_wheeltec_robot/cmake/ament_cmake_export_targets-extras.cmake
[0.736s] -- Up-to-date: /home/wsh/wheeltec/wheeltec_ros2/install/turn_on_wheeltec_robot/share/turn_on_wheeltec_robot/cmake/rosidl_cmake_export_typesupport_targets-extras.cmake
[0.736s] -- Up-to-date: /home/wsh/wheeltec/wheeltec_ros2/install/turn_on_wheeltec_robot/share/turn_on_wheeltec_robot/cmake/ament_cmake_export_dependencies-extras.cmake
[0.736s] -- Up-to-date: /home/wsh/wheeltec/wheeltec_ros2/install/turn_on_wheeltec_robot/share/turn_on_wheeltec_robot/cmake/rosidl_cmake_export_typesupport_libraries-extras.cmake
[0.736s] -- Up-to-date: /home/wsh/wheeltec/wheeltec_ros2/install/turn_on_wheeltec_robot/share/turn_on_wheeltec_robot/cmake/turn_on_wheeltec_robotConfig.cmake
[0.736s] -- Up-to-date: /home/wsh/wheeltec/wheeltec_ros2/install/turn_on_wheeltec_robot/share/turn_on_wheeltec_robot/cmake/turn_on_wheeltec_robotConfig-version.cmake
[0.736s] -- Up-to-date: /home/wsh/wheeltec/wheeltec_ros2/install/turn_on_wheeltec_robot/share/turn_on_wheeltec_robot/package.xml
[0.738s] Invoked command in '/home/wsh/wheeltec/wheeltec_ros2/build/turn_on_wheeltec_robot' returned '0': CMAKE_PREFIX_PATH=/home/wsh/wheeltec/wheeltec_ros2/install/nav2_msgs:/home/wsh/wheeltec/wheeltec_ros2/install/wheeltec_robot_msg:/home/wsh/wheeltec/wheeltec_ros2/install/serial:/home/wsh/wheeltec/wheeltec_ros2/install/nav2_common:/home/wsh/wheeltec/wheeltec_ros2/install/ackermann_msgs:/home/wsh/wheeltec/wheeltec_ros2/install/wheeltec_slam_toolbox:/home/wsh/wheeltec/wheeltec_ros2/install/wheeltec_rviz2:/home/wsh/wheeltec/wheeltec_ros2/install/wheeltec_rrt_msg:/home/wsh/wheeltec/wheeltec_ros2/install/wheeltec_robot_urdf:/home/wsh/wheeltec/wheeltec_ros2/install/wheeltec_robot_rtab:/home/wsh/wheeltec/wheeltec_ros2/install/wheeltec_robot_rrt:/home/wsh/wheeltec/wheeltec_ros2/install/turn_on_wheeltec_robot:/home/wsh/wheeltec/wheeltec_ros2/install/wheeltec_robot_kcf:/home/wsh/wheeltec/wheeltec_ros2/install/wheeltec_nav2:/home/wsh/wheeltec/wheeltec_ros2/install/wheeltec_joy:/home/wsh/wheeltec/wheeltec_ros2/install/wheeltec_gps_path:/home/wsh/wheeltec/wheeltec_ros2/install/wheeltec_cartographer:/home/wsh/wheeltec/wheeltec_ros2/install/web_video_server:/home/wsh/wheeltec/wheeltec_ros2/install/usb_cam:/home/wsh/wheeltec/wheeltec_ros2/install/slam_gmapping:/home/wsh/wheeltec/wheeltec_ros2/install/openslam_gmapping:/home/wsh/wheeltec/wheeltec_ros2/install/nmea_msgs:/home/wsh/wheeltec/wheeltec_ros2/install/nav2_bringup:/home/wsh/wheeltec/wheeltec_ros2/install/navigation2:/home/wsh/wheeltec/wheeltec_ros2/install/nav2_smoother:/home/wsh/wheeltec/wheeltec_ros2/install/nav2_dwb_controller:/home/wsh/wheeltec/wheeltec_ros2/install/nav2_controller:/home/wsh/wheeltec/wheeltec_ros2/install/dwb_plugins:/home/wsh/wheeltec/wheeltec_ros2/install/dwb_critics:/home/wsh/wheeltec/wheeltec_ros2/install/dwb_core:/home/wsh/wheeltec/wheeltec_ros2/install/nav_2d_utils:/home/wsh/wheeltec/wheeltec_ros2/install/dwb_msgs:/home/wsh/wheeltec/wheeltec_ros2/install/nav_2d_msgs:/home/wsh/wheeltec/wheeltec_ros2/install/nav2_waypoint_follower:/home/wsh/wheeltec/wheeltec_ros2/install/nav2_theta_star_planner:/home/wsh/wheeltec/wheeltec_ros2/install/nav2_smac_planner:/home/wsh/wheeltec/wheeltec_ros2/install/nav2_regulated_pure_pursuit_controller:/home/wsh/wheeltec/wheeltec_ros2/install/nav2_planner:/home/wsh/wheeltec/wheeltec_ros2/install/nav2_navfn_planner:/home/wsh/wheeltec/wheeltec_ros2/install/nav2_mppi_controller:/home/wsh/wheeltec/wheeltec_ros2/install/nav2_constrained_smoother:/home/wsh/wheeltec/wheeltec_ros2/install/nav2_bt_navigator:/home/wsh/wheeltec/wheeltec_ros2/install/nav2_behaviors:/home/wsh/wheeltec/wheeltec_ros2/install/nav2_core:/home/wsh/wheeltec/wheeltec_ros2/install/nav2_collision_monitor:/home/wsh/wheeltec/wheeltec_ros2/install/costmap_queue:/home/wsh/wheeltec/wheeltec_ros2/install/nav2_costmap_2d:/home/wsh/wheeltec/wheeltec_ros2/install/nav2_voxel_grid:/home/wsh/wheeltec/wheeltec_ros2/install/nav2_velocity_smoother:/home/wsh/wheeltec/wheeltec_ros2/install/nav2_rviz_plugins:/home/wsh/wheeltec/wheeltec_ros2/install/nav2_map_server:/home/wsh/wheeltec/wheeltec_ros2/install/nav2_lifecycle_manager:/home/wsh/wheeltec/wheeltec_ros2/install/nav2_behavior_tree:/home/wsh/wheeltec/wheeltec_ros2/install/nav2_amcl:/home/wsh/wheeltec/wheeltec_ros2/install/nav2_util:/home/wsh/wheeltec/wheeltec_ros2/install/lslidar_driver:/home/wsh/wheeltec/wheeltec_ros2/install/lslidar_msgs:/home/wsh/wheeltec/wheeltec_ros2/install/ldlidar_stl_ros2:/home/wsh/wheeltec/wheeltec_ros2/install/ldlidar_sl_ros2:/home/wsh/wheeltec/wheeltec_ros2/install/astra_camera_msgs:/home/wsh/wheeltec/wheeltec_ros2/install/wheeltec_robot_keyboard:/home/wsh/wheeltec/wheeltec_ros2/install/tf2_tools:/home/wsh/wheeltec/wheeltec_ros2/install/nmea_navsat_driver:/home/wsh/wheeltec/wheeltec_ros2/install/nav2_simple_commander:/home/wsh/wheeltec/wheeltec_ros2/install/auto_recharge_ros2:/opt/ros/humble LD_LIBRARY_PATH=/home/wsh/wheeltec/wheeltec_ros2/install/nav2_msgs/lib:/home/wsh/wheeltec/wheeltec_ros2/install/wheeltec_robot_msg/lib:/home/wsh/wheeltec/wheeltec_ros2/install/ackermann_msgs/lib:/home/wsh/wheeltec/wheeltec_ros2/install/wheeltec_rrt_msg/lib:/home/wsh/wheeltec/wheeltec_ros2/install/wheeltec_robot_rrt/lib:/home/wsh/wheeltec/wheeltec_ros2/install/turn_on_wheeltec_robot/lib:/home/wsh/wheeltec/wheeltec_ros2/install/usb_cam/lib:/home/wsh/wheeltec/wheeltec_ros2/install/serial/lib:/home/wsh/wheeltec/wheeltec_ros2/install/openslam_gmapping/lib:/home/wsh/wheeltec/wheeltec_ros2/install/nmea_msgs/lib:/home/wsh/wheeltec/wheeltec_ros2/install/nav2_smoother/lib:/home/wsh/wheeltec/wheeltec_ros2/install/nav2_controller/lib:/home/wsh/wheeltec/wheeltec_ros2/install/dwb_plugins/lib:/home/wsh/wheeltec/wheeltec_ros2/install/dwb_critics/lib:/home/wsh/wheeltec/wheeltec_ros2/install/dwb_core/lib:/home/wsh/wheeltec/wheeltec_ros2/install/nav_2d_utils/lib:/home/wsh/wheeltec/wheeltec_ros2/install/dwb_msgs/lib:/home/wsh/wheeltec/wheeltec_ros2/install/nav_2d_msgs/lib:/home/wsh/wheeltec/wheeltec_ros2/install/nav2_waypoint_follower/lib:/home/wsh/wheeltec/wheeltec_ros2/install/nav2_theta_star_planner/lib:/home/wsh/wheeltec/wheeltec_ros2/install/nav2_smac_planner/lib:/home/wsh/wheeltec/wheeltec_ros2/install/nav2_regulated_pure_pursuit_controller/lib:/home/wsh/wheeltec/wheeltec_ros2/install/nav2_planner/lib:/home/wsh/wheeltec/wheeltec_ros2/install/nav2_navfn_planner/lib:/home/wsh/wheeltec/wheeltec_ros2/install/nav2_mppi_controller/lib:/home/wsh/wheeltec/wheeltec_ros2/install/nav2_constrained_smoother/lib:/home/wsh/wheeltec/wheeltec_ros2/install/nav2_bt_navigator/lib:/home/wsh/wheeltec/wheeltec_ros2/install/nav2_behaviors/lib:/home/wsh/wheeltec/wheeltec_ros2/install/nav2_collision_monitor/lib:/home/wsh/wheeltec/wheeltec_ros2/install/costmap_queue/lib:/home/wsh/wheeltec/wheeltec_ros2/install/nav2_costmap_2d/lib:/home/wsh/wheeltec/wheeltec_ros2/install/nav2_voxel_grid/lib:/home/wsh/wheeltec/wheeltec_ros2/install/nav2_velocity_smoother/lib:/home/wsh/wheeltec/wheeltec_ros2/install/nav2_rviz_plugins/lib:/home/wsh/wheeltec/wheeltec_ros2/install/nav2_map_server/lib:/home/wsh/wheeltec/wheeltec_ros2/install/nav2_lifecycle_manager/lib:/home/wsh/wheeltec/wheeltec_ros2/install/nav2_behavior_tree/lib:/home/wsh/wheeltec/wheeltec_ros2/install/nav2_amcl/lib:/home/wsh/wheeltec/wheeltec_ros2/install/nav2_util/lib:/home/wsh/wheeltec/wheeltec_ros2/install/lslidar_msgs/lib:/home/wsh/wheeltec/wheeltec_ros2/install/astra_camera_msgs/lib:/usr/local/adolc/lib:/usr/local/lib:/usr/local/adolc/lib:/usr/local/lib:/usr/lib/x86_64-linux-gnu/gazebo-11/plugins:/opt/ros/humble/opt/rviz_ogre_vendor/lib:/opt/ros/humble/lib/x86_64-linux-gnu:/opt/ros/humble/lib /usr/bin/cmake --install /home/wsh/wheeltec/wheeltec_ros2/build/turn_on_wheeltec_robot
