[0.067s] Invoking command in '/home/wsh/wheeltec/wheeltec_ros2/build/nav2_smac_planner': CMAKE_PREFIX_PATH=/home/wsh/wheeltec/wheeltec_ros2/install/nav2_core:/home/wsh/wheeltec/wheeltec_ros2/install/nav2_costmap_2d:/home/wsh/wheeltec/wheeltec_ros2/install/nav2_map_server:/home/wsh/wheeltec/wheeltec_ros2/install/nav2_lifecycle_manager:/home/wsh/wheeltec/wheeltec_ros2/install/nav2_util:/home/wsh/wheeltec/wheeltec_ros2/install/nav2_voxel_grid:/home/wsh/wheeltec/wheeltec_ros2/install/nav2_msgs:/home/wsh/wheeltec/wheeltec_ros2/install/nav2_common:/home/wsh/wheeltec/wheeltec_ros2/install/wheeltec_slam_toolbox:/home/wsh/wheeltec/wheeltec_ros2/install/wheeltec_rviz2:/home/wsh/wheeltec/wheeltec_ros2/install/wheeltec_rrt_msg:/home/wsh/wheeltec/wheeltec_ros2/install/wheeltec_robot_urdf:/home/wsh/wheeltec/wheeltec_ros2/install/wheeltec_robot_rtab:/home/wsh/wheeltec/wheeltec_ros2/install/wheeltec_robot_rrt:/home/wsh/wheeltec/wheeltec_ros2/install/turn_on_wheeltec_robot:/home/wsh/wheeltec/wheeltec_ros2/install/wheeltec_robot_msg:/home/wsh/wheeltec/wheeltec_ros2/install/wheeltec_robot_kcf:/home/wsh/wheeltec/wheeltec_ros2/install/wheeltec_nav2:/home/wsh/wheeltec/wheeltec_ros2/install/wheeltec_joy:/home/wsh/wheeltec/wheeltec_ros2/install/wheeltec_gps_path:/home/wsh/wheeltec/wheeltec_ros2/install/wheeltec_cartographer:/home/wsh/wheeltec/wheeltec_ros2/install/web_video_server:/home/wsh/wheeltec/wheeltec_ros2/install/usb_cam:/home/wsh/wheeltec/wheeltec_ros2/install/slam_gmapping:/home/wsh/wheeltec/wheeltec_ros2/install/serial:/home/wsh/wheeltec/wheeltec_ros2/install/openslam_gmapping:/home/wsh/wheeltec/wheeltec_ros2/install/nmea_msgs:/home/wsh/wheeltec/wheeltec_ros2/install/nav2_bringup:/home/wsh/wheeltec/wheeltec_ros2/install/navigation2:/home/wsh/wheeltec/wheeltec_ros2/install/nav2_smoother:/home/wsh/wheeltec/wheeltec_ros2/install/nav2_dwb_controller:/home/wsh/wheeltec/wheeltec_ros2/install/nav2_controller:/home/wsh/wheeltec/wheeltec_ros2/install/dwb_plugins:/home/wsh/wheeltec/wheeltec_ros2/install/dwb_critics:/home/wsh/wheeltec/wheeltec_ros2/install/dwb_core:/home/wsh/wheeltec/wheeltec_ros2/install/nav_2d_utils:/home/wsh/wheeltec/wheeltec_ros2/install/dwb_msgs:/home/wsh/wheeltec/wheeltec_ros2/install/nav_2d_msgs:/home/wsh/wheeltec/wheeltec_ros2/install/nav2_waypoint_follower:/home/wsh/wheeltec/wheeltec_ros2/install/nav2_theta_star_planner:/home/wsh/wheeltec/wheeltec_ros2/install/nav2_smac_planner:/home/wsh/wheeltec/wheeltec_ros2/install/nav2_regulated_pure_pursuit_controller:/home/wsh/wheeltec/wheeltec_ros2/install/nav2_planner:/home/wsh/wheeltec/wheeltec_ros2/install/nav2_navfn_planner:/home/wsh/wheeltec/wheeltec_ros2/install/nav2_mppi_controller:/home/wsh/wheeltec/wheeltec_ros2/install/nav2_constrained_smoother:/home/wsh/wheeltec/wheeltec_ros2/install/nav2_bt_navigator:/home/wsh/wheeltec/wheeltec_ros2/install/nav2_behaviors:/home/wsh/wheeltec/wheeltec_ros2/install/nav2_collision_monitor:/home/wsh/wheeltec/wheeltec_ros2/install/costmap_queue:/home/wsh/wheeltec/wheeltec_ros2/install/nav2_velocity_smoother:/home/wsh/wheeltec/wheeltec_ros2/install/nav2_rviz_plugins:/home/wsh/wheeltec/wheeltec_ros2/install/nav2_behavior_tree:/home/wsh/wheeltec/wheeltec_ros2/install/nav2_amcl:/home/wsh/wheeltec/wheeltec_ros2/install/lslidar_driver:/home/wsh/wheeltec/wheeltec_ros2/install/lslidar_msgs:/home/wsh/wheeltec/wheeltec_ros2/install/ldlidar_stl_ros2:/home/wsh/wheeltec/wheeltec_ros2/install/ldlidar_sl_ros2:/home/wsh/wheeltec/wheeltec_ros2/install/astra_camera_msgs:/home/wsh/wheeltec/wheeltec_ros2/install/ackermann_msgs:/home/wsh/wheeltec/wheeltec_ros2/install/wheeltec_robot_keyboard:/home/wsh/wheeltec/wheeltec_ros2/install/tf2_tools:/home/wsh/wheeltec/wheeltec_ros2/install/nmea_navsat_driver:/home/wsh/wheeltec/wheeltec_ros2/install/nav2_simple_commander:/home/wsh/wheeltec/wheeltec_ros2/install/auto_recharge_ros2:/opt/ros/humble LD_LIBRARY_PATH=/home/wsh/wheeltec/wheeltec_ros2/install/nav2_costmap_2d/lib:/home/wsh/wheeltec/wheeltec_ros2/install/nav2_map_server/lib:/home/wsh/wheeltec/wheeltec_ros2/install/nav2_lifecycle_manager/lib:/home/wsh/wheeltec/wheeltec_ros2/install/nav2_util/lib:/home/wsh/wheeltec/wheeltec_ros2/install/nav2_voxel_grid/lib:/home/wsh/wheeltec/wheeltec_ros2/install/nav2_msgs/lib:/home/wsh/wheeltec/wheeltec_ros2/install/wheeltec_rrt_msg/lib:/home/wsh/wheeltec/wheeltec_ros2/install/wheeltec_robot_rrt/lib:/home/wsh/wheeltec/wheeltec_ros2/install/turn_on_wheeltec_robot/lib:/home/wsh/wheeltec/wheeltec_ros2/install/wheeltec_robot_msg/lib:/home/wsh/wheeltec/wheeltec_ros2/install/usb_cam/lib:/home/wsh/wheeltec/wheeltec_ros2/install/serial/lib:/home/wsh/wheeltec/wheeltec_ros2/install/openslam_gmapping/lib:/home/wsh/wheeltec/wheeltec_ros2/install/nmea_msgs/lib:/home/wsh/wheeltec/wheeltec_ros2/install/nav2_smoother/lib:/home/wsh/wheeltec/wheeltec_ros2/install/nav2_controller/lib:/home/wsh/wheeltec/wheeltec_ros2/install/dwb_plugins/lib:/home/wsh/wheeltec/wheeltec_ros2/install/dwb_critics/lib:/home/wsh/wheeltec/wheeltec_ros2/install/dwb_core/lib:/home/wsh/wheeltec/wheeltec_ros2/install/nav_2d_utils/lib:/home/wsh/wheeltec/wheeltec_ros2/install/dwb_msgs/lib:/home/wsh/wheeltec/wheeltec_ros2/install/nav_2d_msgs/lib:/home/wsh/wheeltec/wheeltec_ros2/install/nav2_waypoint_follower/lib:/home/wsh/wheeltec/wheeltec_ros2/install/nav2_theta_star_planner/lib:/home/wsh/wheeltec/wheeltec_ros2/install/nav2_smac_planner/lib:/home/wsh/wheeltec/wheeltec_ros2/install/nav2_regulated_pure_pursuit_controller/lib:/home/wsh/wheeltec/wheeltec_ros2/install/nav2_planner/lib:/home/wsh/wheeltec/wheeltec_ros2/install/nav2_navfn_planner/lib:/home/wsh/wheeltec/wheeltec_ros2/install/nav2_mppi_controller/lib:/home/wsh/wheeltec/wheeltec_ros2/install/nav2_constrained_smoother/lib:/home/wsh/wheeltec/wheeltec_ros2/install/nav2_bt_navigator/lib:/home/wsh/wheeltec/wheeltec_ros2/install/nav2_behaviors/lib:/home/wsh/wheeltec/wheeltec_ros2/install/nav2_collision_monitor/lib:/home/wsh/wheeltec/wheeltec_ros2/install/costmap_queue/lib:/home/wsh/wheeltec/wheeltec_ros2/install/nav2_velocity_smoother/lib:/home/wsh/wheeltec/wheeltec_ros2/install/nav2_rviz_plugins/lib:/home/wsh/wheeltec/wheeltec_ros2/install/nav2_behavior_tree/lib:/home/wsh/wheeltec/wheeltec_ros2/install/nav2_amcl/lib:/home/wsh/wheeltec/wheeltec_ros2/install/lslidar_msgs/lib:/home/wsh/wheeltec/wheeltec_ros2/install/astra_camera_msgs/lib:/home/wsh/wheeltec/wheeltec_ros2/install/ackermann_msgs/lib:/usr/local/adolc/lib:/usr/local/lib:/usr/local/adolc/lib:/usr/local/lib:/usr/lib/x86_64-linux-gnu/gazebo-11/plugins:/opt/ros/humble/opt/rviz_ogre_vendor/lib:/opt/ros/humble/lib/x86_64-linux-gnu:/opt/ros/humble/lib /usr/bin/cmake --build /home/wsh/wheeltec/wheeltec_ros2/build/nav2_smac_planner -- -j20 -l20
[0.121s] -- Found ament_cmake: 1.3.9 (/opt/ros/humble/share/ament_cmake/cmake)
[0.254s] -- Found nav2_common: 1.1.6 (/home/wsh/wheeltec/wheeltec_ros2/install/nav2_common/share/nav2_common/cmake)
[0.254s] -- Found rclcpp: 16.0.9 (/opt/ros/humble/share/rclcpp/cmake)
[0.293s] -- Found rosidl_generator_c: 3.1.5 (/opt/ros/humble/share/rosidl_generator_c/cmake)
[0.296s] -- Found rosidl_adapter: 3.1.5 (/opt/ros/humble/share/rosidl_adapter/cmake)
[0.307s] -- Found rosidl_generator_cpp: 3.1.5 (/opt/ros/humble/share/rosidl_generator_cpp/cmake)
[0.324s] -- Using all available rosidl_typesupport_c: rosidl_typesupport_fastrtps_c;rosidl_typesupport_introspection_c
[0.338s] -- Using all available rosidl_typesupport_cpp: rosidl_typesupport_fastrtps_cpp;rosidl_typesupport_introspection_cpp
[0.388s] -- Found rmw_implementation_cmake: 6.1.2 (/opt/ros/humble/share/rmw_implementation_cmake/cmake)
[0.392s] -- Found rmw_fastrtps_cpp: 6.2.6 (/opt/ros/humble/share/rmw_fastrtps_cpp/cmake)
[0.529s] -- Using RMW implementation 'rmw_fastrtps_cpp' as default
[0.656s] -- Found rclcpp_action: 16.0.9 (/opt/ros/humble/share/rclcpp_action/cmake)
[0.722s] -- Found rclcpp_lifecycle: 16.0.9 (/opt/ros/humble/share/rclcpp_lifecycle/cmake)
[0.754s] -- Found visualization_msgs: 4.2.4 (/opt/ros/humble/share/visualization_msgs/cmake)
[0.939s] -- Found nav2_util: 1.1.6 (/home/wsh/wheeltec/wheeltec_ros2/install/nav2_util/share/nav2_util/cmake)
[1.335s] -- Found eigen3_cmake_module: 0.1.1 (/opt/ros/humble/share/eigen3_cmake_module/cmake)
[1.336s] -- Ensuring Eigen3 include directory is part of orocos-kdl CMake target
[1.456s] -- Found nav2_core: 1.1.6 (/home/wsh/wheeltec/wheeltec_ros2/install/nav2_core/share/nav2_core/cmake)
[2.486s] -- Found OpenMP_C: -fopenmp (found version "4.5") 
[2.486s] -- Found OpenMP_CXX: -fopenmp (found version "4.5") 
[2.526s] -- Found OpenMP_C: -fopenmp (found version "4.5") 
[2.527s] -- Found OpenMP_CXX: -fopenmp (found version "4.5") 
[10.891s] -- Configuring done
[10.982s] -- Generating done
[10.984s] -- Build files have been written to: /home/wsh/wheeltec/wheeltec_ros2/build/nav2_smac_planner
[11.036s] [35m[1mConsolidate compiler generated dependencies of target nav2_smac_planner_2d[0m
[11.036s] [35m[1mConsolidate compiler generated dependencies of target nav2_smac_planner_lattice[0m
[11.036s] [35m[1mConsolidate compiler generated dependencies of target nav2_smac_planner[0m
[11.093s] [  1%] [32mBuilding CXX object CMakeFiles/nav2_smac_planner_2d.dir/math/discretized_points_smoothing/fem_pos_deviation_smoother.cc.o[0m
[11.099s] [  2%] [32mBuilding CXX object CMakeFiles/nav2_smac_planner_lattice.dir/math/discretized_points_smoothing/fem_pos_deviation_smoother.cc.o[0m
[11.109s] [  4%] [32mBuilding CXX object CMakeFiles/nav2_smac_planner.dir/math/discretized_points_smoothing/fem_pos_deviation_smoother.cc.o[0m
[11.109s] [  4%] [32mBuilding CXX object CMakeFiles/nav2_smac_planner.dir/math/discretized_points_smoothing/fem_pos_deviation_sqp_osqp_interface.cc.o[0m
[12.782s] [01m[K/home/wsh/wheeltec/wheeltec_ros2/src/navigation2-humble/nav2_smac_planner/math/discretized_points_smoothing/fem_pos_deviation_sqp_osqp_interface.cc:[m[K In member function ‘[01m[Kbool nav2_smac_planner::FemPosDeviationSqpOsqpInterface::Solve()[m[K’:
[12.782s] [01m[K/home/wsh/wheeltec/wheeltec_ros2/src/navigation2-humble/nav2_smac_planner/math/discretized_points_smoothing/fem_pos_deviation_sqp_osqp_interface.cc:118:21:[m[K [01;31m[Kerror: [m[Kcannot convert ‘[01m[KOSQPData*[m[K’ to ‘[01m[KOSQPWorkspace**[m[K’
[12.782s]   118 |   work = osqp_setup([01;31m[Kdata[m[K, settings);
[12.782s]       |                     [01;31m[K^~~~[m[K
[12.782s]       |                     [01;31m[K|[m[K
[12.782s]       |                     [01;31m[KOSQPData*[m[K
[12.782s] In file included from [01m[K/home/wsh/wheeltec/wheeltec_ros2/src/navigation2-humble/nav2_smac_planner/math/discretized_points_smoothing/fem_pos_deviation_sqp_osqp_interface.h:26[m[K,
[12.782s]                  from [01m[K/home/wsh/wheeltec/wheeltec_ros2/src/navigation2-humble/nav2_smac_planner/math/discretized_points_smoothing/fem_pos_deviation_sqp_osqp_interface.cc:21[m[K:
[12.782s] [01m[K/usr/local/include/osqp/osqp.h:58:34:[m[K [01;36m[Knote: [m[K  initializing argument 1 of ‘[01m[Kc_int osqp_setup(OSQPWorkspace**, const OSQPData*, const OSQPSettings*)[m[K’
[12.782s]    58 | c_int osqp_setup([01;36m[KOSQPWorkspace** workp[m[K, const OSQPData* data, const OSQPSettings* settings);
[12.782s]       |                  [01;36m[K~~~~~~~~~~~~~~~~^~~~~[m[K
[12.787s] In file included from [01m[K/opt/ros/humble/include/rclcpp/rclcpp/logging.hpp:24[m[K,
[12.787s]                  from [01m[K/opt/ros/humble/include/rclcpp/rclcpp/client.hpp:40[m[K,
[12.787s]                  from [01m[K/opt/ros/humble/include/rclcpp/rclcpp/callback_group.hpp:24[m[K,
[12.787s]                  from [01m[K/opt/ros/humble/include/rclcpp/rclcpp/any_executable.hpp:20[m[K,
[12.787s]                  from [01m[K/opt/ros/humble/include/rclcpp/rclcpp/memory_strategy.hpp:25[m[K,
[12.787s]                  from [01m[K/opt/ros/humble/include/rclcpp/rclcpp/memory_strategies.hpp:18[m[K,
[12.787s]                  from [01m[K/opt/ros/humble/include/rclcpp/rclcpp/executor_options.hpp:20[m[K,
[12.787s]                  from [01m[K/opt/ros/humble/include/rclcpp/rclcpp/executor.hpp:37[m[K,
[12.787s]                  from [01m[K/opt/ros/humble/include/rclcpp/rclcpp/executors/multi_threaded_executor.hpp:25[m[K,
[12.788s]                  from [01m[K/opt/ros/humble/include/rclcpp/rclcpp/executors.hpp:21[m[K,
[12.788s]                  from [01m[K/opt/ros/humble/include/rclcpp/rclcpp/rclcpp.hpp:155[m[K,
[12.788s]                  from [01m[K/home/wsh/wheeltec/wheeltec_ros2/src/navigation2-humble/nav2_smac_planner/math/discretized_points_smoothing/fem_pos_deviation_sqp_osqp_interface.h:29[m[K,
[12.788s]                  from [01m[K/home/wsh/wheeltec/wheeltec_ros2/src/navigation2-humble/nav2_smac_planner/math/discretized_points_smoothing/fem_pos_deviation_sqp_osqp_interface.cc:21[m[K:
[12.788s] [01m[K/home/wsh/wheeltec/wheeltec_ros2/src/navigation2-humble/nav2_smac_planner/math/discretized_points_smoothing/fem_pos_deviation_sqp_osqp_interface.cc:158:23:[m[K [01;31m[Kerror: [m[K‘[01m[Ksqp_sub_max_iter[m[K’ was not declared in this scope; did you mean ‘[01m[Ksqp_sub_max_iter_[m[K’?
[12.788s]   158 |              sub_itr, [01;31m[Ksqp_sub_max_iter[m[K);
[12.788s]       |                       [01;31m[K^~~~~~~~~~~~~~~~[m[K
[12.805s] [01m[K/home/wsh/wheeltec/wheeltec_ros2/src/navigation2-humble/nav2_smac_planner/math/discretized_points_smoothing/fem_pos_deviation_sqp_osqp_interface.cc:[m[K In member function ‘[01m[Kdouble nav2_smac_planner::FemPosDeviationSqpOsqpInterface::CalculateConstraintViolation(const std::vector<std::pair<double, double> >&)[m[K’:
[12.805s] [01m[K/home/wsh/wheeltec/wheeltec_ros2/src/navigation2-humble/nav2_smac_planner/math/discretized_points_smoothing/fem_pos_deviation_sqp_osqp_interface.cc:540:3:[m[K [01;31m[Kerror: [m[K‘[01m[KCHECK_GT[m[K’ was not declared in this scope
[12.805s]   540 |   [01;31m[KCHECK_GT[m[K(points.size(), 2U);
[12.805s]       |   [01;31m[K^~~~~~~~[m[K
[12.824s] [01m[K/home/wsh/wheeltec/wheeltec_ros2/src/navigation2-humble/nav2_smac_planner/math/discretized_points_smoothing/fem_pos_deviation_smoother.cc:[m[K In member function ‘[01m[Kbool nav2_smac_planner::FemPosDeviationSmoother::Solve(const std::vector<std::pair<double, double> >&, const std::vector<double, std::allocator<double> >&, std::vector<double, std::allocator<double> >*, std::vector<double, std::allocator<double> >*, std::vector<std::vector<nav2_smac_planner::common::math::Vec2d> >)[m[K’:
[12.824s] [01m[K/home/wsh/wheeltec/wheeltec_ros2/src/navigation2-humble/nav2_smac_planner/math/discretized_points_smoothing/fem_pos_deviation_smoother.cc:40:18:[m[K [01;31m[Kerror: [m[Kexpected ‘[01m[K;[m[K’ before ‘[01m[K}[m[K’ token
[12.824s]    40 |       return true
[12.824s]       |                  [01;31m[K^[m[K
[12.824s]       |                  [32m[K;[m[K
[12.824s]    41 |     [32m[K}[m[K
[12.824s]       |     [32m[K~[m[K             
[12.831s] [01m[K/home/wsh/wheeltec/wheeltec_ros2/src/navigation2-humble/nav2_smac_planner/math/discretized_points_smoothing/fem_pos_deviation_smoother.cc:[m[K In member function ‘[01m[Kbool nav2_smac_planner::FemPosDeviationSmoother::SqpWithOsqp(const std::vector<std::pair<double, double> >&, const std::vector<double, std::allocator<double> >&, std::vector<double, std::allocator<double> >*, std::vector<double, std::allocator<double> >*)[m[K’:
[12.831s] [01m[K/home/wsh/wheeltec/wheeltec_ros2/src/navigation2-humble/nav2_smac_planner/math/discretized_points_smoothing/fem_pos_deviation_smoother.cc:92:3:[m[K [01;31m[Kerror: [m[K‘[01m[KFemPosDeviationSqpOsqpInterface[m[K’ was not declared in this scope; did you mean ‘[01m[KFemPosDeviationOsqpInterface[m[K’?
[12.831s]    92 |   [01;31m[KFemPosDeviationSqpOsqpInterface[m[K solver;
[12.831s]       |   [01;31m[K^~~~~~~~~~~~~~~~~~~~~~~~~~~~~~~[m[K
[12.831s]       |   [32m[KFemPosDeviationOsqpInterface[m[K
[12.834s] [01m[K/home/wsh/wheeltec/wheeltec_ros2/src/navigation2-humble/nav2_smac_planner/math/discretized_points_smoothing/fem_pos_deviation_smoother.cc:94:3:[m[K [01;31m[Kerror: [m[K‘[01m[Ksolver[m[K’ was not declared in this scope; did you mean ‘[01m[KSolve[m[K’?
[12.835s]    94 |   [01;31m[Ksolver[m[K.set_weight_fem_pos_deviation(config_.weight_fem_pos_deviation());
[12.835s]       |   [01;31m[K^~~~~~[m[K
[12.835s]       |   [32m[KSolve[m[K
[12.843s] [01m[K/home/wsh/wheeltec/wheeltec_ros2/src/navigation2-humble/nav2_smac_planner/math/discretized_points_smoothing/fem_pos_deviation_smoother.cc:[m[K In member function ‘[01m[Kbool nav2_smac_planner::FemPosDeviationSmoother::Solve(const std::vector<std::pair<double, double> >&, const std::vector<double, std::allocator<double> >&, std::vector<double, std::allocator<double> >*, std::vector<double, std::allocator<double> >*, std::vector<std::vector<nav2_smac_planner::common::math::Vec2d> >)[m[K’:
[12.843s] [01m[K/home/wsh/wheeltec/wheeltec_ros2/src/navigation2-humble/nav2_smac_planner/math/discretized_points_smoothing/fem_pos_deviation_smoother.cc:40:18:[m[K [01;31m[Kerror: [m[Kexpected ‘[01m[K;[m[K’ before ‘[01m[K}[m[K’ token
[12.843s]    40 |       return true
[12.843s]       |                  [01;31m[K^[m[K
[12.843s]       |                  [32m[K;[m[K
[12.843s]    41 |     [32m[K}[m[K
[12.843s]       |     [32m[K~[m[K             
[12.850s] [01m[K/home/wsh/wheeltec/wheeltec_ros2/src/navigation2-humble/nav2_smac_planner/math/discretized_points_smoothing/fem_pos_deviation_smoother.cc:[m[K In member function ‘[01m[Kbool nav2_smac_planner::FemPosDeviationSmoother::SqpWithOsqp(const std::vector<std::pair<double, double> >&, const std::vector<double, std::allocator<double> >&, std::vector<double, std::allocator<double> >*, std::vector<double, std::allocator<double> >*)[m[K’:
[12.850s] [01m[K/home/wsh/wheeltec/wheeltec_ros2/src/navigation2-humble/nav2_smac_planner/math/discretized_points_smoothing/fem_pos_deviation_smoother.cc:92:3:[m[K [01;31m[Kerror: [m[K‘[01m[KFemPosDeviationSqpOsqpInterface[m[K’ was not declared in this scope; did you mean ‘[01m[KFemPosDeviationOsqpInterface[m[K’?
[12.850s]    92 |   [01;31m[KFemPosDeviationSqpOsqpInterface[m[K solver;
[12.850s]       |   [01;31m[K^~~~~~~~~~~~~~~~~~~~~~~~~~~~~~~[m[K
[12.850s]       |   [32m[KFemPosDeviationOsqpInterface[m[K
[12.852s] [01m[K/home/wsh/wheeltec/wheeltec_ros2/src/navigation2-humble/nav2_smac_planner/math/discretized_points_smoothing/fem_pos_deviation_smoother.cc:[m[K In member function ‘[01m[Kbool nav2_smac_planner::FemPosDeviationSmoother::Solve(const std::vector<std::pair<double, double> >&, const std::vector<double, std::allocator<double> >&, std::vector<double, std::allocator<double> >*, std::vector<double, std::allocator<double> >*, std::vector<std::vector<nav2_smac_planner::common::math::Vec2d> >)[m[K’:
[12.852s] [01m[K/home/wsh/wheeltec/wheeltec_ros2/src/navigation2-humble/nav2_smac_planner/math/discretized_points_smoothing/fem_pos_deviation_smoother.cc:40:18:[m[K [01;31m[Kerror: [m[Kexpected ‘[01m[K;[m[K’ before ‘[01m[K}[m[K’ token
[12.852s]    40 |       return true
[12.852s]       |                  [01;31m[K^[m[K
[12.852s]       |                  [32m[K;[m[K
[12.852s]    41 |     [32m[K}[m[K
[12.852s]       |     [32m[K~[m[K             
[12.854s] [01m[K/home/wsh/wheeltec/wheeltec_ros2/src/navigation2-humble/nav2_smac_planner/math/discretized_points_smoothing/fem_pos_deviation_smoother.cc:94:3:[m[K [01;31m[Kerror: [m[K‘[01m[Ksolver[m[K’ was not declared in this scope; did you mean ‘[01m[KSolve[m[K’?
[12.854s]    94 |   [01;31m[Ksolver[m[K.set_weight_fem_pos_deviation(config_.weight_fem_pos_deviation());
[12.854s]       |   [01;31m[K^~~~~~[m[K
[12.854s]       |   [32m[KSolve[m[K
[12.859s] [01m[K/home/wsh/wheeltec/wheeltec_ros2/src/navigation2-humble/nav2_smac_planner/math/discretized_points_smoothing/fem_pos_deviation_smoother.cc:[m[K In member function ‘[01m[Kbool nav2_smac_planner::FemPosDeviationSmoother::SqpWithOsqp(const std::vector<std::pair<double, double> >&, const std::vector<double, std::allocator<double> >&, std::vector<double, std::allocator<double> >*, std::vector<double, std::allocator<double> >*)[m[K’:
[12.859s] [01m[K/home/wsh/wheeltec/wheeltec_ros2/src/navigation2-humble/nav2_smac_planner/math/discretized_points_smoothing/fem_pos_deviation_smoother.cc:92:3:[m[K [01;31m[Kerror: [m[K‘[01m[KFemPosDeviationSqpOsqpInterface[m[K’ was not declared in this scope; did you mean ‘[01m[KFemPosDeviationOsqpInterface[m[K’?
[12.859s]    92 |   [01;31m[KFemPosDeviationSqpOsqpInterface[m[K solver;
[12.860s]       |   [01;31m[K^~~~~~~~~~~~~~~~~~~~~~~~~~~~~~~[m[K
[12.860s]       |   [32m[KFemPosDeviationOsqpInterface[m[K
[12.864s] [01m[K/home/wsh/wheeltec/wheeltec_ros2/src/navigation2-humble/nav2_smac_planner/math/discretized_points_smoothing/fem_pos_deviation_smoother.cc:94:3:[m[K [01;31m[Kerror: [m[K‘[01m[Ksolver[m[K’ was not declared in this scope; did you mean ‘[01m[KSolve[m[K’?
[12.864s]    94 |   [01;31m[Ksolver[m[K.set_weight_fem_pos_deviation(config_.weight_fem_pos_deviation());
[12.864s]       |   [01;31m[K^~~~~~[m[K
[12.864s]       |   [32m[KSolve[m[K
[13.137s] gmake[2]: *** [CMakeFiles/nav2_smac_planner.dir/build.make:382: CMakeFiles/nav2_smac_planner.dir/math/discretized_points_smoothing/fem_pos_deviation_sqp_osqp_interface.cc.o] Error 1
[13.138s] gmake[2]: *** Waiting for unfinished jobs....
[13.143s] gmake[2]: *** [CMakeFiles/nav2_smac_planner_lattice.dir/build.make:396: CMakeFiles/nav2_smac_planner_lattice.dir/math/discretized_points_smoothing/fem_pos_deviation_smoother.cc.o] Error 1
[13.143s] gmake[1]: *** [CMakeFiles/Makefile2:193: CMakeFiles/nav2_smac_planner_lattice.dir/all] Error 2
[13.143s] gmake[1]: *** Waiting for unfinished jobs....
[13.163s] gmake[2]: *** [CMakeFiles/nav2_smac_planner.dir/build.make:410: CMakeFiles/nav2_smac_planner.dir/math/discretized_points_smoothing/fem_pos_deviation_smoother.cc.o] Error 1
[13.164s] gmake[1]: *** [CMakeFiles/Makefile2:141: CMakeFiles/nav2_smac_planner.dir/all] Error 2
[13.174s] gmake[2]: *** [CMakeFiles/nav2_smac_planner_2d.dir/build.make:396: CMakeFiles/nav2_smac_planner_2d.dir/math/discretized_points_smoothing/fem_pos_deviation_smoother.cc.o] Error 1
[13.175s] gmake[1]: *** [CMakeFiles/Makefile2:167: CMakeFiles/nav2_smac_planner_2d.dir/all] Error 2
[13.175s] gmake: *** [Makefile:146: all] Error 2
[13.178s] Invoked command in '/home/wsh/wheeltec/wheeltec_ros2/build/nav2_smac_planner' returned '2': CMAKE_PREFIX_PATH=/home/wsh/wheeltec/wheeltec_ros2/install/nav2_core:/home/wsh/wheeltec/wheeltec_ros2/install/nav2_costmap_2d:/home/wsh/wheeltec/wheeltec_ros2/install/nav2_map_server:/home/wsh/wheeltec/wheeltec_ros2/install/nav2_lifecycle_manager:/home/wsh/wheeltec/wheeltec_ros2/install/nav2_util:/home/wsh/wheeltec/wheeltec_ros2/install/nav2_voxel_grid:/home/wsh/wheeltec/wheeltec_ros2/install/nav2_msgs:/home/wsh/wheeltec/wheeltec_ros2/install/nav2_common:/home/wsh/wheeltec/wheeltec_ros2/install/wheeltec_slam_toolbox:/home/wsh/wheeltec/wheeltec_ros2/install/wheeltec_rviz2:/home/wsh/wheeltec/wheeltec_ros2/install/wheeltec_rrt_msg:/home/wsh/wheeltec/wheeltec_ros2/install/wheeltec_robot_urdf:/home/wsh/wheeltec/wheeltec_ros2/install/wheeltec_robot_rtab:/home/wsh/wheeltec/wheeltec_ros2/install/wheeltec_robot_rrt:/home/wsh/wheeltec/wheeltec_ros2/install/turn_on_wheeltec_robot:/home/wsh/wheeltec/wheeltec_ros2/install/wheeltec_robot_msg:/home/wsh/wheeltec/wheeltec_ros2/install/wheeltec_robot_kcf:/home/wsh/wheeltec/wheeltec_ros2/install/wheeltec_nav2:/home/wsh/wheeltec/wheeltec_ros2/install/wheeltec_joy:/home/wsh/wheeltec/wheeltec_ros2/install/wheeltec_gps_path:/home/wsh/wheeltec/wheeltec_ros2/install/wheeltec_cartographer:/home/wsh/wheeltec/wheeltec_ros2/install/web_video_server:/home/wsh/wheeltec/wheeltec_ros2/install/usb_cam:/home/wsh/wheeltec/wheeltec_ros2/install/slam_gmapping:/home/wsh/wheeltec/wheeltec_ros2/install/serial:/home/wsh/wheeltec/wheeltec_ros2/install/openslam_gmapping:/home/wsh/wheeltec/wheeltec_ros2/install/nmea_msgs:/home/wsh/wheeltec/wheeltec_ros2/install/nav2_bringup:/home/wsh/wheeltec/wheeltec_ros2/install/navigation2:/home/wsh/wheeltec/wheeltec_ros2/install/nav2_smoother:/home/wsh/wheeltec/wheeltec_ros2/install/nav2_dwb_controller:/home/wsh/wheeltec/wheeltec_ros2/install/nav2_controller:/home/wsh/wheeltec/wheeltec_ros2/install/dwb_plugins:/home/wsh/wheeltec/wheeltec_ros2/install/dwb_critics:/home/wsh/wheeltec/wheeltec_ros2/install/dwb_core:/home/wsh/wheeltec/wheeltec_ros2/install/nav_2d_utils:/home/wsh/wheeltec/wheeltec_ros2/install/dwb_msgs:/home/wsh/wheeltec/wheeltec_ros2/install/nav_2d_msgs:/home/wsh/wheeltec/wheeltec_ros2/install/nav2_waypoint_follower:/home/wsh/wheeltec/wheeltec_ros2/install/nav2_theta_star_planner:/home/wsh/wheeltec/wheeltec_ros2/install/nav2_smac_planner:/home/wsh/wheeltec/wheeltec_ros2/install/nav2_regulated_pure_pursuit_controller:/home/wsh/wheeltec/wheeltec_ros2/install/nav2_planner:/home/wsh/wheeltec/wheeltec_ros2/install/nav2_navfn_planner:/home/wsh/wheeltec/wheeltec_ros2/install/nav2_mppi_controller:/home/wsh/wheeltec/wheeltec_ros2/install/nav2_constrained_smoother:/home/wsh/wheeltec/wheeltec_ros2/install/nav2_bt_navigator:/home/wsh/wheeltec/wheeltec_ros2/install/nav2_behaviors:/home/wsh/wheeltec/wheeltec_ros2/install/nav2_collision_monitor:/home/wsh/wheeltec/wheeltec_ros2/install/costmap_queue:/home/wsh/wheeltec/wheeltec_ros2/install/nav2_velocity_smoother:/home/wsh/wheeltec/wheeltec_ros2/install/nav2_rviz_plugins:/home/wsh/wheeltec/wheeltec_ros2/install/nav2_behavior_tree:/home/wsh/wheeltec/wheeltec_ros2/install/nav2_amcl:/home/wsh/wheeltec/wheeltec_ros2/install/lslidar_driver:/home/wsh/wheeltec/wheeltec_ros2/install/lslidar_msgs:/home/wsh/wheeltec/wheeltec_ros2/install/ldlidar_stl_ros2:/home/wsh/wheeltec/wheeltec_ros2/install/ldlidar_sl_ros2:/home/wsh/wheeltec/wheeltec_ros2/install/astra_camera_msgs:/home/wsh/wheeltec/wheeltec_ros2/install/ackermann_msgs:/home/wsh/wheeltec/wheeltec_ros2/install/wheeltec_robot_keyboard:/home/wsh/wheeltec/wheeltec_ros2/install/tf2_tools:/home/wsh/wheeltec/wheeltec_ros2/install/nmea_navsat_driver:/home/wsh/wheeltec/wheeltec_ros2/install/nav2_simple_commander:/home/wsh/wheeltec/wheeltec_ros2/install/auto_recharge_ros2:/opt/ros/humble LD_LIBRARY_PATH=/home/wsh/wheeltec/wheeltec_ros2/install/nav2_costmap_2d/lib:/home/wsh/wheeltec/wheeltec_ros2/install/nav2_map_server/lib:/home/wsh/wheeltec/wheeltec_ros2/install/nav2_lifecycle_manager/lib:/home/wsh/wheeltec/wheeltec_ros2/install/nav2_util/lib:/home/wsh/wheeltec/wheeltec_ros2/install/nav2_voxel_grid/lib:/home/wsh/wheeltec/wheeltec_ros2/install/nav2_msgs/lib:/home/wsh/wheeltec/wheeltec_ros2/install/wheeltec_rrt_msg/lib:/home/wsh/wheeltec/wheeltec_ros2/install/wheeltec_robot_rrt/lib:/home/wsh/wheeltec/wheeltec_ros2/install/turn_on_wheeltec_robot/lib:/home/wsh/wheeltec/wheeltec_ros2/install/wheeltec_robot_msg/lib:/home/wsh/wheeltec/wheeltec_ros2/install/usb_cam/lib:/home/wsh/wheeltec/wheeltec_ros2/install/serial/lib:/home/wsh/wheeltec/wheeltec_ros2/install/openslam_gmapping/lib:/home/wsh/wheeltec/wheeltec_ros2/install/nmea_msgs/lib:/home/wsh/wheeltec/wheeltec_ros2/install/nav2_smoother/lib:/home/wsh/wheeltec/wheeltec_ros2/install/nav2_controller/lib:/home/wsh/wheeltec/wheeltec_ros2/install/dwb_plugins/lib:/home/wsh/wheeltec/wheeltec_ros2/install/dwb_critics/lib:/home/wsh/wheeltec/wheeltec_ros2/install/dwb_core/lib:/home/wsh/wheeltec/wheeltec_ros2/install/nav_2d_utils/lib:/home/wsh/wheeltec/wheeltec_ros2/install/dwb_msgs/lib:/home/wsh/wheeltec/wheeltec_ros2/install/nav_2d_msgs/lib:/home/wsh/wheeltec/wheeltec_ros2/install/nav2_waypoint_follower/lib:/home/wsh/wheeltec/wheeltec_ros2/install/nav2_theta_star_planner/lib:/home/wsh/wheeltec/wheeltec_ros2/install/nav2_smac_planner/lib:/home/wsh/wheeltec/wheeltec_ros2/install/nav2_regulated_pure_pursuit_controller/lib:/home/wsh/wheeltec/wheeltec_ros2/install/nav2_planner/lib:/home/wsh/wheeltec/wheeltec_ros2/install/nav2_navfn_planner/lib:/home/wsh/wheeltec/wheeltec_ros2/install/nav2_mppi_controller/lib:/home/wsh/wheeltec/wheeltec_ros2/install/nav2_constrained_smoother/lib:/home/wsh/wheeltec/wheeltec_ros2/install/nav2_bt_navigator/lib:/home/wsh/wheeltec/wheeltec_ros2/install/nav2_behaviors/lib:/home/wsh/wheeltec/wheeltec_ros2/install/nav2_collision_monitor/lib:/home/wsh/wheeltec/wheeltec_ros2/install/costmap_queue/lib:/home/wsh/wheeltec/wheeltec_ros2/install/nav2_velocity_smoother/lib:/home/wsh/wheeltec/wheeltec_ros2/install/nav2_rviz_plugins/lib:/home/wsh/wheeltec/wheeltec_ros2/install/nav2_behavior_tree/lib:/home/wsh/wheeltec/wheeltec_ros2/install/nav2_amcl/lib:/home/wsh/wheeltec/wheeltec_ros2/install/lslidar_msgs/lib:/home/wsh/wheeltec/wheeltec_ros2/install/astra_camera_msgs/lib:/home/wsh/wheeltec/wheeltec_ros2/install/ackermann_msgs/lib:/usr/local/adolc/lib:/usr/local/lib:/usr/local/adolc/lib:/usr/local/lib:/usr/lib/x86_64-linux-gnu/gazebo-11/plugins:/opt/ros/humble/opt/rviz_ogre_vendor/lib:/opt/ros/humble/lib/x86_64-linux-gnu:/opt/ros/humble/lib /usr/bin/cmake --build /home/wsh/wheeltec/wheeltec_ros2/build/nav2_smac_planner -- -j20 -l20
