[35m[1mConsolidate compiler generated dependencies of target nav2_smac_planner_2d[0m
[35m[1mConsolidate compiler generated dependencies of target nav2_smac_planner_lattice[0m
[  1%] [32mBuilding CXX object CMakeFiles/nav2_smac_planner.dir/math/polygon2d.cc.o[0m
[  2%] [32mBuilding CXX object CMakeFiles/nav2_smac_planner.dir/math/discretized_points_smoothing/fem_pos_deviation_osqp_interface.cc.o[0m
[  3%] [32mBuilding CXX object CMakeFiles/nav2_smac_planner.dir/math/discretized_points_smoothing/cos_theta_smoother.cc.o[0m
[  4%] [32mBuilding CXX object CMakeFiles/nav2_smac_planner.dir/math/discretized_points_smoothing/fem_pos_deviation_sqp_osqp_interface.cc.o[0m
[  5%] [32mBuilding CXX object CMakeFiles/nav2_smac_planner.dir/math/discretized_points_smoothing/fem_pos_deviation_smoother.cc.o[0m
[  6%] [32mBuilding CXX object CMakeFiles/nav2_smac_planner.dir/math/discretized_points_smoothing/cos_theta_ipopt_interface.cc.o[0m
[  7%] [32mBuilding CXX object CMakeFiles/nav2_smac_planner.dir/cos_theta_smoother_config.pb.cc.o[0m
[  8%] [32mBuilding CXX object CMakeFiles/nav2_smac_planner.dir/math/discretized_points_smoothing/fem_pos_deviation_ipopt_interface.cc.o[0m
[  9%] [32mBuilding CXX object CMakeFiles/nav2_smac_planner.dir/planner_open_space_config.pb.cc.o[0m
[ 11%] [32mBuilding CXX object CMakeFiles/nav2_smac_planner.dir/pnc_point.pb.cc.o[0m
[ 11%] [32mBuilding CXX object CMakeFiles/nav2_smac_planner.dir/gflags/planning_gflags.cc.o[0m
[ 11%] [32mBuilding CXX object CMakeFiles/nav2_smac_planner.dir/util/string_util.cc.o[0m
[ 12%] [32mBuilding CXX object CMakeFiles/nav2_smac_planner.dir/fem_pos_deviation_smoother_config.pb.cc.o[0m
[ 13%] [32mBuilding CXX object CMakeFiles/nav2_smac_planner.dir/qp_problem.pb.cc.o[0m
[ 14%] [32mBuilding CXX object CMakeFiles/nav2_smac_planner_lattice.dir/math/polygon2d.cc.o[0m
[ 15%] [32mBuilding CXX object CMakeFiles/nav2_smac_planner_lattice.dir/math/discretized_points_smoothing/fem_pos_deviation_ipopt_interface.cc.o[0m
[ 16%] [32mBuilding CXX object CMakeFiles/nav2_smac_planner_lattice.dir/math/discretized_points_smoothing/cos_theta_ipopt_interface.cc.o[0m
[ 16%] [32mBuilding CXX object CMakeFiles/nav2_smac_planner_lattice.dir/math/discretized_points_smoothing/fem_pos_deviation_osqp_interface.cc.o[0m
[ 17%] [32mBuilding CXX object CMakeFiles/nav2_smac_planner_2d.dir/math/polygon2d.cc.o[0m
[ 18%] [32mBuilding CXX object CMakeFiles/nav2_smac_planner_lattice.dir/math/discretized_points_smoothing/cos_theta_smoother.cc.o[0m
[ 18%] [32mBuilding CXX object CMakeFiles/nav2_smac_planner_2d.dir/math/discretized_points_smoothing/cos_theta_ipopt_interface.cc.o[0m
[ 19%] [32mBuilding CXX object CMakeFiles/nav2_smac_planner_lattice.dir/math/discretized_points_smoothing/fem_pos_deviation_smoother.cc.o[0m
[ 20%] [32mBuilding CXX object CMakeFiles/nav2_smac_planner_2d.dir/math/discretized_points_smoothing/cos_theta_smoother.cc.o[0m
[ 21%] [32mBuilding CXX object CMakeFiles/nav2_smac_planner_2d.dir/math/discretized_points_smoothing/fem_pos_deviation_ipopt_interface.cc.o[0m
