[0.116s] Invoking command in '/home/wsh/wheeltec/wheeltec_ros2/build/nav2_smac_planner': CMAKE_PREFIX_PATH=/home/wsh/wheeltec/wheeltec_ros2/install/nav2_core:/home/wsh/wheeltec/wheeltec_ros2/install/nav2_costmap_2d:/home/wsh/wheeltec/wheeltec_ros2/install/nav2_map_server:/home/wsh/wheeltec/wheeltec_ros2/install/nav2_lifecycle_manager:/home/wsh/wheeltec/wheeltec_ros2/install/nav2_util:/home/wsh/wheeltec/wheeltec_ros2/install/nav2_voxel_grid:/home/wsh/wheeltec/wheeltec_ros2/install/nav2_msgs:/home/wsh/wheeltec/wheeltec_ros2/install/nav2_common:/home/wsh/wheeltec/wheeltec_ros2/install/wheeltec_slam_toolbox:/home/wsh/wheeltec/wheeltec_ros2/install/wheeltec_rviz2:/home/wsh/wheeltec/wheeltec_ros2/install/wheeltec_rrt_msg:/home/wsh/wheeltec/wheeltec_ros2/install/wheeltec_robot_urdf:/home/wsh/wheeltec/wheeltec_ros2/install/wheeltec_robot_rtab:/home/wsh/wheeltec/wheeltec_ros2/install/wheeltec_robot_rrt:/home/wsh/wheeltec/wheeltec_ros2/install/turn_on_wheeltec_robot:/home/wsh/wheeltec/wheeltec_ros2/install/wheeltec_robot_msg:/home/wsh/wheeltec/wheeltec_ros2/install/wheeltec_robot_kcf:/home/wsh/wheeltec/wheeltec_ros2/install/wheeltec_nav2:/home/wsh/wheeltec/wheeltec_ros2/install/wheeltec_joy:/home/wsh/wheeltec/wheeltec_ros2/install/wheeltec_gps_path:/home/wsh/wheeltec/wheeltec_ros2/install/wheeltec_cartographer:/home/wsh/wheeltec/wheeltec_ros2/install/web_video_server:/home/wsh/wheeltec/wheeltec_ros2/install/usb_cam:/home/wsh/wheeltec/wheeltec_ros2/install/slam_gmapping:/home/wsh/wheeltec/wheeltec_ros2/install/serial:/home/wsh/wheeltec/wheeltec_ros2/install/openslam_gmapping:/home/wsh/wheeltec/wheeltec_ros2/install/nmea_msgs:/home/wsh/wheeltec/wheeltec_ros2/install/nav2_bringup:/home/wsh/wheeltec/wheeltec_ros2/install/navigation2:/home/wsh/wheeltec/wheeltec_ros2/install/nav2_smoother:/home/wsh/wheeltec/wheeltec_ros2/install/nav2_dwb_controller:/home/wsh/wheeltec/wheeltec_ros2/install/nav2_controller:/home/wsh/wheeltec/wheeltec_ros2/install/dwb_plugins:/home/wsh/wheeltec/wheeltec_ros2/install/dwb_critics:/home/wsh/wheeltec/wheeltec_ros2/install/dwb_core:/home/wsh/wheeltec/wheeltec_ros2/install/nav_2d_utils:/home/wsh/wheeltec/wheeltec_ros2/install/dwb_msgs:/home/wsh/wheeltec/wheeltec_ros2/install/nav_2d_msgs:/home/wsh/wheeltec/wheeltec_ros2/install/nav2_waypoint_follower:/home/wsh/wheeltec/wheeltec_ros2/install/nav2_theta_star_planner:/home/wsh/wheeltec/wheeltec_ros2/install/nav2_smac_planner:/home/wsh/wheeltec/wheeltec_ros2/install/nav2_regulated_pure_pursuit_controller:/home/wsh/wheeltec/wheeltec_ros2/install/nav2_planner:/home/wsh/wheeltec/wheeltec_ros2/install/nav2_navfn_planner:/home/wsh/wheeltec/wheeltec_ros2/install/nav2_mppi_controller:/home/wsh/wheeltec/wheeltec_ros2/install/nav2_constrained_smoother:/home/wsh/wheeltec/wheeltec_ros2/install/nav2_bt_navigator:/home/wsh/wheeltec/wheeltec_ros2/install/nav2_behaviors:/home/wsh/wheeltec/wheeltec_ros2/install/nav2_collision_monitor:/home/wsh/wheeltec/wheeltec_ros2/install/costmap_queue:/home/wsh/wheeltec/wheeltec_ros2/install/nav2_velocity_smoother:/home/wsh/wheeltec/wheeltec_ros2/install/nav2_rviz_plugins:/home/wsh/wheeltec/wheeltec_ros2/install/nav2_behavior_tree:/home/wsh/wheeltec/wheeltec_ros2/install/nav2_amcl:/home/wsh/wheeltec/wheeltec_ros2/install/lslidar_driver:/home/wsh/wheeltec/wheeltec_ros2/install/lslidar_msgs:/home/wsh/wheeltec/wheeltec_ros2/install/ldlidar_stl_ros2:/home/wsh/wheeltec/wheeltec_ros2/install/ldlidar_sl_ros2:/home/wsh/wheeltec/wheeltec_ros2/install/astra_camera_msgs:/home/wsh/wheeltec/wheeltec_ros2/install/ackermann_msgs:/home/wsh/wheeltec/wheeltec_ros2/install/wheeltec_robot_keyboard:/home/wsh/wheeltec/wheeltec_ros2/install/tf2_tools:/home/wsh/wheeltec/wheeltec_ros2/install/nmea_navsat_driver:/home/wsh/wheeltec/wheeltec_ros2/install/nav2_simple_commander:/home/wsh/wheeltec/wheeltec_ros2/install/auto_recharge_ros2:/opt/ros/humble LD_LIBRARY_PATH=/home/wsh/wheeltec/wheeltec_ros2/install/nav2_costmap_2d/lib:/home/wsh/wheeltec/wheeltec_ros2/install/nav2_map_server/lib:/home/wsh/wheeltec/wheeltec_ros2/install/nav2_lifecycle_manager/lib:/home/wsh/wheeltec/wheeltec_ros2/install/nav2_util/lib:/home/wsh/wheeltec/wheeltec_ros2/install/nav2_voxel_grid/lib:/home/wsh/wheeltec/wheeltec_ros2/install/nav2_msgs/lib:/home/wsh/wheeltec/wheeltec_ros2/install/wheeltec_rrt_msg/lib:/home/wsh/wheeltec/wheeltec_ros2/install/wheeltec_robot_rrt/lib:/home/wsh/wheeltec/wheeltec_ros2/install/turn_on_wheeltec_robot/lib:/home/wsh/wheeltec/wheeltec_ros2/install/wheeltec_robot_msg/lib:/home/wsh/wheeltec/wheeltec_ros2/install/usb_cam/lib:/home/wsh/wheeltec/wheeltec_ros2/install/serial/lib:/home/wsh/wheeltec/wheeltec_ros2/install/openslam_gmapping/lib:/home/wsh/wheeltec/wheeltec_ros2/install/nmea_msgs/lib:/home/wsh/wheeltec/wheeltec_ros2/install/nav2_smoother/lib:/home/wsh/wheeltec/wheeltec_ros2/install/nav2_controller/lib:/home/wsh/wheeltec/wheeltec_ros2/install/dwb_plugins/lib:/home/wsh/wheeltec/wheeltec_ros2/install/dwb_critics/lib:/home/wsh/wheeltec/wheeltec_ros2/install/dwb_core/lib:/home/wsh/wheeltec/wheeltec_ros2/install/nav_2d_utils/lib:/home/wsh/wheeltec/wheeltec_ros2/install/dwb_msgs/lib:/home/wsh/wheeltec/wheeltec_ros2/install/nav_2d_msgs/lib:/home/wsh/wheeltec/wheeltec_ros2/install/nav2_waypoint_follower/lib:/home/wsh/wheeltec/wheeltec_ros2/install/nav2_theta_star_planner/lib:/home/wsh/wheeltec/wheeltec_ros2/install/nav2_smac_planner/lib:/home/wsh/wheeltec/wheeltec_ros2/install/nav2_regulated_pure_pursuit_controller/lib:/home/wsh/wheeltec/wheeltec_ros2/install/nav2_planner/lib:/home/wsh/wheeltec/wheeltec_ros2/install/nav2_navfn_planner/lib:/home/wsh/wheeltec/wheeltec_ros2/install/nav2_mppi_controller/lib:/home/wsh/wheeltec/wheeltec_ros2/install/nav2_constrained_smoother/lib:/home/wsh/wheeltec/wheeltec_ros2/install/nav2_bt_navigator/lib:/home/wsh/wheeltec/wheeltec_ros2/install/nav2_behaviors/lib:/home/wsh/wheeltec/wheeltec_ros2/install/nav2_collision_monitor/lib:/home/wsh/wheeltec/wheeltec_ros2/install/costmap_queue/lib:/home/wsh/wheeltec/wheeltec_ros2/install/nav2_velocity_smoother/lib:/home/wsh/wheeltec/wheeltec_ros2/install/nav2_rviz_plugins/lib:/home/wsh/wheeltec/wheeltec_ros2/install/nav2_behavior_tree/lib:/home/wsh/wheeltec/wheeltec_ros2/install/nav2_amcl/lib:/home/wsh/wheeltec/wheeltec_ros2/install/lslidar_msgs/lib:/home/wsh/wheeltec/wheeltec_ros2/install/astra_camera_msgs/lib:/home/wsh/wheeltec/wheeltec_ros2/install/ackermann_msgs/lib:/usr/local/adolc/lib:/usr/local/lib:/usr/local/adolc/lib:/usr/local/lib:/usr/lib/x86_64-linux-gnu/gazebo-11/plugins:/opt/ros/humble/opt/rviz_ogre_vendor/lib:/opt/ros/humble/lib/x86_64-linux-gnu:/opt/ros/humble/lib /usr/bin/cmake --build /home/wsh/wheeltec/wheeltec_ros2/build/nav2_smac_planner -- -j20 -l20
[0.227s] -- Found ament_cmake: 1.3.9 (/opt/ros/humble/share/ament_cmake/cmake)
[0.377s] -- Found nav2_common: 1.1.6 (/home/wsh/wheeltec/wheeltec_ros2/install/nav2_common/share/nav2_common/cmake)
[0.377s] -- Found rclcpp: 16.0.9 (/opt/ros/humble/share/rclcpp/cmake)
[0.409s] -- Found rosidl_generator_c: 3.1.5 (/opt/ros/humble/share/rosidl_generator_c/cmake)
[0.412s] -- Found rosidl_adapter: 3.1.5 (/opt/ros/humble/share/rosidl_adapter/cmake)
[0.424s] -- Found rosidl_generator_cpp: 3.1.5 (/opt/ros/humble/share/rosidl_generator_cpp/cmake)
[0.446s] -- Using all available rosidl_typesupport_c: rosidl_typesupport_fastrtps_c;rosidl_typesupport_introspection_c
[0.462s] -- Using all available rosidl_typesupport_cpp: rosidl_typesupport_fastrtps_cpp;rosidl_typesupport_introspection_cpp
[0.512s] -- Found rmw_implementation_cmake: 6.1.2 (/opt/ros/humble/share/rmw_implementation_cmake/cmake)
[0.515s] -- Found rmw_fastrtps_cpp: 6.2.6 (/opt/ros/humble/share/rmw_fastrtps_cpp/cmake)
[0.622s] -- Using RMW implementation 'rmw_fastrtps_cpp' as default
[0.743s] -- Found rclcpp_action: 16.0.9 (/opt/ros/humble/share/rclcpp_action/cmake)
[0.808s] -- Found rclcpp_lifecycle: 16.0.9 (/opt/ros/humble/share/rclcpp_lifecycle/cmake)
[0.839s] -- Found visualization_msgs: 4.2.4 (/opt/ros/humble/share/visualization_msgs/cmake)
[1.023s] -- Found nav2_util: 1.1.6 (/home/wsh/wheeltec/wheeltec_ros2/install/nav2_util/share/nav2_util/cmake)
[1.406s] -- Found eigen3_cmake_module: 0.1.1 (/opt/ros/humble/share/eigen3_cmake_module/cmake)
[1.407s] -- Ensuring Eigen3 include directory is part of orocos-kdl CMake target
[1.527s] -- Found nav2_core: 1.1.6 (/home/wsh/wheeltec/wheeltec_ros2/install/nav2_core/share/nav2_core/cmake)
[2.556s] -- Found OpenMP_C: -fopenmp (found version "4.5") 
[2.556s] -- Found OpenMP_CXX: -fopenmp (found version "4.5") 
[2.587s] -- Found OpenMP_C: -fopenmp (found version "4.5") 
[2.588s] -- Found OpenMP_CXX: -fopenmp (found version "4.5") 
[10.869s] -- Configuring done
[11.031s] -- Generating done
[11.032s] -- Build files have been written to: /home/wsh/wheeltec/wheeltec_ros2/build/nav2_smac_planner
[11.082s] [35m[1mConsolidate compiler generated dependencies of target nav2_smac_planner_2d[0m
[11.083s] [35m[1mConsolidate compiler generated dependencies of target nav2_smac_planner[0m
[11.083s] [35m[1mConsolidate compiler generated dependencies of target nav2_smac_planner_lattice[0m
[11.156s] [  1%] [32mBuilding CXX object CMakeFiles/nav2_smac_planner_2d.dir/src/a_star.cpp.o[0m
[11.156s] [  2%] [32mBuilding CXX object CMakeFiles/nav2_smac_planner.dir/src/a_star.cpp.o[0m
[11.156s] [  3%] [32mBuilding CXX object CMakeFiles/nav2_smac_planner_2d.dir/src/smoother.cpp.o[0m
[11.156s] [  4%] [32mBuilding CXX object CMakeFiles/nav2_smac_planner.dir/src/smac_planner_hybrid.cpp.o[0m
[11.156s] [  5%] [32mBuilding CXX object CMakeFiles/nav2_smac_planner_lattice.dir/src/smoother.cpp.o[0m
[11.157s] [  5%] [32mBuilding CXX object CMakeFiles/nav2_smac_planner_lattice.dir/src/a_star.cpp.o[0m
[11.157s] [  6%] [32mBuilding CXX object CMakeFiles/nav2_smac_planner_lattice.dir/src/collision_checker.cpp.o[0m
[11.157s] [  8%] [32mBuilding CXX object CMakeFiles/nav2_smac_planner_2d.dir/src/smac_planner_2d.cpp.o[0m
[11.157s] [  8%] [32mBuilding CXX object CMakeFiles/nav2_smac_planner_lattice.dir/src/smac_planner_lattice.cpp.o[0m
[11.157s] [  9%] [32mBuilding CXX object CMakeFiles/nav2_smac_planner_2d.dir/src/analytic_expansion.cpp.o[0m
[11.158s] [ 10%] [32mBuilding CXX object CMakeFiles/nav2_smac_planner_2d.dir/src/node_hybrid.cpp.o[0m
[11.158s] [ 11%] [32mBuilding CXX object CMakeFiles/nav2_smac_planner_lattice.dir/src/analytic_expansion.cpp.o[0m
[11.158s] [ 12%] [32mBuilding CXX object CMakeFiles/nav2_smac_planner_2d.dir/src/collision_checker.cpp.o[0m
[11.159s] [ 13%] [32mBuilding CXX object CMakeFiles/nav2_smac_planner_lattice.dir/src/node_hybrid.cpp.o[0m
[11.160s] [ 14%] [32mBuilding CXX object CMakeFiles/nav2_smac_planner_2d.dir/src/node_lattice.cpp.o[0m
[11.162s] [ 15%] [32mBuilding CXX object CMakeFiles/nav2_smac_planner.dir/src/smoother.cpp.o[0m
[11.162s] [ 16%] [32mBuilding CXX object CMakeFiles/nav2_smac_planner.dir/src/collision_checker.cpp.o[0m
[11.162s] [ 17%] [32mBuilding CXX object CMakeFiles/nav2_smac_planner.dir/src/analytic_expansion.cpp.o[0m
[11.163s] [ 18%] [32mBuilding CXX object CMakeFiles/nav2_smac_planner_lattice.dir/src/node_lattice.cpp.o[0m
[11.167s] [ 19%] [32mBuilding CXX object CMakeFiles/nav2_smac_planner_2d.dir/src/costmap_downsampler.cpp.o[0m
[15.152s] [ 19%] [32mBuilding CXX object CMakeFiles/nav2_smac_planner_2d.dir/src/node_2d.cpp.o[0m
[15.341s] [ 20%] [32mBuilding CXX object CMakeFiles/nav2_smac_planner_2d.dir/src/node_basic.cpp.o[0m
[15.989s] [ 21%] [32mBuilding CXX object CMakeFiles/nav2_smac_planner_2d.dir/math/vec2d.cc.o[0m
[16.754s] [ 21%] [32mBuilding CXX object CMakeFiles/nav2_smac_planner.dir/src/node_hybrid.cpp.o[0m
[16.822s] [ 22%] [32mBuilding CXX object CMakeFiles/nav2_smac_planner_2d.dir/math/discrete_points_math.cc.o[0m
[19.857s] [ 23%] [32mBuilding CXX object CMakeFiles/nav2_smac_planner.dir/src/node_lattice.cpp.o[0m
[19.983s] [ 24%] [32mBuilding CXX object CMakeFiles/nav2_smac_planner.dir/src/costmap_downsampler.cpp.o[0m
[20.020s] [ 25%] [32mBuilding CXX object CMakeFiles/nav2_smac_planner_lattice.dir/src/costmap_downsampler.cpp.o[0m
[20.038s] [ 26%] [32mBuilding CXX object CMakeFiles/nav2_smac_planner.dir/src/node_2d.cpp.o[0m
[20.134s] [ 27%] [32mBuilding CXX object CMakeFiles/nav2_smac_planner_lattice.dir/src/node_2d.cpp.o[0m
[20.362s] [ 28%] [32mBuilding CXX object CMakeFiles/nav2_smac_planner_lattice.dir/src/node_basic.cpp.o[0m
[20.805s] [ 29%] [32mBuilding CXX object CMakeFiles/nav2_smac_planner.dir/src/node_basic.cpp.o[0m
[21.336s] [ 30%] [32mBuilding CXX object CMakeFiles/nav2_smac_planner_lattice.dir/math/vec2d.cc.o[0m
[21.389s] [ 30%] [32mBuilding CXX object CMakeFiles/nav2_smac_planner_lattice.dir/math/discrete_points_math.cc.o[0m
[21.639s] [ 31%] [32mBuilding CXX object CMakeFiles/nav2_smac_planner_2d.dir/math/aabox2d.cc.o[0m
[21.683s] [ 32%] [32mBuilding CXX object CMakeFiles/nav2_smac_planner.dir/math/vec2d.cc.o[0m
[21.842s] [ 33%] [32mBuilding CXX object CMakeFiles/nav2_smac_planner_lattice.dir/math/aabox2d.cc.o[0m
[22.016s] [ 34%] [32mBuilding CXX object CMakeFiles/nav2_smac_planner.dir/math/discrete_points_math.cc.o[0m
[22.068s] [ 35%] [32mBuilding CXX object CMakeFiles/nav2_smac_planner.dir/math/aabox2d.cc.o[0m
[22.501s] [ 36%] [32mBuilding CXX object CMakeFiles/nav2_smac_planner.dir/math/box2d.cc.o[0m
[22.711s] [ 37%] [32mBuilding CXX object CMakeFiles/nav2_smac_planner_2d.dir/math/box2d.cc.o[0m
[23.114s] [ 38%] [32mBuilding CXX object CMakeFiles/nav2_smac_planner_2d.dir/math/discretized_path.cc.o[0m
[23.298s] [ 39%] [32mBuilding CXX object CMakeFiles/nav2_smac_planner_2d.dir/math/line_segment2d.cc.o[0m
[23.486s] [ 40%] [32mBuilding CXX object CMakeFiles/nav2_smac_planner.dir/math/discretized_path.cc.o[0m
[24.198s] [ 40%] [32mBuilding CXX object CMakeFiles/nav2_smac_planner.dir/math/line_segment2d.cc.o[0m
[24.316s] [ 41%] [32mBuilding CXX object CMakeFiles/nav2_smac_planner_lattice.dir/math/box2d.cc.o[0m
[24.465s] [ 42%] [32mBuilding CXX object CMakeFiles/nav2_smac_planner.dir/math/math_utils.cc.o[0m
[24.641s] [ 43%] [32mBuilding CXX object CMakeFiles/nav2_smac_planner_lattice.dir/math/discretized_path.cc.o[0m
[24.681s] [ 44%] [32mBuilding CXX object CMakeFiles/nav2_smac_planner_2d.dir/math/math_utils.cc.o[0m
[25.106s] [ 45%] [32mBuilding CXX object CMakeFiles/nav2_smac_planner_2d.dir/math/polygon2d.cc.o[0m
[25.249s] [ 46%] [32mBuilding CXX object CMakeFiles/nav2_smac_planner_lattice.dir/math/line_segment2d.cc.o[0m
[25.395s] [01m[K/home/wsh/wheeltec/wheeltec_ros2/src/navigation2-humble/nav2_smac_planner/math/polygon2d.cc:27:10:[m[K [01;31m[Kfatal error: [m[Kutil/string_util.h: No such file or directory
[25.400s]    27 | #include [01;31m[K"util/string_util.h"[m[K
[25.400s]       |          [01;31m[K^~~~~~~~~~~~~~~~~~~~[m[K
[25.400s] compilation terminated.
[25.400s] gmake[2]: *** [CMakeFiles/nav2_smac_planner_2d.dir/build.make:354: CMakeFiles/nav2_smac_planner_2d.dir/math/polygon2d.cc.o] Error 1
[25.400s] gmake[2]: *** Waiting for unfinished jobs....
[25.408s] [ 47%] [32mBuilding CXX object CMakeFiles/nav2_smac_planner.dir/math/polygon2d.cc.o[0m
[25.737s] [ 48%] [32mBuilding CXX object CMakeFiles/nav2_smac_planner.dir/math/discretized_points_smoothing/cos_theta_ipopt_interface.cc.o[0m
[25.743s] [ 49%] [32mBuilding CXX object CMakeFiles/nav2_smac_planner_lattice.dir/math/math_utils.cc.o[0m
[25.841s] [ 50%] [32mBuilding CXX object CMakeFiles/nav2_smac_planner.dir/math/discretized_points_smoothing/cos_theta_smoother.cc.o[0m
[25.848s] [ 51%] [32mBuilding CXX object CMakeFiles/nav2_smac_planner.dir/math/discretized_points_smoothing/fem_pos_deviation_ipopt_interface.cc.o[0m
[25.864s] [01m[K/home/wsh/wheeltec/wheeltec_ros2/src/navigation2-humble/nav2_smac_planner/math/polygon2d.cc:27:10:[m[K [01;31m[Kfatal error: [m[Kutil/string_util.h: No such file or directory
[25.864s]    27 | #include [01;31m[K"util/string_util.h"[m[K
[25.864s]       |          [01;31m[K^~~~~~~~~~~~~~~~~~~~[m[K
[25.865s] compilation terminated.
[25.868s] gmake[2]: *** [CMakeFiles/nav2_smac_planner.dir/build.make:354: CMakeFiles/nav2_smac_planner.dir/math/polygon2d.cc.o] Error 1
[25.868s] gmake[2]: *** Waiting for unfinished jobs....
[25.881s] [ 52%] [32mBuilding CXX object CMakeFiles/nav2_smac_planner_lattice.dir/math/polygon2d.cc.o[0m
[25.905s] [ 53%] [32mBuilding CXX object CMakeFiles/nav2_smac_planner_lattice.dir/math/discretized_points_smoothing/cos_theta_ipopt_interface.cc.o[0m
[25.910s] gmake[1]: *** [CMakeFiles/Makefile2:167: CMakeFiles/nav2_smac_planner_2d.dir/all] Error 2
[25.911s] gmake[1]: *** Waiting for unfinished jobs....
[25.924s] [ 54%] [32mBuilding CXX object CMakeFiles/nav2_smac_planner_lattice.dir/math/discretized_points_smoothing/cos_theta_smoother.cc.o[0m
[25.925s] In file included from [01m[K/home/wsh/wheeltec/wheeltec_ros2/src/navigation2-humble/nav2_smac_planner/math/discretized_points_smoothing/cos_theta_ipopt_interface.h:25[m[K,
[25.925s]                  from [01m[K/home/wsh/wheeltec/wheeltec_ros2/src/navigation2-humble/nav2_smac_planner/math/discretized_points_smoothing/cos_theta_ipopt_interface.cc:17[m[K:
[25.926s] [01m[K/usr/local/adolc/include/adolc/adolc_sparse.h:15:10:[m[K [01;31m[Kfatal error: [m[Kadolc/sparse/sparsedrivers.h: No such file or directory
[25.926s]    15 | #include [01;31m[K<adolc/sparse/sparsedrivers.h>[m[K
[25.926s]       |          [01;31m[K^~~~~~~~~~~~~~~~~~~~~~~~~~~~~~[m[K
[25.926s] compilation terminated.
[25.926s] gmake[2]: *** [CMakeFiles/nav2_smac_planner.dir/build.make:368: CMakeFiles/nav2_smac_planner.dir/math/discretized_points_smoothing/cos_theta_ipopt_interface.cc.o] Error 1
[25.938s] [ 55%] [32mBuilding CXX object CMakeFiles/nav2_smac_planner_lattice.dir/math/discretized_points_smoothing/fem_pos_deviation_ipopt_interface.cc.o[0m
[25.983s] In file included from [01m[K/home/wsh/wheeltec/wheeltec_ros2/src/navigation2-humble/nav2_smac_planner/math/discretized_points_smoothing/fem_pos_deviation_ipopt_interface.h:23[m[K,
[25.984s]                  from [01m[K/home/wsh/wheeltec/wheeltec_ros2/src/navigation2-humble/nav2_smac_planner/math/discretized_points_smoothing/fem_pos_deviation_ipopt_interface.cc:21[m[K:
[25.984s] [01m[K/usr/local/adolc/include/adolc/adolc_sparse.h:15:10:[m[K [01;31m[Kfatal error: [m[Kadolc/sparse/sparsedrivers.h: No such file or directory
[25.984s]    15 | #include [01;31m[K<adolc/sparse/sparsedrivers.h>[m[K
[25.984s]       |          [01;31m[K^~~~~~~~~~~~~~~~~~~~~~~~~~~~~~[m[K
[25.984s] compilation terminated.
[25.987s] gmake[2]: *** [CMakeFiles/nav2_smac_planner.dir/build.make:396: CMakeFiles/nav2_smac_planner.dir/math/discretized_points_smoothing/fem_pos_deviation_ipopt_interface.cc.o] Error 1
[25.997s] [ 55%] [32mBuilding CXX object CMakeFiles/nav2_smac_planner_lattice.dir/math/discretized_points_smoothing/fem_pos_deviation_osqp_interface.cc.o[0m
[26.036s] In file included from [01m[K/home/wsh/wheeltec/wheeltec_ros2/src/navigation2-humble/nav2_smac_planner/math/discretized_points_smoothing/fem_pos_deviation_osqp_interface.h:26[m[K,
[26.036s]                  from [01m[K/home/wsh/wheeltec/wheeltec_ros2/src/navigation2-humble/nav2_smac_planner/math/discretized_points_smoothing/fem_pos_deviation_osqp_interface.cc:21[m[K:
[26.036s] [01m[K/usr/local/include/osqp.h:6:11:[m[K [01;31m[Kfatal error: [m[Kosqp_configure.h: No such file or directory
[26.037s]     6 | # include [01;31m[K"osqp_configure.h"[m[K
[26.037s]       |           [01;31m[K^~~~~~~~~~~~~~~~~~[m[K
[26.037s] compilation terminated.
[26.037s] gmake[2]: *** [CMakeFiles/nav2_smac_planner_lattice.dir/build.make:410: CMakeFiles/nav2_smac_planner_lattice.dir/math/discretized_points_smoothing/fem_pos_deviation_osqp_interface.cc.o] Error 1
[26.037s] gmake[2]: *** Waiting for unfinished jobs....
[26.062s] In file included from [01m[K/home/wsh/wheeltec/wheeltec_ros2/src/navigation2-humble/nav2_smac_planner/math/discretized_points_smoothing/cos_theta_ipopt_interface.h:25[m[K,
[26.062s]                  from [01m[K/home/wsh/wheeltec/wheeltec_ros2/src/navigation2-humble/nav2_smac_planner/math/discretized_points_smoothing/cos_theta_ipopt_interface.cc:17[m[K:
[26.062s] [01m[K/usr/local/adolc/include/adolc/adolc_sparse.h:15:10:[m[K [01;31m[Kfatal error: [m[Kadolc/sparse/sparsedrivers.h: No such file or directory
[26.062s]    15 | #include [01;31m[K<adolc/sparse/sparsedrivers.h>[m[K
[26.062s]       |          [01;31m[K^~~~~~~~~~~~~~~~~~~~~~~~~~~~~~[m[K
[26.064s] compilation terminated.
[26.064s] gmake[2]: *** [CMakeFiles/nav2_smac_planner_lattice.dir/build.make:368: CMakeFiles/nav2_smac_planner_lattice.dir/math/discretized_points_smoothing/cos_theta_ipopt_interface.cc.o] Error 1
[26.085s] In file included from [01m[K/home/wsh/wheeltec/wheeltec_ros2/src/navigation2-humble/nav2_smac_planner/math/discretized_points_smoothing/fem_pos_deviation_ipopt_interface.h:23[m[K,
[26.086s]                  from [01m[K/home/wsh/wheeltec/wheeltec_ros2/src/navigation2-humble/nav2_smac_planner/math/discretized_points_smoothing/fem_pos_deviation_ipopt_interface.cc:21[m[K:
[26.086s] [01m[K/usr/local/adolc/include/adolc/adolc_sparse.h:15:10:[m[K [01;31m[Kfatal error: [m[Kadolc/sparse/sparsedrivers.h: No such file or directory
[26.086s]    15 | #include [01;31m[K<adolc/sparse/sparsedrivers.h>[m[K
[26.086s]       |          [01;31m[K^~~~~~~~~~~~~~~~~~~~~~~~~~~~~~[m[K
[26.086s] compilation terminated.
[26.087s] gmake[2]: *** [CMakeFiles/nav2_smac_planner_lattice.dir/build.make:396: CMakeFiles/nav2_smac_planner_lattice.dir/math/discretized_points_smoothing/fem_pos_deviation_ipopt_interface.cc.o] Error 1
[26.135s] [01m[K/home/wsh/wheeltec/wheeltec_ros2/src/navigation2-humble/nav2_smac_planner/math/polygon2d.cc:27:10:[m[K [01;31m[Kfatal error: [m[Kutil/string_util.h: No such file or directory
[26.135s]    27 | #include [01;31m[K"util/string_util.h"[m[K
[26.135s]       |          [01;31m[K^~~~~~~~~~~~~~~~~~~~[m[K
[26.136s] compilation terminated.
[26.138s] gmake[2]: *** [CMakeFiles/nav2_smac_planner_lattice.dir/build.make:354: CMakeFiles/nav2_smac_planner_lattice.dir/math/polygon2d.cc.o] Error 1
[26.169s] In file included from [01m[K/usr/include/coin/IpJournalist.hpp:15[m[K,
[26.169s]                  from [01m[K/usr/include/coin/IpIpoptApplication.hpp:26[m[K,
[26.169s]                  from [01m[K/home/wsh/wheeltec/wheeltec_ros2/src/navigation2-humble/nav2_smac_planner/math/discretized_points_smoothing/cos_theta_smoother.cc:19[m[K:
[26.169s] [01m[K/usr/include/coin/IpSmartPtr.hpp:18:4:[m[K [01;31m[Kerror: [m[K#error "don't have header file for stddef"
[26.170s]    18 | #  [01;31m[Kerror[m[K "don't have header file for stddef"
[26.170s]       |    [01;31m[K^~~~~[m[K
[26.189s] In file included from [01m[K/home/wsh/wheeltec/wheeltec_ros2/src/navigation2-humble/nav2_smac_planner/math/discretized_points_smoothing/cos_theta_ipopt_interface.h:25[m[K,
[26.189s]                  from [01m[K/home/wsh/wheeltec/wheeltec_ros2/src/navigation2-humble/nav2_smac_planner/math/discretized_points_smoothing/cos_theta_smoother.cc:22[m[K:
[26.189s] [01m[K/usr/local/adolc/include/adolc/adolc_sparse.h:15:10:[m[K [01;31m[Kfatal error: [m[Kadolc/sparse/sparsedrivers.h: No such file or directory
[26.189s]    15 | #include [01;31m[K<adolc/sparse/sparsedrivers.h>[m[K
[26.189s]       |          [01;31m[K^~~~~~~~~~~~~~~~~~~~~~~~~~~~~~[m[K
[26.189s] compilation terminated.
[26.192s] gmake[2]: *** [CMakeFiles/nav2_smac_planner_lattice.dir/build.make:382: CMakeFiles/nav2_smac_planner_lattice.dir/math/discretized_points_smoothing/cos_theta_smoother.cc.o] Error 1
[26.418s] In file included from [01m[K/usr/include/coin/IpJournalist.hpp:15[m[K,
[26.418s]                  from [01m[K/usr/include/coin/IpIpoptApplication.hpp:26[m[K,
[26.418s]                  from [01m[K/home/wsh/wheeltec/wheeltec_ros2/src/navigation2-humble/nav2_smac_planner/math/discretized_points_smoothing/cos_theta_smoother.cc:19[m[K:
[26.418s] [01m[K/usr/include/coin/IpSmartPtr.hpp:18:4:[m[K [01;31m[Kerror: [m[K#error "don't have header file for stddef"
[26.419s]    18 | #  [01;31m[Kerror[m[K "don't have header file for stddef"
[26.419s]       |    [01;31m[K^~~~~[m[K
[26.438s] In file included from [01m[K/home/wsh/wheeltec/wheeltec_ros2/src/navigation2-humble/nav2_smac_planner/math/discretized_points_smoothing/cos_theta_ipopt_interface.h:25[m[K,
[26.439s]                  from [01m[K/home/wsh/wheeltec/wheeltec_ros2/src/navigation2-humble/nav2_smac_planner/math/discretized_points_smoothing/cos_theta_smoother.cc:22[m[K:
[26.439s] [01m[K/usr/local/adolc/include/adolc/adolc_sparse.h:15:10:[m[K [01;31m[Kfatal error: [m[Kadolc/sparse/sparsedrivers.h: No such file or directory
[26.439s]    15 | #include [01;31m[K<adolc/sparse/sparsedrivers.h>[m[K
[26.439s]       |          [01;31m[K^~~~~~~~~~~~~~~~~~~~~~~~~~~~~~[m[K
[26.439s] compilation terminated.
[26.543s] gmake[2]: *** [CMakeFiles/nav2_smac_planner.dir/build.make:382: CMakeFiles/nav2_smac_planner.dir/math/discretized_points_smoothing/cos_theta_smoother.cc.o] Error 1
[27.591s] gmake[1]: *** [CMakeFiles/Makefile2:193: CMakeFiles/nav2_smac_planner_lattice.dir/all] Error 2
[29.951s] gmake[1]: *** [CMakeFiles/Makefile2:141: CMakeFiles/nav2_smac_planner.dir/all] Error 2
[29.951s] gmake: *** [Makefile:146: all] Error 2
[29.993s] Invoked command in '/home/wsh/wheeltec/wheeltec_ros2/build/nav2_smac_planner' returned '2': CMAKE_PREFIX_PATH=/home/wsh/wheeltec/wheeltec_ros2/install/nav2_core:/home/wsh/wheeltec/wheeltec_ros2/install/nav2_costmap_2d:/home/wsh/wheeltec/wheeltec_ros2/install/nav2_map_server:/home/wsh/wheeltec/wheeltec_ros2/install/nav2_lifecycle_manager:/home/wsh/wheeltec/wheeltec_ros2/install/nav2_util:/home/wsh/wheeltec/wheeltec_ros2/install/nav2_voxel_grid:/home/wsh/wheeltec/wheeltec_ros2/install/nav2_msgs:/home/wsh/wheeltec/wheeltec_ros2/install/nav2_common:/home/wsh/wheeltec/wheeltec_ros2/install/wheeltec_slam_toolbox:/home/wsh/wheeltec/wheeltec_ros2/install/wheeltec_rviz2:/home/wsh/wheeltec/wheeltec_ros2/install/wheeltec_rrt_msg:/home/wsh/wheeltec/wheeltec_ros2/install/wheeltec_robot_urdf:/home/wsh/wheeltec/wheeltec_ros2/install/wheeltec_robot_rtab:/home/wsh/wheeltec/wheeltec_ros2/install/wheeltec_robot_rrt:/home/wsh/wheeltec/wheeltec_ros2/install/turn_on_wheeltec_robot:/home/wsh/wheeltec/wheeltec_ros2/install/wheeltec_robot_msg:/home/wsh/wheeltec/wheeltec_ros2/install/wheeltec_robot_kcf:/home/wsh/wheeltec/wheeltec_ros2/install/wheeltec_nav2:/home/wsh/wheeltec/wheeltec_ros2/install/wheeltec_joy:/home/wsh/wheeltec/wheeltec_ros2/install/wheeltec_gps_path:/home/wsh/wheeltec/wheeltec_ros2/install/wheeltec_cartographer:/home/wsh/wheeltec/wheeltec_ros2/install/web_video_server:/home/wsh/wheeltec/wheeltec_ros2/install/usb_cam:/home/wsh/wheeltec/wheeltec_ros2/install/slam_gmapping:/home/wsh/wheeltec/wheeltec_ros2/install/serial:/home/wsh/wheeltec/wheeltec_ros2/install/openslam_gmapping:/home/wsh/wheeltec/wheeltec_ros2/install/nmea_msgs:/home/wsh/wheeltec/wheeltec_ros2/install/nav2_bringup:/home/wsh/wheeltec/wheeltec_ros2/install/navigation2:/home/wsh/wheeltec/wheeltec_ros2/install/nav2_smoother:/home/wsh/wheeltec/wheeltec_ros2/install/nav2_dwb_controller:/home/wsh/wheeltec/wheeltec_ros2/install/nav2_controller:/home/wsh/wheeltec/wheeltec_ros2/install/dwb_plugins:/home/wsh/wheeltec/wheeltec_ros2/install/dwb_critics:/home/wsh/wheeltec/wheeltec_ros2/install/dwb_core:/home/wsh/wheeltec/wheeltec_ros2/install/nav_2d_utils:/home/wsh/wheeltec/wheeltec_ros2/install/dwb_msgs:/home/wsh/wheeltec/wheeltec_ros2/install/nav_2d_msgs:/home/wsh/wheeltec/wheeltec_ros2/install/nav2_waypoint_follower:/home/wsh/wheeltec/wheeltec_ros2/install/nav2_theta_star_planner:/home/wsh/wheeltec/wheeltec_ros2/install/nav2_smac_planner:/home/wsh/wheeltec/wheeltec_ros2/install/nav2_regulated_pure_pursuit_controller:/home/wsh/wheeltec/wheeltec_ros2/install/nav2_planner:/home/wsh/wheeltec/wheeltec_ros2/install/nav2_navfn_planner:/home/wsh/wheeltec/wheeltec_ros2/install/nav2_mppi_controller:/home/wsh/wheeltec/wheeltec_ros2/install/nav2_constrained_smoother:/home/wsh/wheeltec/wheeltec_ros2/install/nav2_bt_navigator:/home/wsh/wheeltec/wheeltec_ros2/install/nav2_behaviors:/home/wsh/wheeltec/wheeltec_ros2/install/nav2_collision_monitor:/home/wsh/wheeltec/wheeltec_ros2/install/costmap_queue:/home/wsh/wheeltec/wheeltec_ros2/install/nav2_velocity_smoother:/home/wsh/wheeltec/wheeltec_ros2/install/nav2_rviz_plugins:/home/wsh/wheeltec/wheeltec_ros2/install/nav2_behavior_tree:/home/wsh/wheeltec/wheeltec_ros2/install/nav2_amcl:/home/wsh/wheeltec/wheeltec_ros2/install/lslidar_driver:/home/wsh/wheeltec/wheeltec_ros2/install/lslidar_msgs:/home/wsh/wheeltec/wheeltec_ros2/install/ldlidar_stl_ros2:/home/wsh/wheeltec/wheeltec_ros2/install/ldlidar_sl_ros2:/home/wsh/wheeltec/wheeltec_ros2/install/astra_camera_msgs:/home/wsh/wheeltec/wheeltec_ros2/install/ackermann_msgs:/home/wsh/wheeltec/wheeltec_ros2/install/wheeltec_robot_keyboard:/home/wsh/wheeltec/wheeltec_ros2/install/tf2_tools:/home/wsh/wheeltec/wheeltec_ros2/install/nmea_navsat_driver:/home/wsh/wheeltec/wheeltec_ros2/install/nav2_simple_commander:/home/wsh/wheeltec/wheeltec_ros2/install/auto_recharge_ros2:/opt/ros/humble LD_LIBRARY_PATH=/home/wsh/wheeltec/wheeltec_ros2/install/nav2_costmap_2d/lib:/home/wsh/wheeltec/wheeltec_ros2/install/nav2_map_server/lib:/home/wsh/wheeltec/wheeltec_ros2/install/nav2_lifecycle_manager/lib:/home/wsh/wheeltec/wheeltec_ros2/install/nav2_util/lib:/home/wsh/wheeltec/wheeltec_ros2/install/nav2_voxel_grid/lib:/home/wsh/wheeltec/wheeltec_ros2/install/nav2_msgs/lib:/home/wsh/wheeltec/wheeltec_ros2/install/wheeltec_rrt_msg/lib:/home/wsh/wheeltec/wheeltec_ros2/install/wheeltec_robot_rrt/lib:/home/wsh/wheeltec/wheeltec_ros2/install/turn_on_wheeltec_robot/lib:/home/wsh/wheeltec/wheeltec_ros2/install/wheeltec_robot_msg/lib:/home/wsh/wheeltec/wheeltec_ros2/install/usb_cam/lib:/home/wsh/wheeltec/wheeltec_ros2/install/serial/lib:/home/wsh/wheeltec/wheeltec_ros2/install/openslam_gmapping/lib:/home/wsh/wheeltec/wheeltec_ros2/install/nmea_msgs/lib:/home/wsh/wheeltec/wheeltec_ros2/install/nav2_smoother/lib:/home/wsh/wheeltec/wheeltec_ros2/install/nav2_controller/lib:/home/wsh/wheeltec/wheeltec_ros2/install/dwb_plugins/lib:/home/wsh/wheeltec/wheeltec_ros2/install/dwb_critics/lib:/home/wsh/wheeltec/wheeltec_ros2/install/dwb_core/lib:/home/wsh/wheeltec/wheeltec_ros2/install/nav_2d_utils/lib:/home/wsh/wheeltec/wheeltec_ros2/install/dwb_msgs/lib:/home/wsh/wheeltec/wheeltec_ros2/install/nav_2d_msgs/lib:/home/wsh/wheeltec/wheeltec_ros2/install/nav2_waypoint_follower/lib:/home/wsh/wheeltec/wheeltec_ros2/install/nav2_theta_star_planner/lib:/home/wsh/wheeltec/wheeltec_ros2/install/nav2_smac_planner/lib:/home/wsh/wheeltec/wheeltec_ros2/install/nav2_regulated_pure_pursuit_controller/lib:/home/wsh/wheeltec/wheeltec_ros2/install/nav2_planner/lib:/home/wsh/wheeltec/wheeltec_ros2/install/nav2_navfn_planner/lib:/home/wsh/wheeltec/wheeltec_ros2/install/nav2_mppi_controller/lib:/home/wsh/wheeltec/wheeltec_ros2/install/nav2_constrained_smoother/lib:/home/wsh/wheeltec/wheeltec_ros2/install/nav2_bt_navigator/lib:/home/wsh/wheeltec/wheeltec_ros2/install/nav2_behaviors/lib:/home/wsh/wheeltec/wheeltec_ros2/install/nav2_collision_monitor/lib:/home/wsh/wheeltec/wheeltec_ros2/install/costmap_queue/lib:/home/wsh/wheeltec/wheeltec_ros2/install/nav2_velocity_smoother/lib:/home/wsh/wheeltec/wheeltec_ros2/install/nav2_rviz_plugins/lib:/home/wsh/wheeltec/wheeltec_ros2/install/nav2_behavior_tree/lib:/home/wsh/wheeltec/wheeltec_ros2/install/nav2_amcl/lib:/home/wsh/wheeltec/wheeltec_ros2/install/lslidar_msgs/lib:/home/wsh/wheeltec/wheeltec_ros2/install/astra_camera_msgs/lib:/home/wsh/wheeltec/wheeltec_ros2/install/ackermann_msgs/lib:/usr/local/adolc/lib:/usr/local/lib:/usr/local/adolc/lib:/usr/local/lib:/usr/lib/x86_64-linux-gnu/gazebo-11/plugins:/opt/ros/humble/opt/rviz_ogre_vendor/lib:/opt/ros/humble/lib/x86_64-linux-gnu:/opt/ros/humble/lib /usr/bin/cmake --build /home/wsh/wheeltec/wheeltec_ros2/build/nav2_smac_planner -- -j20 -l20
