[0.050s] Invoking command in '/home/wsh/wheeltec/wheeltec_ros2/build/nav2_smac_planner': CMAKE_PREFIX_PATH=/home/wsh/wheeltec/wheeltec_ros2/install/nav2_core:/home/wsh/wheeltec/wheeltec_ros2/install/nav2_costmap_2d:/home/wsh/wheeltec/wheeltec_ros2/install/nav2_map_server:/home/wsh/wheeltec/wheeltec_ros2/install/nav2_lifecycle_manager:/home/wsh/wheeltec/wheeltec_ros2/install/nav2_util:/home/wsh/wheeltec/wheeltec_ros2/install/nav2_voxel_grid:/home/wsh/wheeltec/wheeltec_ros2/install/nav2_msgs:/home/wsh/wheeltec/wheeltec_ros2/install/nav2_common:/home/wsh/wheeltec/wheeltec_ros2/install/wheeltec_slam_toolbox:/home/wsh/wheeltec/wheeltec_ros2/install/wheeltec_rviz2:/home/wsh/wheeltec/wheeltec_ros2/install/wheeltec_rrt_msg:/home/wsh/wheeltec/wheeltec_ros2/install/wheeltec_robot_urdf:/home/wsh/wheeltec/wheeltec_ros2/install/wheeltec_robot_rtab:/home/wsh/wheeltec/wheeltec_ros2/install/wheeltec_robot_rrt:/home/wsh/wheeltec/wheeltec_ros2/install/turn_on_wheeltec_robot:/home/wsh/wheeltec/wheeltec_ros2/install/wheeltec_robot_msg:/home/wsh/wheeltec/wheeltec_ros2/install/wheeltec_robot_kcf:/home/wsh/wheeltec/wheeltec_ros2/install/wheeltec_nav2:/home/wsh/wheeltec/wheeltec_ros2/install/wheeltec_joy:/home/wsh/wheeltec/wheeltec_ros2/install/wheeltec_gps_path:/home/wsh/wheeltec/wheeltec_ros2/install/wheeltec_cartographer:/home/wsh/wheeltec/wheeltec_ros2/install/web_video_server:/home/wsh/wheeltec/wheeltec_ros2/install/usb_cam:/home/wsh/wheeltec/wheeltec_ros2/install/slam_gmapping:/home/wsh/wheeltec/wheeltec_ros2/install/serial:/home/wsh/wheeltec/wheeltec_ros2/install/openslam_gmapping:/home/wsh/wheeltec/wheeltec_ros2/install/nmea_msgs:/home/wsh/wheeltec/wheeltec_ros2/install/nav2_bringup:/home/wsh/wheeltec/wheeltec_ros2/install/navigation2:/home/wsh/wheeltec/wheeltec_ros2/install/nav2_smoother:/home/wsh/wheeltec/wheeltec_ros2/install/nav2_dwb_controller:/home/wsh/wheeltec/wheeltec_ros2/install/nav2_controller:/home/wsh/wheeltec/wheeltec_ros2/install/dwb_plugins:/home/wsh/wheeltec/wheeltec_ros2/install/dwb_critics:/home/wsh/wheeltec/wheeltec_ros2/install/dwb_core:/home/wsh/wheeltec/wheeltec_ros2/install/nav_2d_utils:/home/wsh/wheeltec/wheeltec_ros2/install/dwb_msgs:/home/wsh/wheeltec/wheeltec_ros2/install/nav_2d_msgs:/home/wsh/wheeltec/wheeltec_ros2/install/nav2_waypoint_follower:/home/wsh/wheeltec/wheeltec_ros2/install/nav2_theta_star_planner:/home/wsh/wheeltec/wheeltec_ros2/install/nav2_smac_planner:/home/wsh/wheeltec/wheeltec_ros2/install/nav2_regulated_pure_pursuit_controller:/home/wsh/wheeltec/wheeltec_ros2/install/nav2_planner:/home/wsh/wheeltec/wheeltec_ros2/install/nav2_navfn_planner:/home/wsh/wheeltec/wheeltec_ros2/install/nav2_mppi_controller:/home/wsh/wheeltec/wheeltec_ros2/install/nav2_constrained_smoother:/home/wsh/wheeltec/wheeltec_ros2/install/nav2_bt_navigator:/home/wsh/wheeltec/wheeltec_ros2/install/nav2_behaviors:/home/wsh/wheeltec/wheeltec_ros2/install/nav2_collision_monitor:/home/wsh/wheeltec/wheeltec_ros2/install/costmap_queue:/home/wsh/wheeltec/wheeltec_ros2/install/nav2_velocity_smoother:/home/wsh/wheeltec/wheeltec_ros2/install/nav2_rviz_plugins:/home/wsh/wheeltec/wheeltec_ros2/install/nav2_behavior_tree:/home/wsh/wheeltec/wheeltec_ros2/install/nav2_amcl:/home/wsh/wheeltec/wheeltec_ros2/install/lslidar_driver:/home/wsh/wheeltec/wheeltec_ros2/install/lslidar_msgs:/home/wsh/wheeltec/wheeltec_ros2/install/ldlidar_stl_ros2:/home/wsh/wheeltec/wheeltec_ros2/install/ldlidar_sl_ros2:/home/wsh/wheeltec/wheeltec_ros2/install/astra_camera_msgs:/home/wsh/wheeltec/wheeltec_ros2/install/ackermann_msgs:/home/wsh/wheeltec/wheeltec_ros2/install/wheeltec_robot_keyboard:/home/wsh/wheeltec/wheeltec_ros2/install/tf2_tools:/home/wsh/wheeltec/wheeltec_ros2/install/nmea_navsat_driver:/home/wsh/wheeltec/wheeltec_ros2/install/nav2_simple_commander:/home/wsh/wheeltec/wheeltec_ros2/install/auto_recharge_ros2:/opt/ros/humble LD_LIBRARY_PATH=/home/wsh/wheeltec/wheeltec_ros2/install/nav2_costmap_2d/lib:/home/wsh/wheeltec/wheeltec_ros2/install/nav2_map_server/lib:/home/wsh/wheeltec/wheeltec_ros2/install/nav2_lifecycle_manager/lib:/home/wsh/wheeltec/wheeltec_ros2/install/nav2_util/lib:/home/wsh/wheeltec/wheeltec_ros2/install/nav2_voxel_grid/lib:/home/wsh/wheeltec/wheeltec_ros2/install/nav2_msgs/lib:/home/wsh/wheeltec/wheeltec_ros2/install/wheeltec_rrt_msg/lib:/home/wsh/wheeltec/wheeltec_ros2/install/wheeltec_robot_rrt/lib:/home/wsh/wheeltec/wheeltec_ros2/install/turn_on_wheeltec_robot/lib:/home/wsh/wheeltec/wheeltec_ros2/install/wheeltec_robot_msg/lib:/home/wsh/wheeltec/wheeltec_ros2/install/usb_cam/lib:/home/wsh/wheeltec/wheeltec_ros2/install/serial/lib:/home/wsh/wheeltec/wheeltec_ros2/install/openslam_gmapping/lib:/home/wsh/wheeltec/wheeltec_ros2/install/nmea_msgs/lib:/home/wsh/wheeltec/wheeltec_ros2/install/nav2_smoother/lib:/home/wsh/wheeltec/wheeltec_ros2/install/nav2_controller/lib:/home/wsh/wheeltec/wheeltec_ros2/install/dwb_plugins/lib:/home/wsh/wheeltec/wheeltec_ros2/install/dwb_critics/lib:/home/wsh/wheeltec/wheeltec_ros2/install/dwb_core/lib:/home/wsh/wheeltec/wheeltec_ros2/install/nav_2d_utils/lib:/home/wsh/wheeltec/wheeltec_ros2/install/dwb_msgs/lib:/home/wsh/wheeltec/wheeltec_ros2/install/nav_2d_msgs/lib:/home/wsh/wheeltec/wheeltec_ros2/install/nav2_waypoint_follower/lib:/home/wsh/wheeltec/wheeltec_ros2/install/nav2_theta_star_planner/lib:/home/wsh/wheeltec/wheeltec_ros2/install/nav2_smac_planner/lib:/home/wsh/wheeltec/wheeltec_ros2/install/nav2_regulated_pure_pursuit_controller/lib:/home/wsh/wheeltec/wheeltec_ros2/install/nav2_planner/lib:/home/wsh/wheeltec/wheeltec_ros2/install/nav2_navfn_planner/lib:/home/wsh/wheeltec/wheeltec_ros2/install/nav2_mppi_controller/lib:/home/wsh/wheeltec/wheeltec_ros2/install/nav2_constrained_smoother/lib:/home/wsh/wheeltec/wheeltec_ros2/install/nav2_bt_navigator/lib:/home/wsh/wheeltec/wheeltec_ros2/install/nav2_behaviors/lib:/home/wsh/wheeltec/wheeltec_ros2/install/nav2_collision_monitor/lib:/home/wsh/wheeltec/wheeltec_ros2/install/costmap_queue/lib:/home/wsh/wheeltec/wheeltec_ros2/install/nav2_velocity_smoother/lib:/home/wsh/wheeltec/wheeltec_ros2/install/nav2_rviz_plugins/lib:/home/wsh/wheeltec/wheeltec_ros2/install/nav2_behavior_tree/lib:/home/wsh/wheeltec/wheeltec_ros2/install/nav2_amcl/lib:/home/wsh/wheeltec/wheeltec_ros2/install/lslidar_msgs/lib:/home/wsh/wheeltec/wheeltec_ros2/install/astra_camera_msgs/lib:/home/wsh/wheeltec/wheeltec_ros2/install/ackermann_msgs/lib:/usr/local/adolc/lib:/usr/local/lib:/usr/local/adolc/lib:/usr/local/lib:/usr/lib/x86_64-linux-gnu/gazebo-11/plugins:/opt/ros/humble/opt/rviz_ogre_vendor/lib:/opt/ros/humble/lib/x86_64-linux-gnu:/opt/ros/humble/lib /usr/bin/cmake --build /home/wsh/wheeltec/wheeltec_ros2/build/nav2_smac_planner -- -j20 -l20
[0.135s] [35m[1mConsolidate compiler generated dependencies of target nav2_smac_planner[0m
[0.135s] [35m[1mConsolidate compiler generated dependencies of target nav2_smac_planner_lattice[0m
[0.143s] [35m[1mConsolidate compiler generated dependencies of target nav2_smac_planner_2d[0m
[0.192s] [  1%] [32mBuilding CXX object CMakeFiles/nav2_smac_planner_lattice.dir/src/smoother.cpp.o[0m
[0.195s] [  2%] [32mBuilding CXX object CMakeFiles/nav2_smac_planner_lattice.dir/src/smac_planner_lattice.cpp.o[0m
[0.200s] [  3%] [32mBuilding CXX object CMakeFiles/nav2_smac_planner_2d.dir/src/smac_planner_2d.cpp.o[0m
[0.202s] [  4%] [32mBuilding CXX object CMakeFiles/nav2_smac_planner_2d.dir/src/smoother.cpp.o[0m
[0.207s] [  5%] [32mBuilding CXX object CMakeFiles/nav2_smac_planner.dir/src/smoother.cpp.o[0m
[0.208s] [  6%] [32mBuilding CXX object CMakeFiles/nav2_smac_planner.dir/src/smac_planner_hybrid.cpp.o[0m
[3.547s] [01m[K/home/wsh/wheeltec/wheeltec_ros2/src/navigation2-humble/nav2_smac_planner/src/smoother.cpp:[m[K In member function ‘[01m[Kbool nav2_smac_planner::Smoother::smooth(nav_msgs::msg::Path&, nav_msgs::msg::Path&, const nav2_costmap_2d::Costmap2D*, const double&)[m[K’:
[3.548s] [01m[K/home/wsh/wheeltec/wheeltec_ros2/src/navigation2-humble/nav2_smac_planner/src/smoother.cpp:87:19:[m[K [01;31m[Kerror: [m[Kno matching function for call to ‘[01m[Knav2_smac_planner::Smoother::smoothImpl(nav_msgs::msg::Path&, nav_msgs::msg::Path&, bool&, const nav2_costmap_2d::Costmap2D*&, double&)[m[K’
[3.548s]    87 |         [01;31m[KsmoothImpl(curr_path_segment, path_profile,reversing_segment, costmap, time_remaining)[m[K;
[3.548s]       |         [01;31m[K~~~~~~~~~~^~~~~~~~~~~~~~~~~~~~~~~~~~~~~~~~~~~~~~~~~~~~~~~~~~~~~~~~~~~~~~~~~~~~~~~~~~~~[m[K
[3.548s] In file included from [01m[K/home/wsh/wheeltec/wheeltec_ros2/src/navigation2-humble/nav2_smac_planner/src/smoother.cpp:19[m[K:
[3.548s] [01m[K/home/wsh/wheeltec/wheeltec_ros2/src/navigation2-humble/nav2_smac_planner/include/nav2_smac_planner/smoother.hpp:140:8:[m[K [01;36m[Knote: [m[Kcandidate: ‘[01m[Kbool nav2_smac_planner::Smoother::smoothImpl(nav_msgs::msg::Path&, bool&, const nav2_costmap_2d::Costmap2D*, const double&)[m[K’
[3.548s]   140 |   bool [01;36m[KsmoothImpl[m[K(
[3.548s]       |        [01;36m[K^~~~~~~~~~[m[K
[3.548s] [01m[K/home/wsh/wheeltec/wheeltec_ros2/src/navigation2-humble/nav2_smac_planner/include/nav2_smac_planner/smoother.hpp:140:8:[m[K [01;36m[Knote: [m[K  candidate expects 4 arguments, 5 provided
[3.548s] [01m[K/home/wsh/wheeltec/wheeltec_ros2/src/navigation2-humble/nav2_smac_planner/src/smoother.cpp:[m[K At global scope:
[3.548s] [01m[K/home/wsh/wheeltec/wheeltec_ros2/src/navigation2-humble/nav2_smac_planner/src/smoother.cpp:111:6:[m[K [01;31m[Kerror: [m[Kno declaration matches ‘[01m[Kbool nav2_smac_planner::Smoother::smoothImpl(nav_msgs::msg::Path&, nav_msgs::msg::Path&, bool&, const nav2_costmap_2d::Costmap2D*, const double&)[m[K’
[3.549s]   111 | bool [01;31m[KSmoother[m[K::smoothImpl(
[3.549s]       |      [01;31m[K^~~~~~~~[m[K
[3.549s] In file included from [01m[K/home/wsh/wheeltec/wheeltec_ros2/src/navigation2-humble/nav2_smac_planner/src/smoother.cpp:19[m[K:
[3.549s] [01m[K/home/wsh/wheeltec/wheeltec_ros2/src/navigation2-humble/nav2_smac_planner/include/nav2_smac_planner/smoother.hpp:140:8:[m[K [01;36m[Knote: [m[Kcandidate is: ‘[01m[Kbool nav2_smac_planner::Smoother::smoothImpl(nav_msgs::msg::Path&, bool&, const nav2_costmap_2d::Costmap2D*, const double&)[m[K’
[3.549s]   140 |   bool [01;36m[KsmoothImpl[m[K(
[3.549s]       |        [01;36m[K^~~~~~~~~~[m[K
[3.549s] [01m[K/home/wsh/wheeltec/wheeltec_ros2/src/navigation2-humble/nav2_smac_planner/include/nav2_smac_planner/smoother.hpp:97:7:[m[K [01;36m[Knote: [m[K‘[01m[Kclass nav2_smac_planner::Smoother[m[K’ defined here
[3.549s]    97 | class [01;36m[KSmoother[m[K
[3.549s]       |       [01;36m[K^~~~~~~~[m[K
[3.606s] [01m[K/home/wsh/wheeltec/wheeltec_ros2/src/navigation2-humble/nav2_smac_planner/src/smoother.cpp:[m[K In member function ‘[01m[Kbool nav2_smac_planner::Smoother::smooth(nav_msgs::msg::Path&, nav_msgs::msg::Path&, const nav2_costmap_2d::Costmap2D*, const double&)[m[K’:
[3.607s] [01m[K/home/wsh/wheeltec/wheeltec_ros2/src/navigation2-humble/nav2_smac_planner/src/smoother.cpp:87:19:[m[K [01;31m[Kerror: [m[Kno matching function for call to ‘[01m[Knav2_smac_planner::Smoother::smoothImpl(nav_msgs::msg::Path&, nav_msgs::msg::Path&, bool&, const nav2_costmap_2d::Costmap2D*&, double&)[m[K’
[3.607s]    87 |         [01;31m[KsmoothImpl(curr_path_segment, path_profile,reversing_segment, costmap, time_remaining)[m[K;
[3.607s]       |         [01;31m[K~~~~~~~~~~^~~~~~~~~~~~~~~~~~~~~~~~~~~~~~~~~~~~~~~~~~~~~~~~~~~~~~~~~~~~~~~~~~~~~~~~~~~~[m[K
[3.607s] In file included from [01m[K/home/wsh/wheeltec/wheeltec_ros2/src/navigation2-humble/nav2_smac_planner/src/smoother.cpp:19[m[K:
[3.607s] [01m[K/home/wsh/wheeltec/wheeltec_ros2/src/navigation2-humble/nav2_smac_planner/include/nav2_smac_planner/smoother.hpp:140:8:[m[K [01;36m[Knote: [m[Kcandidate: ‘[01m[Kbool nav2_smac_planner::Smoother::smoothImpl(nav_msgs::msg::Path&, bool&, const nav2_costmap_2d::Costmap2D*, const double&)[m[K’
[3.607s]   140 |   bool [01;36m[KsmoothImpl[m[K(
[3.607s]       |        [01;36m[K^~~~~~~~~~[m[K
[3.607s] [01m[K/home/wsh/wheeltec/wheeltec_ros2/src/navigation2-humble/nav2_smac_planner/include/nav2_smac_planner/smoother.hpp:140:8:[m[K [01;36m[Knote: [m[K  candidate expects 4 arguments, 5 provided
[3.607s] [01m[K/home/wsh/wheeltec/wheeltec_ros2/src/navigation2-humble/nav2_smac_planner/src/smoother.cpp:[m[K At global scope:
[3.607s] [01m[K/home/wsh/wheeltec/wheeltec_ros2/src/navigation2-humble/nav2_smac_planner/src/smoother.cpp:111:6:[m[K [01;31m[Kerror: [m[Kno declaration matches ‘[01m[Kbool nav2_smac_planner::Smoother::smoothImpl(nav_msgs::msg::Path&, nav_msgs::msg::Path&, bool&, const nav2_costmap_2d::Costmap2D*, const double&)[m[K’
[3.608s]   111 | bool [01;31m[KSmoother[m[K::smoothImpl(
[3.608s]       |      [01;31m[K^~~~~~~~[m[K
[3.608s] In file included from [01m[K/home/wsh/wheeltec/wheeltec_ros2/src/navigation2-humble/nav2_smac_planner/src/smoother.cpp:19[m[K:
[3.608s] [01m[K/home/wsh/wheeltec/wheeltec_ros2/src/navigation2-humble/nav2_smac_planner/include/nav2_smac_planner/smoother.hpp:140:8:[m[K [01;36m[Knote: [m[Kcandidate is: ‘[01m[Kbool nav2_smac_planner::Smoother::smoothImpl(nav_msgs::msg::Path&, bool&, const nav2_costmap_2d::Costmap2D*, const double&)[m[K’
[3.608s]   140 |   bool [01;36m[KsmoothImpl[m[K(
[3.608s]       |        [01;36m[K^~~~~~~~~~[m[K
[3.608s] [01m[K/home/wsh/wheeltec/wheeltec_ros2/src/navigation2-humble/nav2_smac_planner/include/nav2_smac_planner/smoother.hpp:97:7:[m[K [01;36m[Knote: [m[K‘[01m[Kclass nav2_smac_planner::Smoother[m[K’ defined here
[3.608s]    97 | class [01;36m[KSmoother[m[K
[3.608s]       |       [01;36m[K^~~~~~~~[m[K
[4.014s] [01m[K/home/wsh/wheeltec/wheeltec_ros2/src/navigation2-humble/nav2_smac_planner/src/smoother.cpp:[m[K In member function ‘[01m[Kbool nav2_smac_planner::Smoother::smooth(nav_msgs::msg::Path&, nav_msgs::msg::Path&, const nav2_costmap_2d::Costmap2D*, const double&)[m[K’:
[4.014s] [01m[K/home/wsh/wheeltec/wheeltec_ros2/src/navigation2-humble/nav2_smac_planner/src/smoother.cpp:87:19:[m[K [01;31m[Kerror: [m[Kno matching function for call to ‘[01m[Knav2_smac_planner::Smoother::smoothImpl(nav_msgs::msg::Path&, nav_msgs::msg::Path&, bool&, const nav2_costmap_2d::Costmap2D*&, double&)[m[K’
[4.014s]    87 |         [01;31m[KsmoothImpl(curr_path_segment, path_profile,reversing_segment, costmap, time_remaining)[m[K;
[4.014s]       |         [01;31m[K~~~~~~~~~~^~~~~~~~~~~~~~~~~~~~~~~~~~~~~~~~~~~~~~~~~~~~~~~~~~~~~~~~~~~~~~~~~~~~~~~~~~~~[m[K
[4.014s] In file included from [01m[K/home/wsh/wheeltec/wheeltec_ros2/src/navigation2-humble/nav2_smac_planner/src/smoother.cpp:19[m[K:
[4.014s] [01m[K/home/wsh/wheeltec/wheeltec_ros2/src/navigation2-humble/nav2_smac_planner/include/nav2_smac_planner/smoother.hpp:140:8:[m[K [01;36m[Knote: [m[Kcandidate: ‘[01m[Kbool nav2_smac_planner::Smoother::smoothImpl(nav_msgs::msg::Path&, bool&, const nav2_costmap_2d::Costmap2D*, const double&)[m[K’
[4.014s]   140 |   bool [01;36m[KsmoothImpl[m[K(
[4.014s]       |        [01;36m[K^~~~~~~~~~[m[K
[4.015s] [01m[K/home/wsh/wheeltec/wheeltec_ros2/src/navigation2-humble/nav2_smac_planner/include/nav2_smac_planner/smoother.hpp:140:8:[m[K [01;36m[Knote: [m[K  candidate expects 4 arguments, 5 provided
[4.015s] [01m[K/home/wsh/wheeltec/wheeltec_ros2/src/navigation2-humble/nav2_smac_planner/src/smoother.cpp:[m[K At global scope:
[4.015s] [01m[K/home/wsh/wheeltec/wheeltec_ros2/src/navigation2-humble/nav2_smac_planner/src/smoother.cpp:111:6:[m[K [01;31m[Kerror: [m[Kno declaration matches ‘[01m[Kbool nav2_smac_planner::Smoother::smoothImpl(nav_msgs::msg::Path&, nav_msgs::msg::Path&, bool&, const nav2_costmap_2d::Costmap2D*, const double&)[m[K’
[4.015s]   111 | bool [01;31m[KSmoother[m[K::smoothImpl(
[4.015s]       |      [01;31m[K^~~~~~~~[m[K
[4.015s] In file included from [01m[K/home/wsh/wheeltec/wheeltec_ros2/src/navigation2-humble/nav2_smac_planner/src/smoother.cpp:19[m[K:
[4.015s] [01m[K/home/wsh/wheeltec/wheeltec_ros2/src/navigation2-humble/nav2_smac_planner/include/nav2_smac_planner/smoother.hpp:140:8:[m[K [01;36m[Knote: [m[Kcandidate is: ‘[01m[Kbool nav2_smac_planner::Smoother::smoothImpl(nav_msgs::msg::Path&, bool&, const nav2_costmap_2d::Costmap2D*, const double&)[m[K’
[4.015s]   140 |   bool [01;36m[KsmoothImpl[m[K(
[4.015s]       |        [01;36m[K^~~~~~~~~~[m[K
[4.016s] [01m[K/home/wsh/wheeltec/wheeltec_ros2/src/navigation2-humble/nav2_smac_planner/include/nav2_smac_planner/smoother.hpp:97:7:[m[K [01;36m[Knote: [m[K‘[01m[Kclass nav2_smac_planner::Smoother[m[K’ defined here
[4.016s]    97 | class [01;36m[KSmoother[m[K
[4.016s]       |       [01;36m[K^~~~~~~~[m[K
[4.138s] gmake[2]: *** [CMakeFiles/nav2_smac_planner.dir/build.make:158: CMakeFiles/nav2_smac_planner.dir/src/smoother.cpp.o] Error 1
[4.138s] gmake[2]: *** Waiting for unfinished jobs....
[4.189s] [01m[K/home/wsh/wheeltec/wheeltec_ros2/src/navigation2-humble/nav2_smac_planner/src/smac_planner_2d.cpp:[m[K In member function ‘[01m[Kvirtual nav_msgs::msg::Path nav2_smac_planner::SmacPlanner2D::createPlan(const PoseStamped&, const PoseStamped&)[m[K’:
[4.189s] [01m[K/home/wsh/wheeltec/wheeltec_ros2/src/navigation2-humble/nav2_smac_planner/src/smac_planner_2d.cpp:300:20:[m[K [01;31m[Kerror: [m[Kno matching function for call to ‘[01m[Knav2_smac_planner::Smoother::smooth(nav_msgs::msg::Path&, nav2_costmap_2d::Costmap2D*&, double&)[m[K’
[4.189s]   300 |   [01;31m[K_smoother->smooth(plan, costmap, time_remaining)[m[K;
[4.189s]       |   [01;31m[K~~~~~~~~~~~~~~~~~^~~~~~~~~~~~~~~~~~~~~~~~~~~~~~~[m[K
[4.189s] In file included from [01m[K/home/wsh/wheeltec/wheeltec_ros2/src/navigation2-humble/nav2_smac_planner/include/nav2_smac_planner/smac_planner_2d.hpp:24[m[K,
[4.189s]                  from [01m[K/home/wsh/wheeltec/wheeltec_ros2/src/navigation2-humble/nav2_smac_planner/src/smac_planner_2d.cpp:21[m[K:
[4.189s] [01m[K/home/wsh/wheeltec/wheeltec_ros2/src/navigation2-humble/nav2_smac_planner/include/nav2_smac_planner/smoother.hpp:125:8:[m[K [01;36m[Knote: [m[Kcandidate: ‘[01m[Kbool nav2_smac_planner::Smoother::smooth(nav_msgs::msg::Path&, nav_msgs::msg::Path&, const nav2_costmap_2d::Costmap2D*, const double&)[m[K’
[4.189s]   125 |   bool [01;36m[Ksmooth[m[K(
[4.189s]       |        [01;36m[K^~~~~~[m[K
[4.189s] [01m[K/home/wsh/wheeltec/wheeltec_ros2/src/navigation2-humble/nav2_smac_planner/include/nav2_smac_planner/smoother.hpp:125:8:[m[K [01;36m[Knote: [m[K  candidate expects 4 arguments, 3 provided
[4.215s] gmake[2]: *** [CMakeFiles/nav2_smac_planner_lattice.dir/build.make:144: CMakeFiles/nav2_smac_planner_lattice.dir/src/smoother.cpp.o] Error 1
[4.215s] gmake[2]: *** Waiting for unfinished jobs....
[4.306s] [01m[K/home/wsh/wheeltec/wheeltec_ros2/src/navigation2-humble/nav2_smac_planner/src/smac_planner_hybrid.cpp:[m[K In member function ‘[01m[Kvirtual nav_msgs::msg::Path nav2_smac_planner::SmacPlannerHybrid::createPlan(const PoseStamped&, const PoseStamped&)[m[K’:
[4.306s] [01m[K/home/wsh/wheeltec/wheeltec_ros2/src/navigation2-humble/nav2_smac_planner/src/smac_planner_hybrid.cpp:382:29:[m[K [01;31m[Kerror: [m[Kcannot convert ‘[01m[Knav2_costmap_2d::Costmap2D*[m[K’ to ‘[01m[Knav_msgs::msg::Path&[m[K’ {aka ‘[01m[Knav_msgs::msg::Path_<std::allocator<void> >&[m[K’}
[4.307s]   382 |     _smoother->smooth(plan, [01;31m[Kcostmap[m[K, time_remaining, plan_profile);
[4.307s]       |                             [01;31m[K^~~~~~~[m[K
[4.307s]       |                             [01;31m[K|[m[K
[4.307s]       |                             [01;31m[Knav2_costmap_2d::Costmap2D*[m[K
[4.307s] In file included from [01m[K/home/wsh/wheeltec/wheeltec_ros2/src/navigation2-humble/nav2_smac_planner/include/nav2_smac_planner/smac_planner_hybrid.hpp:23[m[K,
[4.307s]                  from [01m[K/home/wsh/wheeltec/wheeltec_ros2/src/navigation2-humble/nav2_smac_planner/src/smac_planner_hybrid.cpp:22[m[K:
[4.307s] [01m[K/home/wsh/wheeltec/wheeltec_ros2/src/navigation2-humble/nav2_smac_planner/include/nav2_smac_planner/smoother.hpp:127:27:[m[K [01;36m[Knote: [m[K  initializing argument 2 of ‘[01m[Kbool nav2_smac_planner::Smoother::smooth(nav_msgs::msg::Path&, nav_msgs::msg::Path&, const nav2_costmap_2d::Costmap2D*, const double&)[m[K’
[4.307s]   127 |     [01;36m[Knav_msgs::msg::Path & path_profile[m[K,
[4.307s]       |     [01;36m[K~~~~~~~~~~~~~~~~~~~~~~^~~~~~~~~~~~[m[K
[4.346s] [01m[K/home/wsh/wheeltec/wheeltec_ros2/src/navigation2-humble/nav2_smac_planner/src/smac_planner_lattice.cpp:[m[K In member function ‘[01m[Kvirtual nav_msgs::msg::Path nav2_smac_planner::SmacPlannerLattice::createPlan(const PoseStamped&, const PoseStamped&)[m[K’:
[4.347s] [01m[K/home/wsh/wheeltec/wheeltec_ros2/src/navigation2-humble/nav2_smac_planner/src/smac_planner_lattice.cpp:337:22:[m[K [01;31m[Kerror: [m[Kno matching function for call to ‘[01m[Knav2_smac_planner::Smoother::smooth(nav_msgs::msg::Path&, nav2_costmap_2d::Costmap2D*&, double&)[m[K’
[4.347s]   337 |     [01;31m[K_smoother->smooth(plan, _costmap, time_remaining)[m[K;
[4.347s]       |     [01;31m[K~~~~~~~~~~~~~~~~~^~~~~~~~~~~~~~~~~~~~~~~~~~~~~~~~[m[K
[4.347s] In file included from [01m[K/home/wsh/wheeltec/wheeltec_ros2/src/navigation2-humble/nav2_smac_planner/include/nav2_smac_planner/smac_planner_lattice.hpp:23[m[K,
[4.347s]                  from [01m[K/home/wsh/wheeltec/wheeltec_ros2/src/navigation2-humble/nav2_smac_planner/src/smac_planner_lattice.cpp:22[m[K:
[4.347s] [01m[K/home/wsh/wheeltec/wheeltec_ros2/src/navigation2-humble/nav2_smac_planner/include/nav2_smac_planner/smoother.hpp:125:8:[m[K [01;36m[Knote: [m[Kcandidate: ‘[01m[Kbool nav2_smac_planner::Smoother::smooth(nav_msgs::msg::Path&, nav_msgs::msg::Path&, const nav2_costmap_2d::Costmap2D*, const double&)[m[K’
[4.347s]   125 |   bool [01;36m[Ksmooth[m[K(
[4.347s]       |        [01;36m[K^~~~~~[m[K
[4.347s] [01m[K/home/wsh/wheeltec/wheeltec_ros2/src/navigation2-humble/nav2_smac_planner/include/nav2_smac_planner/smoother.hpp:125:8:[m[K [01;36m[Knote: [m[K  candidate expects 4 arguments, 3 provided
[4.616s] gmake[2]: *** [CMakeFiles/nav2_smac_planner_2d.dir/build.make:144: CMakeFiles/nav2_smac_planner_2d.dir/src/smoother.cpp.o] Error 1
[4.616s] gmake[2]: *** Waiting for unfinished jobs....
[5.810s] gmake[2]: *** [CMakeFiles/nav2_smac_planner_2d.dir/build.make:116: CMakeFiles/nav2_smac_planner_2d.dir/src/smac_planner_2d.cpp.o] Error 1
[5.811s] gmake[1]: *** [CMakeFiles/Makefile2:167: CMakeFiles/nav2_smac_planner_2d.dir/all] Error 2
[5.811s] gmake[1]: *** Waiting for unfinished jobs....
[5.962s] gmake[2]: *** [CMakeFiles/nav2_smac_planner.dir/build.make:116: CMakeFiles/nav2_smac_planner.dir/src/smac_planner_hybrid.cpp.o] Error 1
[5.962s] gmake[1]: *** [CMakeFiles/Makefile2:141: CMakeFiles/nav2_smac_planner.dir/all] Error 2
[5.994s] gmake[2]: *** [CMakeFiles/nav2_smac_planner_lattice.dir/build.make:116: CMakeFiles/nav2_smac_planner_lattice.dir/src/smac_planner_lattice.cpp.o] Error 1
[5.994s] gmake[1]: *** [CMakeFiles/Makefile2:193: CMakeFiles/nav2_smac_planner_lattice.dir/all] Error 2
[5.995s] gmake: *** [Makefile:146: all] Error 2
[5.997s] Invoked command in '/home/wsh/wheeltec/wheeltec_ros2/build/nav2_smac_planner' returned '2': CMAKE_PREFIX_PATH=/home/wsh/wheeltec/wheeltec_ros2/install/nav2_core:/home/wsh/wheeltec/wheeltec_ros2/install/nav2_costmap_2d:/home/wsh/wheeltec/wheeltec_ros2/install/nav2_map_server:/home/wsh/wheeltec/wheeltec_ros2/install/nav2_lifecycle_manager:/home/wsh/wheeltec/wheeltec_ros2/install/nav2_util:/home/wsh/wheeltec/wheeltec_ros2/install/nav2_voxel_grid:/home/wsh/wheeltec/wheeltec_ros2/install/nav2_msgs:/home/wsh/wheeltec/wheeltec_ros2/install/nav2_common:/home/wsh/wheeltec/wheeltec_ros2/install/wheeltec_slam_toolbox:/home/wsh/wheeltec/wheeltec_ros2/install/wheeltec_rviz2:/home/wsh/wheeltec/wheeltec_ros2/install/wheeltec_rrt_msg:/home/wsh/wheeltec/wheeltec_ros2/install/wheeltec_robot_urdf:/home/wsh/wheeltec/wheeltec_ros2/install/wheeltec_robot_rtab:/home/wsh/wheeltec/wheeltec_ros2/install/wheeltec_robot_rrt:/home/wsh/wheeltec/wheeltec_ros2/install/turn_on_wheeltec_robot:/home/wsh/wheeltec/wheeltec_ros2/install/wheeltec_robot_msg:/home/wsh/wheeltec/wheeltec_ros2/install/wheeltec_robot_kcf:/home/wsh/wheeltec/wheeltec_ros2/install/wheeltec_nav2:/home/wsh/wheeltec/wheeltec_ros2/install/wheeltec_joy:/home/wsh/wheeltec/wheeltec_ros2/install/wheeltec_gps_path:/home/wsh/wheeltec/wheeltec_ros2/install/wheeltec_cartographer:/home/wsh/wheeltec/wheeltec_ros2/install/web_video_server:/home/wsh/wheeltec/wheeltec_ros2/install/usb_cam:/home/wsh/wheeltec/wheeltec_ros2/install/slam_gmapping:/home/wsh/wheeltec/wheeltec_ros2/install/serial:/home/wsh/wheeltec/wheeltec_ros2/install/openslam_gmapping:/home/wsh/wheeltec/wheeltec_ros2/install/nmea_msgs:/home/wsh/wheeltec/wheeltec_ros2/install/nav2_bringup:/home/wsh/wheeltec/wheeltec_ros2/install/navigation2:/home/wsh/wheeltec/wheeltec_ros2/install/nav2_smoother:/home/wsh/wheeltec/wheeltec_ros2/install/nav2_dwb_controller:/home/wsh/wheeltec/wheeltec_ros2/install/nav2_controller:/home/wsh/wheeltec/wheeltec_ros2/install/dwb_plugins:/home/wsh/wheeltec/wheeltec_ros2/install/dwb_critics:/home/wsh/wheeltec/wheeltec_ros2/install/dwb_core:/home/wsh/wheeltec/wheeltec_ros2/install/nav_2d_utils:/home/wsh/wheeltec/wheeltec_ros2/install/dwb_msgs:/home/wsh/wheeltec/wheeltec_ros2/install/nav_2d_msgs:/home/wsh/wheeltec/wheeltec_ros2/install/nav2_waypoint_follower:/home/wsh/wheeltec/wheeltec_ros2/install/nav2_theta_star_planner:/home/wsh/wheeltec/wheeltec_ros2/install/nav2_smac_planner:/home/wsh/wheeltec/wheeltec_ros2/install/nav2_regulated_pure_pursuit_controller:/home/wsh/wheeltec/wheeltec_ros2/install/nav2_planner:/home/wsh/wheeltec/wheeltec_ros2/install/nav2_navfn_planner:/home/wsh/wheeltec/wheeltec_ros2/install/nav2_mppi_controller:/home/wsh/wheeltec/wheeltec_ros2/install/nav2_constrained_smoother:/home/wsh/wheeltec/wheeltec_ros2/install/nav2_bt_navigator:/home/wsh/wheeltec/wheeltec_ros2/install/nav2_behaviors:/home/wsh/wheeltec/wheeltec_ros2/install/nav2_collision_monitor:/home/wsh/wheeltec/wheeltec_ros2/install/costmap_queue:/home/wsh/wheeltec/wheeltec_ros2/install/nav2_velocity_smoother:/home/wsh/wheeltec/wheeltec_ros2/install/nav2_rviz_plugins:/home/wsh/wheeltec/wheeltec_ros2/install/nav2_behavior_tree:/home/wsh/wheeltec/wheeltec_ros2/install/nav2_amcl:/home/wsh/wheeltec/wheeltec_ros2/install/lslidar_driver:/home/wsh/wheeltec/wheeltec_ros2/install/lslidar_msgs:/home/wsh/wheeltec/wheeltec_ros2/install/ldlidar_stl_ros2:/home/wsh/wheeltec/wheeltec_ros2/install/ldlidar_sl_ros2:/home/wsh/wheeltec/wheeltec_ros2/install/astra_camera_msgs:/home/wsh/wheeltec/wheeltec_ros2/install/ackermann_msgs:/home/wsh/wheeltec/wheeltec_ros2/install/wheeltec_robot_keyboard:/home/wsh/wheeltec/wheeltec_ros2/install/tf2_tools:/home/wsh/wheeltec/wheeltec_ros2/install/nmea_navsat_driver:/home/wsh/wheeltec/wheeltec_ros2/install/nav2_simple_commander:/home/wsh/wheeltec/wheeltec_ros2/install/auto_recharge_ros2:/opt/ros/humble LD_LIBRARY_PATH=/home/wsh/wheeltec/wheeltec_ros2/install/nav2_costmap_2d/lib:/home/wsh/wheeltec/wheeltec_ros2/install/nav2_map_server/lib:/home/wsh/wheeltec/wheeltec_ros2/install/nav2_lifecycle_manager/lib:/home/wsh/wheeltec/wheeltec_ros2/install/nav2_util/lib:/home/wsh/wheeltec/wheeltec_ros2/install/nav2_voxel_grid/lib:/home/wsh/wheeltec/wheeltec_ros2/install/nav2_msgs/lib:/home/wsh/wheeltec/wheeltec_ros2/install/wheeltec_rrt_msg/lib:/home/wsh/wheeltec/wheeltec_ros2/install/wheeltec_robot_rrt/lib:/home/wsh/wheeltec/wheeltec_ros2/install/turn_on_wheeltec_robot/lib:/home/wsh/wheeltec/wheeltec_ros2/install/wheeltec_robot_msg/lib:/home/wsh/wheeltec/wheeltec_ros2/install/usb_cam/lib:/home/wsh/wheeltec/wheeltec_ros2/install/serial/lib:/home/wsh/wheeltec/wheeltec_ros2/install/openslam_gmapping/lib:/home/wsh/wheeltec/wheeltec_ros2/install/nmea_msgs/lib:/home/wsh/wheeltec/wheeltec_ros2/install/nav2_smoother/lib:/home/wsh/wheeltec/wheeltec_ros2/install/nav2_controller/lib:/home/wsh/wheeltec/wheeltec_ros2/install/dwb_plugins/lib:/home/wsh/wheeltec/wheeltec_ros2/install/dwb_critics/lib:/home/wsh/wheeltec/wheeltec_ros2/install/dwb_core/lib:/home/wsh/wheeltec/wheeltec_ros2/install/nav_2d_utils/lib:/home/wsh/wheeltec/wheeltec_ros2/install/dwb_msgs/lib:/home/wsh/wheeltec/wheeltec_ros2/install/nav_2d_msgs/lib:/home/wsh/wheeltec/wheeltec_ros2/install/nav2_waypoint_follower/lib:/home/wsh/wheeltec/wheeltec_ros2/install/nav2_theta_star_planner/lib:/home/wsh/wheeltec/wheeltec_ros2/install/nav2_smac_planner/lib:/home/wsh/wheeltec/wheeltec_ros2/install/nav2_regulated_pure_pursuit_controller/lib:/home/wsh/wheeltec/wheeltec_ros2/install/nav2_planner/lib:/home/wsh/wheeltec/wheeltec_ros2/install/nav2_navfn_planner/lib:/home/wsh/wheeltec/wheeltec_ros2/install/nav2_mppi_controller/lib:/home/wsh/wheeltec/wheeltec_ros2/install/nav2_constrained_smoother/lib:/home/wsh/wheeltec/wheeltec_ros2/install/nav2_bt_navigator/lib:/home/wsh/wheeltec/wheeltec_ros2/install/nav2_behaviors/lib:/home/wsh/wheeltec/wheeltec_ros2/install/nav2_collision_monitor/lib:/home/wsh/wheeltec/wheeltec_ros2/install/costmap_queue/lib:/home/wsh/wheeltec/wheeltec_ros2/install/nav2_velocity_smoother/lib:/home/wsh/wheeltec/wheeltec_ros2/install/nav2_rviz_plugins/lib:/home/wsh/wheeltec/wheeltec_ros2/install/nav2_behavior_tree/lib:/home/wsh/wheeltec/wheeltec_ros2/install/nav2_amcl/lib:/home/wsh/wheeltec/wheeltec_ros2/install/lslidar_msgs/lib:/home/wsh/wheeltec/wheeltec_ros2/install/astra_camera_msgs/lib:/home/wsh/wheeltec/wheeltec_ros2/install/ackermann_msgs/lib:/usr/local/adolc/lib:/usr/local/lib:/usr/local/adolc/lib:/usr/local/lib:/usr/lib/x86_64-linux-gnu/gazebo-11/plugins:/opt/ros/humble/opt/rviz_ogre_vendor/lib:/opt/ros/humble/lib/x86_64-linux-gnu:/opt/ros/humble/lib /usr/bin/cmake --build /home/wsh/wheeltec/wheeltec_ros2/build/nav2_smac_planner -- -j20 -l20
