[0.077s] Invoking command in '/home/wsh/wheeltec/wheeltec_ros2/build/nav2_smac_planner': CMAKE_PREFIX_PATH=/home/wsh/wheeltec/wheeltec_ros2/install/nav2_core:/home/wsh/wheeltec/wheeltec_ros2/install/nav2_costmap_2d:/home/wsh/wheeltec/wheeltec_ros2/install/nav2_map_server:/home/wsh/wheeltec/wheeltec_ros2/install/nav2_lifecycle_manager:/home/wsh/wheeltec/wheeltec_ros2/install/nav2_util:/home/wsh/wheeltec/wheeltec_ros2/install/nav2_voxel_grid:/home/wsh/wheeltec/wheeltec_ros2/install/nav2_msgs:/home/wsh/wheeltec/wheeltec_ros2/install/nav2_common:/home/wsh/wheeltec/wheeltec_ros2/install/wheeltec_slam_toolbox:/home/wsh/wheeltec/wheeltec_ros2/install/wheeltec_rviz2:/home/wsh/wheeltec/wheeltec_ros2/install/wheeltec_rrt_msg:/home/wsh/wheeltec/wheeltec_ros2/install/wheeltec_robot_urdf:/home/wsh/wheeltec/wheeltec_ros2/install/wheeltec_robot_rtab:/home/wsh/wheeltec/wheeltec_ros2/install/wheeltec_robot_rrt:/home/wsh/wheeltec/wheeltec_ros2/install/turn_on_wheeltec_robot:/home/wsh/wheeltec/wheeltec_ros2/install/wheeltec_robot_msg:/home/wsh/wheeltec/wheeltec_ros2/install/wheeltec_robot_kcf:/home/wsh/wheeltec/wheeltec_ros2/install/wheeltec_nav2:/home/wsh/wheeltec/wheeltec_ros2/install/wheeltec_joy:/home/wsh/wheeltec/wheeltec_ros2/install/wheeltec_gps_path:/home/wsh/wheeltec/wheeltec_ros2/install/wheeltec_cartographer:/home/wsh/wheeltec/wheeltec_ros2/install/web_video_server:/home/wsh/wheeltec/wheeltec_ros2/install/usb_cam:/home/wsh/wheeltec/wheeltec_ros2/install/slam_gmapping:/home/wsh/wheeltec/wheeltec_ros2/install/serial:/home/wsh/wheeltec/wheeltec_ros2/install/openslam_gmapping:/home/wsh/wheeltec/wheeltec_ros2/install/nmea_msgs:/home/wsh/wheeltec/wheeltec_ros2/install/nav2_bringup:/home/wsh/wheeltec/wheeltec_ros2/install/navigation2:/home/wsh/wheeltec/wheeltec_ros2/install/nav2_smoother:/home/wsh/wheeltec/wheeltec_ros2/install/nav2_dwb_controller:/home/wsh/wheeltec/wheeltec_ros2/install/nav2_controller:/home/wsh/wheeltec/wheeltec_ros2/install/dwb_plugins:/home/wsh/wheeltec/wheeltec_ros2/install/dwb_critics:/home/wsh/wheeltec/wheeltec_ros2/install/dwb_core:/home/wsh/wheeltec/wheeltec_ros2/install/nav_2d_utils:/home/wsh/wheeltec/wheeltec_ros2/install/dwb_msgs:/home/wsh/wheeltec/wheeltec_ros2/install/nav_2d_msgs:/home/wsh/wheeltec/wheeltec_ros2/install/nav2_waypoint_follower:/home/wsh/wheeltec/wheeltec_ros2/install/nav2_theta_star_planner:/home/wsh/wheeltec/wheeltec_ros2/install/nav2_smac_planner:/home/wsh/wheeltec/wheeltec_ros2/install/nav2_regulated_pure_pursuit_controller:/home/wsh/wheeltec/wheeltec_ros2/install/nav2_planner:/home/wsh/wheeltec/wheeltec_ros2/install/nav2_navfn_planner:/home/wsh/wheeltec/wheeltec_ros2/install/nav2_mppi_controller:/home/wsh/wheeltec/wheeltec_ros2/install/nav2_constrained_smoother:/home/wsh/wheeltec/wheeltec_ros2/install/nav2_bt_navigator:/home/wsh/wheeltec/wheeltec_ros2/install/nav2_behaviors:/home/wsh/wheeltec/wheeltec_ros2/install/nav2_collision_monitor:/home/wsh/wheeltec/wheeltec_ros2/install/costmap_queue:/home/wsh/wheeltec/wheeltec_ros2/install/nav2_velocity_smoother:/home/wsh/wheeltec/wheeltec_ros2/install/nav2_rviz_plugins:/home/wsh/wheeltec/wheeltec_ros2/install/nav2_behavior_tree:/home/wsh/wheeltec/wheeltec_ros2/install/nav2_amcl:/home/wsh/wheeltec/wheeltec_ros2/install/lslidar_driver:/home/wsh/wheeltec/wheeltec_ros2/install/lslidar_msgs:/home/wsh/wheeltec/wheeltec_ros2/install/ldlidar_stl_ros2:/home/wsh/wheeltec/wheeltec_ros2/install/ldlidar_sl_ros2:/home/wsh/wheeltec/wheeltec_ros2/install/astra_camera_msgs:/home/wsh/wheeltec/wheeltec_ros2/install/ackermann_msgs:/home/wsh/wheeltec/wheeltec_ros2/install/wheeltec_robot_keyboard:/home/wsh/wheeltec/wheeltec_ros2/install/tf2_tools:/home/wsh/wheeltec/wheeltec_ros2/install/nmea_navsat_driver:/home/wsh/wheeltec/wheeltec_ros2/install/nav2_simple_commander:/home/wsh/wheeltec/wheeltec_ros2/install/auto_recharge_ros2:/opt/ros/humble LD_LIBRARY_PATH=/home/wsh/wheeltec/wheeltec_ros2/install/nav2_costmap_2d/lib:/home/wsh/wheeltec/wheeltec_ros2/install/nav2_map_server/lib:/home/wsh/wheeltec/wheeltec_ros2/install/nav2_lifecycle_manager/lib:/home/wsh/wheeltec/wheeltec_ros2/install/nav2_util/lib:/home/wsh/wheeltec/wheeltec_ros2/install/nav2_voxel_grid/lib:/home/wsh/wheeltec/wheeltec_ros2/install/nav2_msgs/lib:/home/wsh/wheeltec/wheeltec_ros2/install/wheeltec_rrt_msg/lib:/home/wsh/wheeltec/wheeltec_ros2/install/wheeltec_robot_rrt/lib:/home/wsh/wheeltec/wheeltec_ros2/install/turn_on_wheeltec_robot/lib:/home/wsh/wheeltec/wheeltec_ros2/install/wheeltec_robot_msg/lib:/home/wsh/wheeltec/wheeltec_ros2/install/usb_cam/lib:/home/wsh/wheeltec/wheeltec_ros2/install/serial/lib:/home/wsh/wheeltec/wheeltec_ros2/install/openslam_gmapping/lib:/home/wsh/wheeltec/wheeltec_ros2/install/nmea_msgs/lib:/home/wsh/wheeltec/wheeltec_ros2/install/nav2_smoother/lib:/home/wsh/wheeltec/wheeltec_ros2/install/nav2_controller/lib:/home/wsh/wheeltec/wheeltec_ros2/install/dwb_plugins/lib:/home/wsh/wheeltec/wheeltec_ros2/install/dwb_critics/lib:/home/wsh/wheeltec/wheeltec_ros2/install/dwb_core/lib:/home/wsh/wheeltec/wheeltec_ros2/install/nav_2d_utils/lib:/home/wsh/wheeltec/wheeltec_ros2/install/dwb_msgs/lib:/home/wsh/wheeltec/wheeltec_ros2/install/nav_2d_msgs/lib:/home/wsh/wheeltec/wheeltec_ros2/install/nav2_waypoint_follower/lib:/home/wsh/wheeltec/wheeltec_ros2/install/nav2_theta_star_planner/lib:/home/wsh/wheeltec/wheeltec_ros2/install/nav2_smac_planner/lib:/home/wsh/wheeltec/wheeltec_ros2/install/nav2_regulated_pure_pursuit_controller/lib:/home/wsh/wheeltec/wheeltec_ros2/install/nav2_planner/lib:/home/wsh/wheeltec/wheeltec_ros2/install/nav2_navfn_planner/lib:/home/wsh/wheeltec/wheeltec_ros2/install/nav2_mppi_controller/lib:/home/wsh/wheeltec/wheeltec_ros2/install/nav2_constrained_smoother/lib:/home/wsh/wheeltec/wheeltec_ros2/install/nav2_bt_navigator/lib:/home/wsh/wheeltec/wheeltec_ros2/install/nav2_behaviors/lib:/home/wsh/wheeltec/wheeltec_ros2/install/nav2_collision_monitor/lib:/home/wsh/wheeltec/wheeltec_ros2/install/costmap_queue/lib:/home/wsh/wheeltec/wheeltec_ros2/install/nav2_velocity_smoother/lib:/home/wsh/wheeltec/wheeltec_ros2/install/nav2_rviz_plugins/lib:/home/wsh/wheeltec/wheeltec_ros2/install/nav2_behavior_tree/lib:/home/wsh/wheeltec/wheeltec_ros2/install/nav2_amcl/lib:/home/wsh/wheeltec/wheeltec_ros2/install/lslidar_msgs/lib:/home/wsh/wheeltec/wheeltec_ros2/install/astra_camera_msgs/lib:/home/wsh/wheeltec/wheeltec_ros2/install/ackermann_msgs/lib:/usr/local/adolc/lib:/usr/local/lib:/usr/local/adolc/lib:/usr/local/lib:/usr/lib/x86_64-linux-gnu/gazebo-11/plugins:/opt/ros/humble/opt/rviz_ogre_vendor/lib:/opt/ros/humble/lib/x86_64-linux-gnu:/opt/ros/humble/lib /usr/bin/cmake --build /home/wsh/wheeltec/wheeltec_ros2/build/nav2_smac_planner -- -j20 -l20
[0.163s] [35m[1mConsolidate compiler generated dependencies of target nav2_smac_planner_2d[0m
[0.163s] [35m[1mConsolidate compiler generated dependencies of target nav2_smac_planner_lattice[0m
[0.164s] [35m[1mConsolidate compiler generated dependencies of target nav2_smac_planner[0m
[0.220s] [  1%] [32mBuilding CXX object CMakeFiles/nav2_smac_planner_lattice.dir/math/polygon2d.cc.o[0m
[0.220s] [  1%] [32mBuilding CXX object CMakeFiles/nav2_smac_planner_lattice.dir/math/discretized_points_smoothing/fem_pos_deviation_osqp_interface.cc.o[0m
[0.220s] [  2%] [32mBuilding CXX object CMakeFiles/nav2_smac_planner_lattice.dir/math/discretized_points_smoothing/cos_theta_ipopt_interface.cc.o[0m
[0.221s] [  4%] [32mBuilding CXX object CMakeFiles/nav2_smac_planner_lattice.dir/math/discretized_points_smoothing/cos_theta_smoother.cc.o[0m
[0.221s] [  4%] [32mBuilding CXX object CMakeFiles/nav2_smac_planner_lattice.dir/math/discretized_points_smoothing/fem_pos_deviation_ipopt_interface.cc.o[0m
[0.222s] [  5%] [32mBuilding CXX object CMakeFiles/nav2_smac_planner_lattice.dir/math/discretized_points_smoothing/fem_pos_deviation_sqp_osqp_interface.cc.o[0m
[0.222s] [  6%] [32mBuilding CXX object CMakeFiles/nav2_smac_planner_lattice.dir/math/discretized_points_smoothing/fem_pos_deviation_smoother.cc.o[0m
[0.225s] [  7%] [32mBuilding CXX object CMakeFiles/nav2_smac_planner_2d.dir/math/discretized_points_smoothing/fem_pos_deviation_smoother.cc.o[0m
[0.226s] [  9%] [32mBuilding CXX object CMakeFiles/nav2_smac_planner_2d.dir/math/discretized_points_smoothing/fem_pos_deviation_ipopt_interface.cc.o[0m
[0.226s] [  9%] [32mBuilding CXX object CMakeFiles/nav2_smac_planner_2d.dir/math/discretized_points_smoothing/cos_theta_smoother.cc.o[0m
[0.228s] [ 10%] [32mBuilding CXX object CMakeFiles/nav2_smac_planner_2d.dir/math/discretized_points_smoothing/fem_pos_deviation_sqp_osqp_interface.cc.o[0m
[0.228s] [ 11%] [32mBuilding CXX object CMakeFiles/nav2_smac_planner_2d.dir/math/polygon2d.cc.o[0m
[0.229s] [ 12%] [32mBuilding CXX object CMakeFiles/nav2_smac_planner_2d.dir/math/discretized_points_smoothing/cos_theta_ipopt_interface.cc.o[0m
[0.229s] [ 13%] [32mBuilding CXX object CMakeFiles/nav2_smac_planner.dir/math/discretized_points_smoothing/cos_theta_ipopt_interface.cc.o[0m
[0.229s] [ 14%] [32mBuilding CXX object CMakeFiles/nav2_smac_planner.dir/math/polygon2d.cc.o[0m
[0.229s] [ 15%] [32mBuilding CXX object CMakeFiles/nav2_smac_planner_2d.dir/math/discretized_points_smoothing/fem_pos_deviation_osqp_interface.cc.o[0m
[0.229s] [ 16%] [32mBuilding CXX object CMakeFiles/nav2_smac_planner.dir/math/discretized_points_smoothing/cos_theta_smoother.cc.o[0m
[0.230s] [ 17%] [32mBuilding CXX object CMakeFiles/nav2_smac_planner.dir/math/discretized_points_smoothing/fem_pos_deviation_ipopt_interface.cc.o[0m
[0.230s] [ 18%] [32mBuilding CXX object CMakeFiles/nav2_smac_planner.dir/math/discretized_points_smoothing/fem_pos_deviation_smoother.cc.o[0m
[0.230s] [ 18%] [32mBuilding CXX object CMakeFiles/nav2_smac_planner.dir/math/discretized_points_smoothing/fem_pos_deviation_osqp_interface.cc.o[0m
[0.260s] In file included from [01m[K/home/wsh/wheeltec/wheeltec_ros2/src/navigation2-humble/nav2_smac_planner/math/discretized_points_smoothing/fem_pos_deviation_sqp_osqp_interface.cc:21[m[K:
[0.260s] [01m[K/home/wsh/wheeltec/wheeltec_ros2/src/navigation2-humble/nav2_smac_planner/math/discretized_points_smoothing/fem_pos_deviation_sqp_osqp_interface.h:27:10:[m[K [01;31m[Kfatal error: [m[Knav2_smac_planner/gflags/planning_gflags.h: No such file or directory
[0.260s]    27 | #include [01;31m[K"nav2_smac_planner/gflags/planning_gflags.h"[m[K
[0.260s]       |          [01;31m[K^~~~~~~~~~~~~~~~~~~~~~~~~~~~~~~~~~~~~~~~~~~~[m[K
[0.260s] compilation terminated.
[0.261s] gmake[2]: *** [CMakeFiles/nav2_smac_planner_lattice.dir/build.make:438: CMakeFiles/nav2_smac_planner_lattice.dir/math/discretized_points_smoothing/fem_pos_deviation_sqp_osqp_interface.cc.o] Error 1
[0.263s] In file included from [01m[K/home/wsh/wheeltec/wheeltec_ros2/src/navigation2-humble/nav2_smac_planner/math/discretized_points_smoothing/fem_pos_deviation_osqp_interface.h:26[m[K,
[0.263s]                  from [01m[K/home/wsh/wheeltec/wheeltec_ros2/src/navigation2-humble/nav2_smac_planner/math/discretized_points_smoothing/fem_pos_deviation_osqp_interface.cc:21[m[K:
[0.263s] [01m[K/usr/local/include/osqp.h:6:11:[m[K [01;31m[Kfatal error: [m[Kosqp_configure.h: No such file or directory
[0.263s]     6 | # include [01;31m[K"osqp_configure.h"[m[K
[0.263s]       |           [01;31m[K^~~~~~~~~~~~~~~~~~[m[K
[0.263s] compilation terminated.
[0.265s] gmake[2]: *** Waiting for unfinished jobs....
[0.265s] gmake[2]: *** [CMakeFiles/nav2_smac_planner_lattice.dir/build.make:410: CMakeFiles/nav2_smac_planner_lattice.dir/math/discretized_points_smoothing/fem_pos_deviation_osqp_interface.cc.o] Error 1
[0.265s] In file included from [01m[K/home/wsh/wheeltec/wheeltec_ros2/src/navigation2-humble/nav2_smac_planner/math/discretized_points_smoothing/fem_pos_deviation_sqp_osqp_interface.cc:21[m[K:
[0.265s] [01m[K/home/wsh/wheeltec/wheeltec_ros2/src/navigation2-humble/nav2_smac_planner/math/discretized_points_smoothing/fem_pos_deviation_sqp_osqp_interface.h:27:10:[m[K [01;31m[Kfatal error: [m[Knav2_smac_planner/gflags/planning_gflags.h: No such file or directory
[0.265s]    27 | #include [01;31m[K"nav2_smac_planner/gflags/planning_gflags.h"[m[K
[0.265s]       |          [01;31m[K^~~~~~~~~~~~~~~~~~~~~~~~~~~~~~~~~~~~~~~~~~~~[m[K
[0.265s] In file included from [01m[K/home/wsh/wheeltec/wheeltec_ros2/src/navigation2-humble/nav2_smac_planner/math/discretized_points_smoothing/fem_pos_deviation_osqp_interface.h:26[m[K,
[0.266s]                  from [01m[K/home/wsh/wheeltec/wheeltec_ros2/src/navigation2-humble/nav2_smac_planner/math/discretized_points_smoothing/fem_pos_deviation_osqp_interface.cc:21[m[K:
[0.266s] [01m[K/usr/local/include/osqp.h:6:11:[m[K [01;31m[Kfatal error: [m[Kosqp_configure.h: No such file or directory
[0.266s]     6 | # include [01;31m[K"osqp_configure.h"[m[K
[0.266s]       |           [01;31m[K^~~~~~~~~~~~~~~~~~[m[K
[0.266s] compilation terminated.
[0.266s] compilation terminated.
[0.266s] gmake[2]: *** [CMakeFiles/nav2_smac_planner.dir/build.make:410: CMakeFiles/nav2_smac_planner.dir/math/discretized_points_smoothing/fem_pos_deviation_osqp_interface.cc.o] Error 1
[0.266s] gmake[2]: *** Waiting for unfinished jobs....
[0.266s] In file included from [01m[K/home/wsh/wheeltec/wheeltec_ros2/src/navigation2-humble/nav2_smac_planner/math/discretized_points_smoothing/fem_pos_deviation_osqp_interface.h:26[m[K,
[0.267s]                  from [01m[K/home/wsh/wheeltec/wheeltec_ros2/src/navigation2-humble/nav2_smac_planner/math/discretized_points_smoothing/fem_pos_deviation_osqp_interface.cc:21[m[K:
[0.267s] [01m[K/usr/local/include/osqp.h:6:11:[m[K [01;31m[Kfatal error: [m[Kosqp_configure.h: No such file or directory
[0.267s]     6 | # include [01;31m[K"osqp_configure.h"[m[K
[0.267s]       |           [01;31m[K^~~~~~~~~~~~~~~~~~[m[K
[0.267s] compilation terminated.
[0.267s] gmake[2]: *** [CMakeFiles/nav2_smac_planner_2d.dir/build.make:438: CMakeFiles/nav2_smac_planner_2d.dir/math/discretized_points_smoothing/fem_pos_deviation_sqp_osqp_interface.cc.o] Error 1
[0.267s] gmake[2]: *** Waiting for unfinished jobs....
[0.267s] gmake[2]: *** [CMakeFiles/nav2_smac_planner_2d.dir/build.make:410: CMakeFiles/nav2_smac_planner_2d.dir/math/discretized_points_smoothing/fem_pos_deviation_osqp_interface.cc.o] Error 1
[0.276s] [ 19%] [32mBuilding CXX object CMakeFiles/nav2_smac_planner.dir/math/discretized_points_smoothing/fem_pos_deviation_sqp_osqp_interface.cc.o[0m
[0.312s] In file included from [01m[K/home/wsh/wheeltec/wheeltec_ros2/src/navigation2-humble/nav2_smac_planner/math/discretized_points_smoothing/fem_pos_deviation_sqp_osqp_interface.cc:21[m[K:
[0.312s] [01m[K/home/wsh/wheeltec/wheeltec_ros2/src/navigation2-humble/nav2_smac_planner/math/discretized_points_smoothing/fem_pos_deviation_sqp_osqp_interface.h:27:10:[m[K [01;31m[Kfatal error: [m[Knav2_smac_planner/gflags/planning_gflags.h: No such file or directory
[0.312s]    27 | #include [01;31m[K"nav2_smac_planner/gflags/planning_gflags.h"[m[K
[0.312s]       |          [01;31m[K^~~~~~~~~~~~~~~~~~~~~~~~~~~~~~~~~~~~~~~~~~~~[m[K
[0.312s] compilation terminated.
[0.313s] gmake[2]: *** [CMakeFiles/nav2_smac_planner.dir/build.make:438: CMakeFiles/nav2_smac_planner.dir/math/discretized_points_smoothing/fem_pos_deviation_sqp_osqp_interface.cc.o] Error 1
[0.344s] In file included from [01m[K/home/wsh/wheeltec/wheeltec_ros2/src/navigation2-humble/nav2_smac_planner/math/discretized_points_smoothing/cos_theta_ipopt_interface.h:25[m[K,
[0.344s]                  from [01m[K/home/wsh/wheeltec/wheeltec_ros2/src/navigation2-humble/nav2_smac_planner/math/discretized_points_smoothing/cos_theta_ipopt_interface.cc:17[m[K:
[0.344s] [01m[K/usr/local/adolc/include/adolc/adolc_sparse.h:15:10:[m[K [01;31m[Kfatal error: [m[Kadolc/sparse/sparsedrivers.h: No such file or directory
[0.344s]    15 | #include [01;31m[K<adolc/sparse/sparsedrivers.h>[m[K
[0.344s]       |          [01;31m[K^~~~~~~~~~~~~~~~~~~~~~~~~~~~~~[m[K
[0.344s] compilation terminated.
[0.345s] gmake[2]: *** [CMakeFiles/nav2_smac_planner.dir/build.make:368: CMakeFiles/nav2_smac_planner.dir/math/discretized_points_smoothing/cos_theta_ipopt_interface.cc.o] Error 1
[0.361s] In file included from [01m[K/home/wsh/wheeltec/wheeltec_ros2/src/navigation2-humble/nav2_smac_planner/math/discretized_points_smoothing/fem_pos_deviation_ipopt_interface.h:23[m[K,
[0.361s]                  from [01m[K/home/wsh/wheeltec/wheeltec_ros2/src/navigation2-humble/nav2_smac_planner/math/discretized_points_smoothing/fem_pos_deviation_ipopt_interface.cc:21[m[K:
[0.361s] [01m[K/usr/local/adolc/include/adolc/adolc_sparse.h:15:10:[m[K [01;31m[Kfatal error: [m[Kadolc/sparse/sparsedrivers.h: No such file or directory
[0.361s]    15 | #include [01;31m[K<adolc/sparse/sparsedrivers.h>[m[K
[0.361s]       |          [01;31m[K^~~~~~~~~~~~~~~~~~~~~~~~~~~~~~[m[K
[0.361s] compilation terminated.
[0.362s] gmake[2]: *** [CMakeFiles/nav2_smac_planner_lattice.dir/build.make:396: CMakeFiles/nav2_smac_planner_lattice.dir/math/discretized_points_smoothing/fem_pos_deviation_ipopt_interface.cc.o] Error 1
[0.387s] In file included from [01m[K/home/wsh/wheeltec/wheeltec_ros2/src/navigation2-humble/nav2_smac_planner/math/discretized_points_smoothing/fem_pos_deviation_ipopt_interface.h:23[m[K,
[0.387s]                  from [01m[K/home/wsh/wheeltec/wheeltec_ros2/src/navigation2-humble/nav2_smac_planner/math/discretized_points_smoothing/fem_pos_deviation_ipopt_interface.cc:21[m[K:
[0.388s] [01m[K/usr/local/adolc/include/adolc/adolc_sparse.h:15:10:[m[K [01;31m[Kfatal error: [m[Kadolc/sparse/sparsedrivers.h: No such file or directory
[0.388s]    15 | #include [01;31m[K<adolc/sparse/sparsedrivers.h>[m[K
[0.388s]       |          [01;31m[K^~~~~~~~~~~~~~~~~~~~~~~~~~~~~~[m[K
[0.388s] compilation terminated.
[0.389s] gmake[2]: *** [CMakeFiles/nav2_smac_planner.dir/build.make:396: CMakeFiles/nav2_smac_planner.dir/math/discretized_points_smoothing/fem_pos_deviation_ipopt_interface.cc.o] Error 1
[0.392s] In file included from [01m[K/home/wsh/wheeltec/wheeltec_ros2/src/navigation2-humble/nav2_smac_planner/math/discretized_points_smoothing/fem_pos_deviation_ipopt_interface.h:23[m[K,
[0.392s]                  from [01m[K/home/wsh/wheeltec/wheeltec_ros2/src/navigation2-humble/nav2_smac_planner/math/discretized_points_smoothing/fem_pos_deviation_ipopt_interface.cc:21[m[K:
[0.392s] [01m[K/usr/local/adolc/include/adolc/adolc_sparse.h:15:10:[m[K [01;31m[Kfatal error: [m[Kadolc/sparse/sparsedrivers.h: No such file or directory
[0.392s]    15 | #include [01;31m[K<adolc/sparse/sparsedrivers.h>[m[K
[0.392s]       |          [01;31m[K^~~~~~~~~~~~~~~~~~~~~~~~~~~~~~[m[K
[0.392s] compilation terminated.
[0.394s] gmake[2]: *** [CMakeFiles/nav2_smac_planner_2d.dir/build.make:396: CMakeFiles/nav2_smac_planner_2d.dir/math/discretized_points_smoothing/fem_pos_deviation_ipopt_interface.cc.o] Error 1
[0.406s] In file included from [01m[K/home/wsh/wheeltec/wheeltec_ros2/src/navigation2-humble/nav2_smac_planner/math/discretized_points_smoothing/cos_theta_ipopt_interface.h:25[m[K,
[0.406s]                  from [01m[K/home/wsh/wheeltec/wheeltec_ros2/src/navigation2-humble/nav2_smac_planner/math/discretized_points_smoothing/cos_theta_ipopt_interface.cc:17[m[K:
[0.406s] [01m[K/usr/local/adolc/include/adolc/adolc_sparse.h:15:10:[m[K [01;31m[Kfatal error: [m[Kadolc/sparse/sparsedrivers.h: No such file or directory
[0.406s]    15 | #include [01;31m[K<adolc/sparse/sparsedrivers.h>[m[K
[0.406s]       |          [01;31m[K^~~~~~~~~~~~~~~~~~~~~~~~~~~~~~[m[K
[0.406s] compilation terminated.
[0.408s] gmake[2]: *** [CMakeFiles/nav2_smac_planner_2d.dir/build.make:368: CMakeFiles/nav2_smac_planner_2d.dir/math/discretized_points_smoothing/cos_theta_ipopt_interface.cc.o] Error 1
[0.409s] In file included from [01m[K/home/wsh/wheeltec/wheeltec_ros2/src/navigation2-humble/nav2_smac_planner/math/discretized_points_smoothing/cos_theta_ipopt_interface.h:25[m[K,
[0.409s]                  from [01m[K/home/wsh/wheeltec/wheeltec_ros2/src/navigation2-humble/nav2_smac_planner/math/discretized_points_smoothing/cos_theta_ipopt_interface.cc:17[m[K:
[0.409s] [01m[K/usr/local/adolc/include/adolc/adolc_sparse.h:15:10:[m[K [01;31m[Kfatal error: [m[Kadolc/sparse/sparsedrivers.h: No such file or directory
[0.409s]    15 | #include [01;31m[K<adolc/sparse/sparsedrivers.h>[m[K
[0.409s]       |          [01;31m[K^~~~~~~~~~~~~~~~~~~~~~~~~~~~~~[m[K
[0.409s] compilation terminated.
[0.411s] gmake[2]: *** [CMakeFiles/nav2_smac_planner_lattice.dir/build.make:368: CMakeFiles/nav2_smac_planner_lattice.dir/math/discretized_points_smoothing/cos_theta_ipopt_interface.cc.o] Error 1
[0.433s] [01m[K/home/wsh/wheeltec/wheeltec_ros2/src/navigation2-humble/nav2_smac_planner/math/polygon2d.cc:27:10:[m[K [01;31m[Kfatal error: [m[Kutil/string_util.h: No such file or directory
[0.434s]    27 | #include [01;31m[K"util/string_util.h"[m[K
[0.434s]       |          [01;31m[K^~~~~~~~~~~~~~~~~~~~[m[K
[0.434s] compilation terminated.
[0.435s] gmake[2]: *** [CMakeFiles/nav2_smac_planner_2d.dir/build.make:354: CMakeFiles/nav2_smac_planner_2d.dir/math/polygon2d.cc.o] Error 1
[0.469s] In file included from [01m[K/usr/include/coin/IpJournalist.hpp:15[m[K,
[0.469s]                  from [01m[K/usr/include/coin/IpIpoptApplication.hpp:26[m[K,
[0.469s]                  from [01m[K/home/wsh/wheeltec/wheeltec_ros2/src/navigation2-humble/nav2_smac_planner/math/discretized_points_smoothing/cos_theta_smoother.cc:19[m[K:
[0.469s] [01m[K/usr/include/coin/IpSmartPtr.hpp:18:4:[m[K [01;31m[Kerror: [m[K#error "don't have header file for stddef"
[0.469s]    18 | #  [01;31m[Kerror[m[K "don't have header file for stddef"
[0.470s]       |    [01;31m[K^~~~~[m[K
[0.477s] In file included from [01m[K/usr/include/coin/IpJournalist.hpp:15[m[K,
[0.477s]                  from [01m[K/usr/include/coin/IpIpoptApplication.hpp:26[m[K,
[0.477s]                  from [01m[K/home/wsh/wheeltec/wheeltec_ros2/src/navigation2-humble/nav2_smac_planner/math/discretized_points_smoothing/fem_pos_deviation_smoother.cc:23[m[K:
[0.477s] [01m[K/usr/include/coin/IpSmartPtr.hpp:18:4:[m[K [01;31m[Kerror: [m[K#error "don't have header file for stddef"
[0.477s]    18 | #  [01;31m[Kerror[m[K "don't have header file for stddef"
[0.478s]       |    [01;31m[K^~~~~[m[K
[0.479s] In file included from [01m[K/home/wsh/wheeltec/wheeltec_ros2/src/navigation2-humble/nav2_smac_planner/math/discretized_points_smoothing/cos_theta_ipopt_interface.h:25[m[K,
[0.479s]                  from [01m[K/home/wsh/wheeltec/wheeltec_ros2/src/navigation2-humble/nav2_smac_planner/math/discretized_points_smoothing/cos_theta_smoother.cc:22[m[K:
[0.479s] [01m[K/usr/local/adolc/include/adolc/adolc_sparse.h:15:10:[m[K [01;31m[Kfatal error: [m[Kadolc/sparse/sparsedrivers.h: No such file or directory
[0.479s]    15 | #include [01;31m[K<adolc/sparse/sparsedrivers.h>[m[K
[0.479s]       |          [01;31m[K^~~~~~~~~~~~~~~~~~~~~~~~~~~~~~[m[K
[0.479s] compilation terminated.
[0.482s] gmake[2]: *** [CMakeFiles/nav2_smac_planner_2d.dir/build.make:382: CMakeFiles/nav2_smac_planner_2d.dir/math/discretized_points_smoothing/cos_theta_smoother.cc.o] Error 1
[0.486s] In file included from [01m[K/home/wsh/wheeltec/wheeltec_ros2/src/navigation2-humble/nav2_smac_planner/math/discretized_points_smoothing/fem_pos_deviation_ipopt_interface.h:23[m[K,
[0.486s]                  from [01m[K/home/wsh/wheeltec/wheeltec_ros2/src/navigation2-humble/nav2_smac_planner/math/discretized_points_smoothing/fem_pos_deviation_smoother.cc:26[m[K:
[0.486s] [01m[K/usr/local/adolc/include/adolc/adolc_sparse.h:15:10:[m[K [01;31m[Kfatal error: [m[Kadolc/sparse/sparsedrivers.h: No such file or directory
[0.487s]    15 | #include [01;31m[K<adolc/sparse/sparsedrivers.h>[m[K
[0.487s]       |          [01;31m[K^~~~~~~~~~~~~~~~~~~~~~~~~~~~~~[m[K
[0.487s] compilation terminated.
[0.489s] gmake[2]: *** [CMakeFiles/nav2_smac_planner.dir/build.make:424: CMakeFiles/nav2_smac_planner.dir/math/discretized_points_smoothing/fem_pos_deviation_smoother.cc.o] Error 1
[0.496s] In file included from [01m[K/usr/include/coin/IpJournalist.hpp:15[m[K,
[0.496s]                  from [01m[K/usr/include/coin/IpIpoptApplication.hpp:26[m[K,
[0.496s]                  from [01m[K/home/wsh/wheeltec/wheeltec_ros2/src/navigation2-humble/nav2_smac_planner/math/discretized_points_smoothing/fem_pos_deviation_smoother.cc:23[m[K:
[0.496s] [01m[K/usr/include/coin/IpSmartPtr.hpp:18:4:[m[K [01;31m[Kerror: [m[K#error "don't have header file for stddef"
[0.496s]    18 | #  [01;31m[Kerror[m[K "don't have header file for stddef"
[0.496s]       |    [01;31m[K^~~~~[m[K
[0.499s] [01m[K/home/wsh/wheeltec/wheeltec_ros2/src/navigation2-humble/nav2_smac_planner/math/polygon2d.cc:27:10:[m[K [01;31m[Kfatal error: [m[Kutil/string_util.h: No such file or directory
[0.499s]    27 | #include [01;31m[K"util/string_util.h"[m[K
[0.499s]       |          [01;31m[K^~~~~~~~~~~~~~~~~~~~[m[K
[0.499s] compilation terminated.
[0.502s] gmake[2]: *** [CMakeFiles/nav2_smac_planner.dir/build.make:354: CMakeFiles/nav2_smac_planner.dir/math/polygon2d.cc.o] Error 1
[0.502s] In file included from [01m[K/usr/include/coin/IpJournalist.hpp:15[m[K,
[0.502s]                  from [01m[K/usr/include/coin/IpIpoptApplication.hpp:26[m[K,
[0.502s]                  from [01m[K/home/wsh/wheeltec/wheeltec_ros2/src/navigation2-humble/nav2_smac_planner/math/discretized_points_smoothing/cos_theta_smoother.cc:19[m[K:
[0.502s] [01m[K/usr/include/coin/IpSmartPtr.hpp:18:4:[m[K [01;31m[Kerror: [m[K#error "don't have header file for stddef"
[0.502s]    18 | #  [01;31m[Kerror[m[K "don't have header file for stddef"
[0.502s]       |    [01;31m[K^~~~~[m[K
[0.502s] [01m[K/home/wsh/wheeltec/wheeltec_ros2/src/navigation2-humble/nav2_smac_planner/math/polygon2d.cc:27:10:[m[K [01;31m[Kfatal error: [m[Kutil/string_util.h: No such file or directory
[0.502s]    27 | #include [01;31m[K"util/string_util.h"[m[K
[0.502s]       |          [01;31m[K^~~~~~~~~~~~~~~~~~~~[m[K
[0.502s] compilation terminated.
[0.504s] gmake[2]: *** [CMakeFiles/nav2_smac_planner_lattice.dir/build.make:354: CMakeFiles/nav2_smac_planner_lattice.dir/math/polygon2d.cc.o] Error 1
[0.505s] In file included from [01m[K/home/wsh/wheeltec/wheeltec_ros2/src/navigation2-humble/nav2_smac_planner/math/discretized_points_smoothing/fem_pos_deviation_ipopt_interface.h:23[m[K,
[0.505s]                  from [01m[K/home/wsh/wheeltec/wheeltec_ros2/src/navigation2-humble/nav2_smac_planner/math/discretized_points_smoothing/fem_pos_deviation_smoother.cc:26[m[K:
[0.505s] [01m[K/usr/local/adolc/include/adolc/adolc_sparse.h:15:10:[m[K [01;31m[Kfatal error: [m[Kadolc/sparse/sparsedrivers.h: No such file or directory
[0.505s]    15 | #include [01;31m[K<adolc/sparse/sparsedrivers.h>[m[K
[0.505s]       |          [01;31m[K^~~~~~~~~~~~~~~~~~~~~~~~~~~~~~[m[K
[0.505s] compilation terminated.
[0.507s] gmake[2]: *** [CMakeFiles/nav2_smac_planner_2d.dir/build.make:424: CMakeFiles/nav2_smac_planner_2d.dir/math/discretized_points_smoothing/fem_pos_deviation_smoother.cc.o] Error 1
[0.507s] gmake[1]: *** [CMakeFiles/Makefile2:167: CMakeFiles/nav2_smac_planner_2d.dir/all] Error 2
[0.507s] gmake[1]: *** Waiting for unfinished jobs....
[0.511s] In file included from [01m[K/home/wsh/wheeltec/wheeltec_ros2/src/navigation2-humble/nav2_smac_planner/math/discretized_points_smoothing/cos_theta_ipopt_interface.h:25[m[K,
[0.511s]                  from [01m[K/home/wsh/wheeltec/wheeltec_ros2/src/navigation2-humble/nav2_smac_planner/math/discretized_points_smoothing/cos_theta_smoother.cc:22[m[K:
[0.511s] [01m[K/usr/local/adolc/include/adolc/adolc_sparse.h:15:10:[m[K [01;31m[Kfatal error: [m[Kadolc/sparse/sparsedrivers.h: No such file or directory
[0.511s]    15 | #include [01;31m[K<adolc/sparse/sparsedrivers.h>[m[K
[0.511s]       |          [01;31m[K^~~~~~~~~~~~~~~~~~~~~~~~~~~~~~[m[K
[0.512s] compilation terminated.
[0.514s] gmake[2]: *** [CMakeFiles/nav2_smac_planner.dir/build.make:382: CMakeFiles/nav2_smac_planner.dir/math/discretized_points_smoothing/cos_theta_smoother.cc.o] Error 1
[0.514s] gmake[1]: *** [CMakeFiles/Makefile2:141: CMakeFiles/nav2_smac_planner.dir/all] Error 2
[0.564s] In file included from [01m[K/usr/include/coin/IpJournalist.hpp:15[m[K,
[0.564s]                  from [01m[K/usr/include/coin/IpIpoptApplication.hpp:26[m[K,
[0.564s]                  from [01m[K/home/wsh/wheeltec/wheeltec_ros2/src/navigation2-humble/nav2_smac_planner/math/discretized_points_smoothing/fem_pos_deviation_smoother.cc:23[m[K:
[0.564s] [01m[K/usr/include/coin/IpSmartPtr.hpp:18:4:[m[K [01;31m[Kerror: [m[K#error "don't have header file for stddef"
[0.564s]    18 | #  [01;31m[Kerror[m[K "don't have header file for stddef"
[0.564s]       |    [01;31m[K^~~~~[m[K
[0.567s] In file included from [01m[K/usr/include/coin/IpJournalist.hpp:15[m[K,
[0.567s]                  from [01m[K/usr/include/coin/IpIpoptApplication.hpp:26[m[K,
[0.567s]                  from [01m[K/home/wsh/wheeltec/wheeltec_ros2/src/navigation2-humble/nav2_smac_planner/math/discretized_points_smoothing/cos_theta_smoother.cc:19[m[K:
[0.567s] [01m[K/usr/include/coin/IpSmartPtr.hpp:18:4:[m[K [01;31m[Kerror: [m[K#error "don't have header file for stddef"
[0.567s]    18 | #  [01;31m[Kerror[m[K "don't have header file for stddef"
[0.567s]       |    [01;31m[K^~~~~[m[K
[0.572s] In file included from [01m[K/home/wsh/wheeltec/wheeltec_ros2/src/navigation2-humble/nav2_smac_planner/math/discretized_points_smoothing/fem_pos_deviation_ipopt_interface.h:23[m[K,
[0.572s]                  from [01m[K/home/wsh/wheeltec/wheeltec_ros2/src/navigation2-humble/nav2_smac_planner/math/discretized_points_smoothing/fem_pos_deviation_smoother.cc:26[m[K:
[0.572s] [01m[K/usr/local/adolc/include/adolc/adolc_sparse.h:15:10:[m[K [01;31m[Kfatal error: [m[Kadolc/sparse/sparsedrivers.h: No such file or directory
[0.572s]    15 | #include [01;31m[K<adolc/sparse/sparsedrivers.h>[m[K
[0.572s]       |          [01;31m[K^~~~~~~~~~~~~~~~~~~~~~~~~~~~~~[m[K
[0.572s] compilation terminated.
[0.574s] gmake[2]: *** [CMakeFiles/nav2_smac_planner_lattice.dir/build.make:424: CMakeFiles/nav2_smac_planner_lattice.dir/math/discretized_points_smoothing/fem_pos_deviation_smoother.cc.o] Error 1
[0.575s] In file included from [01m[K/home/wsh/wheeltec/wheeltec_ros2/src/navigation2-humble/nav2_smac_planner/math/discretized_points_smoothing/cos_theta_ipopt_interface.h:25[m[K,
[0.575s]                  from [01m[K/home/wsh/wheeltec/wheeltec_ros2/src/navigation2-humble/nav2_smac_planner/math/discretized_points_smoothing/cos_theta_smoother.cc:22[m[K:
[0.575s] [01m[K/usr/local/adolc/include/adolc/adolc_sparse.h:15:10:[m[K [01;31m[Kfatal error: [m[Kadolc/sparse/sparsedrivers.h: No such file or directory
[0.575s]    15 | #include [01;31m[K<adolc/sparse/sparsedrivers.h>[m[K
[0.575s]       |          [01;31m[K^~~~~~~~~~~~~~~~~~~~~~~~~~~~~~[m[K
[0.575s] compilation terminated.
[0.577s] gmake[2]: *** [CMakeFiles/nav2_smac_planner_lattice.dir/build.make:382: CMakeFiles/nav2_smac_planner_lattice.dir/math/discretized_points_smoothing/cos_theta_smoother.cc.o] Error 1
[0.577s] gmake[1]: *** [CMakeFiles/Makefile2:193: CMakeFiles/nav2_smac_planner_lattice.dir/all] Error 2
[0.578s] gmake: *** [Makefile:146: all] Error 2
[0.580s] Invoked command in '/home/wsh/wheeltec/wheeltec_ros2/build/nav2_smac_planner' returned '2': CMAKE_PREFIX_PATH=/home/wsh/wheeltec/wheeltec_ros2/install/nav2_core:/home/wsh/wheeltec/wheeltec_ros2/install/nav2_costmap_2d:/home/wsh/wheeltec/wheeltec_ros2/install/nav2_map_server:/home/wsh/wheeltec/wheeltec_ros2/install/nav2_lifecycle_manager:/home/wsh/wheeltec/wheeltec_ros2/install/nav2_util:/home/wsh/wheeltec/wheeltec_ros2/install/nav2_voxel_grid:/home/wsh/wheeltec/wheeltec_ros2/install/nav2_msgs:/home/wsh/wheeltec/wheeltec_ros2/install/nav2_common:/home/wsh/wheeltec/wheeltec_ros2/install/wheeltec_slam_toolbox:/home/wsh/wheeltec/wheeltec_ros2/install/wheeltec_rviz2:/home/wsh/wheeltec/wheeltec_ros2/install/wheeltec_rrt_msg:/home/wsh/wheeltec/wheeltec_ros2/install/wheeltec_robot_urdf:/home/wsh/wheeltec/wheeltec_ros2/install/wheeltec_robot_rtab:/home/wsh/wheeltec/wheeltec_ros2/install/wheeltec_robot_rrt:/home/wsh/wheeltec/wheeltec_ros2/install/turn_on_wheeltec_robot:/home/wsh/wheeltec/wheeltec_ros2/install/wheeltec_robot_msg:/home/wsh/wheeltec/wheeltec_ros2/install/wheeltec_robot_kcf:/home/wsh/wheeltec/wheeltec_ros2/install/wheeltec_nav2:/home/wsh/wheeltec/wheeltec_ros2/install/wheeltec_joy:/home/wsh/wheeltec/wheeltec_ros2/install/wheeltec_gps_path:/home/wsh/wheeltec/wheeltec_ros2/install/wheeltec_cartographer:/home/wsh/wheeltec/wheeltec_ros2/install/web_video_server:/home/wsh/wheeltec/wheeltec_ros2/install/usb_cam:/home/wsh/wheeltec/wheeltec_ros2/install/slam_gmapping:/home/wsh/wheeltec/wheeltec_ros2/install/serial:/home/wsh/wheeltec/wheeltec_ros2/install/openslam_gmapping:/home/wsh/wheeltec/wheeltec_ros2/install/nmea_msgs:/home/wsh/wheeltec/wheeltec_ros2/install/nav2_bringup:/home/wsh/wheeltec/wheeltec_ros2/install/navigation2:/home/wsh/wheeltec/wheeltec_ros2/install/nav2_smoother:/home/wsh/wheeltec/wheeltec_ros2/install/nav2_dwb_controller:/home/wsh/wheeltec/wheeltec_ros2/install/nav2_controller:/home/wsh/wheeltec/wheeltec_ros2/install/dwb_plugins:/home/wsh/wheeltec/wheeltec_ros2/install/dwb_critics:/home/wsh/wheeltec/wheeltec_ros2/install/dwb_core:/home/wsh/wheeltec/wheeltec_ros2/install/nav_2d_utils:/home/wsh/wheeltec/wheeltec_ros2/install/dwb_msgs:/home/wsh/wheeltec/wheeltec_ros2/install/nav_2d_msgs:/home/wsh/wheeltec/wheeltec_ros2/install/nav2_waypoint_follower:/home/wsh/wheeltec/wheeltec_ros2/install/nav2_theta_star_planner:/home/wsh/wheeltec/wheeltec_ros2/install/nav2_smac_planner:/home/wsh/wheeltec/wheeltec_ros2/install/nav2_regulated_pure_pursuit_controller:/home/wsh/wheeltec/wheeltec_ros2/install/nav2_planner:/home/wsh/wheeltec/wheeltec_ros2/install/nav2_navfn_planner:/home/wsh/wheeltec/wheeltec_ros2/install/nav2_mppi_controller:/home/wsh/wheeltec/wheeltec_ros2/install/nav2_constrained_smoother:/home/wsh/wheeltec/wheeltec_ros2/install/nav2_bt_navigator:/home/wsh/wheeltec/wheeltec_ros2/install/nav2_behaviors:/home/wsh/wheeltec/wheeltec_ros2/install/nav2_collision_monitor:/home/wsh/wheeltec/wheeltec_ros2/install/costmap_queue:/home/wsh/wheeltec/wheeltec_ros2/install/nav2_velocity_smoother:/home/wsh/wheeltec/wheeltec_ros2/install/nav2_rviz_plugins:/home/wsh/wheeltec/wheeltec_ros2/install/nav2_behavior_tree:/home/wsh/wheeltec/wheeltec_ros2/install/nav2_amcl:/home/wsh/wheeltec/wheeltec_ros2/install/lslidar_driver:/home/wsh/wheeltec/wheeltec_ros2/install/lslidar_msgs:/home/wsh/wheeltec/wheeltec_ros2/install/ldlidar_stl_ros2:/home/wsh/wheeltec/wheeltec_ros2/install/ldlidar_sl_ros2:/home/wsh/wheeltec/wheeltec_ros2/install/astra_camera_msgs:/home/wsh/wheeltec/wheeltec_ros2/install/ackermann_msgs:/home/wsh/wheeltec/wheeltec_ros2/install/wheeltec_robot_keyboard:/home/wsh/wheeltec/wheeltec_ros2/install/tf2_tools:/home/wsh/wheeltec/wheeltec_ros2/install/nmea_navsat_driver:/home/wsh/wheeltec/wheeltec_ros2/install/nav2_simple_commander:/home/wsh/wheeltec/wheeltec_ros2/install/auto_recharge_ros2:/opt/ros/humble LD_LIBRARY_PATH=/home/wsh/wheeltec/wheeltec_ros2/install/nav2_costmap_2d/lib:/home/wsh/wheeltec/wheeltec_ros2/install/nav2_map_server/lib:/home/wsh/wheeltec/wheeltec_ros2/install/nav2_lifecycle_manager/lib:/home/wsh/wheeltec/wheeltec_ros2/install/nav2_util/lib:/home/wsh/wheeltec/wheeltec_ros2/install/nav2_voxel_grid/lib:/home/wsh/wheeltec/wheeltec_ros2/install/nav2_msgs/lib:/home/wsh/wheeltec/wheeltec_ros2/install/wheeltec_rrt_msg/lib:/home/wsh/wheeltec/wheeltec_ros2/install/wheeltec_robot_rrt/lib:/home/wsh/wheeltec/wheeltec_ros2/install/turn_on_wheeltec_robot/lib:/home/wsh/wheeltec/wheeltec_ros2/install/wheeltec_robot_msg/lib:/home/wsh/wheeltec/wheeltec_ros2/install/usb_cam/lib:/home/wsh/wheeltec/wheeltec_ros2/install/serial/lib:/home/wsh/wheeltec/wheeltec_ros2/install/openslam_gmapping/lib:/home/wsh/wheeltec/wheeltec_ros2/install/nmea_msgs/lib:/home/wsh/wheeltec/wheeltec_ros2/install/nav2_smoother/lib:/home/wsh/wheeltec/wheeltec_ros2/install/nav2_controller/lib:/home/wsh/wheeltec/wheeltec_ros2/install/dwb_plugins/lib:/home/wsh/wheeltec/wheeltec_ros2/install/dwb_critics/lib:/home/wsh/wheeltec/wheeltec_ros2/install/dwb_core/lib:/home/wsh/wheeltec/wheeltec_ros2/install/nav_2d_utils/lib:/home/wsh/wheeltec/wheeltec_ros2/install/dwb_msgs/lib:/home/wsh/wheeltec/wheeltec_ros2/install/nav_2d_msgs/lib:/home/wsh/wheeltec/wheeltec_ros2/install/nav2_waypoint_follower/lib:/home/wsh/wheeltec/wheeltec_ros2/install/nav2_theta_star_planner/lib:/home/wsh/wheeltec/wheeltec_ros2/install/nav2_smac_planner/lib:/home/wsh/wheeltec/wheeltec_ros2/install/nav2_regulated_pure_pursuit_controller/lib:/home/wsh/wheeltec/wheeltec_ros2/install/nav2_planner/lib:/home/wsh/wheeltec/wheeltec_ros2/install/nav2_navfn_planner/lib:/home/wsh/wheeltec/wheeltec_ros2/install/nav2_mppi_controller/lib:/home/wsh/wheeltec/wheeltec_ros2/install/nav2_constrained_smoother/lib:/home/wsh/wheeltec/wheeltec_ros2/install/nav2_bt_navigator/lib:/home/wsh/wheeltec/wheeltec_ros2/install/nav2_behaviors/lib:/home/wsh/wheeltec/wheeltec_ros2/install/nav2_collision_monitor/lib:/home/wsh/wheeltec/wheeltec_ros2/install/costmap_queue/lib:/home/wsh/wheeltec/wheeltec_ros2/install/nav2_velocity_smoother/lib:/home/wsh/wheeltec/wheeltec_ros2/install/nav2_rviz_plugins/lib:/home/wsh/wheeltec/wheeltec_ros2/install/nav2_behavior_tree/lib:/home/wsh/wheeltec/wheeltec_ros2/install/nav2_amcl/lib:/home/wsh/wheeltec/wheeltec_ros2/install/lslidar_msgs/lib:/home/wsh/wheeltec/wheeltec_ros2/install/astra_camera_msgs/lib:/home/wsh/wheeltec/wheeltec_ros2/install/ackermann_msgs/lib:/usr/local/adolc/lib:/usr/local/lib:/usr/local/adolc/lib:/usr/local/lib:/usr/lib/x86_64-linux-gnu/gazebo-11/plugins:/opt/ros/humble/opt/rviz_ogre_vendor/lib:/opt/ros/humble/lib/x86_64-linux-gnu:/opt/ros/humble/lib /usr/bin/cmake --build /home/wsh/wheeltec/wheeltec_ros2/build/nav2_smac_planner -- -j20 -l20
