[35m[1mConsolidate compiler generated dependencies of target nav2_smac_planner_2d[0m
[35m[1mConsolidate compiler generated dependencies of target nav2_smac_planner[0m
[35m[1mConsolidate compiler generated dependencies of target nav2_smac_planner_lattice[0m
[  1%] [32mBuilding CXX object CMakeFiles/nav2_smac_planner_2d.dir/math/discretized_points_smoothing/fem_pos_deviation_osqp_interface.cc.o[0m
[  2%] [32mBuilding CXX object CMakeFiles/nav2_smac_planner_lattice.dir/math/discretized_points_smoothing/fem_pos_deviation_osqp_interface.cc.o[0m
[  3%] [32mBuilding CXX object CMakeFiles/nav2_smac_planner.dir/math/discretized_points_smoothing/fem_pos_deviation_osqp_interface.cc.o[0m
[  4%] [32m[1mLinking CXX shared library libnav2_smac_planner_2d.so[0m
[  5%] [32m[1mLinking CXX shared library libnav2_smac_planner.so[0m
[  6%] [32m[1mLinking CXX shared library libnav2_smac_planner_lattice.so[0m
[ 37%] Built target nav2_smac_planner_2d
[ 68%] Built target nav2_smac_planner_lattice
[100%] Built target nav2_smac_planner
-- Install configuration: "Release"
-- Up-to-date: /home/wsh/wheeltec/wheeltec_ros2/install/nav2_smac_planner/share/nav2_smac_planner/smac_plugin_hybrid.xml
-- Up-to-date: /home/wsh/wheeltec/wheeltec_ros2/install/nav2_smac_planner/share/nav2_smac_planner/smac_plugin_2d.xml
-- Up-to-date: /home/wsh/wheeltec/wheeltec_ros2/install/nav2_smac_planner/share/nav2_smac_planner/smac_plugin_lattice.xml
-- Installing: /home/wsh/wheeltec/wheeltec_ros2/install/nav2_smac_planner/lib/libnav2_smac_planner.so
-- Set runtime path of "/home/wsh/wheeltec/wheeltec_ros2/install/nav2_smac_planner/lib/libnav2_smac_planner.so" to ""
-- Installing: /home/wsh/wheeltec/wheeltec_ros2/install/nav2_smac_planner/lib/libnav2_smac_planner_2d.so
-- Set runtime path of "/home/wsh/wheeltec/wheeltec_ros2/install/nav2_smac_planner/lib/libnav2_smac_planner_2d.so" to ""
-- Installing: /home/wsh/wheeltec/wheeltec_ros2/install/nav2_smac_planner/lib/libnav2_smac_planner_lattice.so
-- Set runtime path of "/home/wsh/wheeltec/wheeltec_ros2/install/nav2_smac_planner/lib/libnav2_smac_planner_lattice.so" to ""
-- Up-to-date: /home/wsh/wheeltec/wheeltec_ros2/install/nav2_smac_planner/include/
-- Up-to-date: /home/wsh/wheeltec/wheeltec_ros2/install/nav2_smac_planner/include//nav2_smac_planner
-- Up-to-date: /home/wsh/wheeltec/wheeltec_ros2/install/nav2_smac_planner/include//nav2_smac_planner/costmap_downsampler.hpp
-- Up-to-date: /home/wsh/wheeltec/wheeltec_ros2/install/nav2_smac_planner/include//nav2_smac_planner/utils.hpp
-- Up-to-date: /home/wsh/wheeltec/wheeltec_ros2/install/nav2_smac_planner/include//nav2_smac_planner/constants.hpp
-- Up-to-date: /home/wsh/wheeltec/wheeltec_ros2/install/nav2_smac_planner/include//nav2_smac_planner/a_star.hpp
-- Up-to-date: /home/wsh/wheeltec/wheeltec_ros2/install/nav2_smac_planner/include//nav2_smac_planner/smac_planner_lattice.hpp
-- Up-to-date: /home/wsh/wheeltec/wheeltec_ros2/install/nav2_smac_planner/include//nav2_smac_planner/types.hpp
-- Up-to-date: /home/wsh/wheeltec/wheeltec_ros2/install/nav2_smac_planner/include//nav2_smac_planner/collision_checker.hpp
-- Up-to-date: /home/wsh/wheeltec/wheeltec_ros2/install/nav2_smac_planner/include//nav2_smac_planner/smoother.hpp
-- Up-to-date: /home/wsh/wheeltec/wheeltec_ros2/install/nav2_smac_planner/include//nav2_smac_planner/smac_planner_hybrid.hpp
-- Up-to-date: /home/wsh/wheeltec/wheeltec_ros2/install/nav2_smac_planner/include//nav2_smac_planner/node_lattice.hpp
-- Up-to-date: /home/wsh/wheeltec/wheeltec_ros2/install/nav2_smac_planner/include//nav2_smac_planner/node_hybrid.hpp
-- Up-to-date: /home/wsh/wheeltec/wheeltec_ros2/install/nav2_smac_planner/include//nav2_smac_planner/smac_planner_2d.hpp
-- Up-to-date: /home/wsh/wheeltec/wheeltec_ros2/install/nav2_smac_planner/include//nav2_smac_planner/thirdparty
-- Up-to-date: /home/wsh/wheeltec/wheeltec_ros2/install/nav2_smac_planner/include//nav2_smac_planner/thirdparty/robin_hood.h
-- Up-to-date: /home/wsh/wheeltec/wheeltec_ros2/install/nav2_smac_planner/include//nav2_smac_planner/node_2d.hpp
-- Up-to-date: /home/wsh/wheeltec/wheeltec_ros2/install/nav2_smac_planner/include//nav2_smac_planner/analytic_expansion.hpp
-- Up-to-date: /home/wsh/wheeltec/wheeltec_ros2/install/nav2_smac_planner/include//nav2_smac_planner/node_basic.hpp
-- Up-to-date: /home/wsh/wheeltec/wheeltec_ros2/install/nav2_smac_planner/include/
-- Up-to-date: /home/wsh/wheeltec/wheeltec_ros2/install/nav2_smac_planner/include//discrete_points_math.cc
-- Up-to-date: /home/wsh/wheeltec/wheeltec_ros2/install/nav2_smac_planner/include//line_segment2d.cc
-- Up-to-date: /home/wsh/wheeltec/wheeltec_ros2/install/nav2_smac_planner/include//math_utils.cc
-- Up-to-date: /home/wsh/wheeltec/wheeltec_ros2/install/nav2_smac_planner/include//discrete_points_math.h
-- Up-to-date: /home/wsh/wheeltec/wheeltec_ros2/install/nav2_smac_planner/include//aabox2d.cc
-- Up-to-date: /home/wsh/wheeltec/wheeltec_ros2/install/nav2_smac_planner/include//linear_interpolation.h
-- Up-to-date: /home/wsh/wheeltec/wheeltec_ros2/install/nav2_smac_planner/include//discretized_path.h
-- Up-to-date: /home/wsh/wheeltec/wheeltec_ros2/install/nav2_smac_planner/include//vec2d.cc
-- Up-to-date: /home/wsh/wheeltec/wheeltec_ros2/install/nav2_smac_planner/include//line_segment2d.h
-- Up-to-date: /home/wsh/wheeltec/wheeltec_ros2/install/nav2_smac_planner/include//math_utils.h
-- Installing: /home/wsh/wheeltec/wheeltec_ros2/install/nav2_smac_planner/include//future.h
-- Up-to-date: /home/wsh/wheeltec/wheeltec_ros2/install/nav2_smac_planner/include//linear_interpolation.cc
-- Up-to-date: /home/wsh/wheeltec/wheeltec_ros2/install/nav2_smac_planner/include//aabox2d.h
-- Up-to-date: /home/wsh/wheeltec/wheeltec_ros2/install/nav2_smac_planner/include//discretized_points_smoothing
-- Installing: /home/wsh/wheeltec/wheeltec_ros2/install/nav2_smac_planner/include//discretized_points_smoothing/fem_pos_deviation_osqp_interface.cc
-- Up-to-date: /home/wsh/wheeltec/wheeltec_ros2/install/nav2_smac_planner/include//discretized_points_smoothing/fem_pos_deviation_smoother.h
-- Up-to-date: /home/wsh/wheeltec/wheeltec_ros2/install/nav2_smac_planner/include//discretized_points_smoothing/fem_pos_deviation_smoother.cc
-- Up-to-date: /home/wsh/wheeltec/wheeltec_ros2/install/nav2_smac_planner/include//discretized_points_smoothing/fem_pos_deviation_osqp_interface.h
-- Up-to-date: /home/wsh/wheeltec/wheeltec_ros2/install/nav2_smac_planner/include//discretized_path.cc
-- Up-to-date: /home/wsh/wheeltec/wheeltec_ros2/install/nav2_smac_planner/include//box2d.cc
-- Up-to-date: /home/wsh/wheeltec/wheeltec_ros2/install/nav2_smac_planner/include//polygon2d.cc
-- Up-to-date: /home/wsh/wheeltec/wheeltec_ros2/install/nav2_smac_planner/include//vec2d.h
-- Up-to-date: /home/wsh/wheeltec/wheeltec_ros2/install/nav2_smac_planner/include//box2d.h
-- Up-to-date: /home/wsh/wheeltec/wheeltec_ros2/install/nav2_smac_planner/include//polygon2d.h
-- Up-to-date: /home/wsh/wheeltec/wheeltec_ros2/install/nav2_smac_planner/include/
-- Up-to-date: /home/wsh/wheeltec/wheeltec_ros2/install/nav2_smac_planner/include//pnc_point.proto
-- Up-to-date: /home/wsh/wheeltec/wheeltec_ros2/install/nav2_smac_planner/include//cos_theta_smoother_config.proto
-- Up-to-date: /home/wsh/wheeltec/wheeltec_ros2/install/nav2_smac_planner/include//qp_problem.proto
-- Up-to-date: /home/wsh/wheeltec/wheeltec_ros2/install/nav2_smac_planner/include//fem_pos_deviation_smoother_config.proto
-- Up-to-date: /home/wsh/wheeltec/wheeltec_ros2/install/nav2_smac_planner/include//planner_open_space_config.proto
-- Up-to-date: /home/wsh/wheeltec/wheeltec_ros2/install/nav2_smac_planner/include/
-- Up-to-date: /home/wsh/wheeltec/wheeltec_ros2/install/nav2_smac_planner/include//string_util.cc
-- Up-to-date: /home/wsh/wheeltec/wheeltec_ros2/install/nav2_smac_planner/include//future.h
-- Up-to-date: /home/wsh/wheeltec/wheeltec_ros2/install/nav2_smac_planner/include//string_util.h
-- Up-to-date: /home/wsh/wheeltec/wheeltec_ros2/install/nav2_smac_planner/include/
-- Up-to-date: /home/wsh/wheeltec/wheeltec_ros2/install/nav2_smac_planner/include//planning_gflags.h
-- Up-to-date: /home/wsh/wheeltec/wheeltec_ros2/install/nav2_smac_planner/include//planning_gflags.cc
-- Up-to-date: /home/wsh/wheeltec/wheeltec_ros2/install/nav2_smac_planner/share/nav2_smac_planner/sample_primitives
-- Up-to-date: /home/wsh/wheeltec/wheeltec_ros2/install/nav2_smac_planner/share/nav2_smac_planner/sample_primitives/5cm_resolution
-- Up-to-date: /home/wsh/wheeltec/wheeltec_ros2/install/nav2_smac_planner/share/nav2_smac_planner/sample_primitives/5cm_resolution/0.5m_turning_radius
-- Up-to-date: /home/wsh/wheeltec/wheeltec_ros2/install/nav2_smac_planner/share/nav2_smac_planner/sample_primitives/5cm_resolution/0.5m_turning_radius/all_trajectories.png
-- Up-to-date: /home/wsh/wheeltec/wheeltec_ros2/install/nav2_smac_planner/share/nav2_smac_planner/sample_primitives/5cm_resolution/0.5m_turning_radius/diff
-- Up-to-date: /home/wsh/wheeltec/wheeltec_ros2/install/nav2_smac_planner/share/nav2_smac_planner/sample_primitives/5cm_resolution/0.5m_turning_radius/diff/output.json
-- Up-to-date: /home/wsh/wheeltec/wheeltec_ros2/install/nav2_smac_planner/share/nav2_smac_planner/sample_primitives/5cm_resolution/0.5m_turning_radius/omni
-- Up-to-date: /home/wsh/wheeltec/wheeltec_ros2/install/nav2_smac_planner/share/nav2_smac_planner/sample_primitives/5cm_resolution/0.5m_turning_radius/omni/output.json
-- Up-to-date: /home/wsh/wheeltec/wheeltec_ros2/install/nav2_smac_planner/share/nav2_smac_planner/sample_primitives/5cm_resolution/0.5m_turning_radius/ackermann
-- Up-to-date: /home/wsh/wheeltec/wheeltec_ros2/install/nav2_smac_planner/share/nav2_smac_planner/sample_primitives/5cm_resolution/0.5m_turning_radius/ackermann/output.json
-- Up-to-date: /home/wsh/wheeltec/wheeltec_ros2/install/nav2_smac_planner/share/nav2_smac_planner/sample_primitives/5cm_resolution/1m_turning_radius
-- Up-to-date: /home/wsh/wheeltec/wheeltec_ros2/install/nav2_smac_planner/share/nav2_smac_planner/sample_primitives/5cm_resolution/1m_turning_radius/all_trajectories.png
-- Up-to-date: /home/wsh/wheeltec/wheeltec_ros2/install/nav2_smac_planner/share/nav2_smac_planner/sample_primitives/5cm_resolution/1m_turning_radius/diff
-- Up-to-date: /home/wsh/wheeltec/wheeltec_ros2/install/nav2_smac_planner/share/nav2_smac_planner/sample_primitives/5cm_resolution/1m_turning_radius/diff/output.json
-- Up-to-date: /home/wsh/wheeltec/wheeltec_ros2/install/nav2_smac_planner/share/nav2_smac_planner/sample_primitives/5cm_resolution/1m_turning_radius/omni
-- Up-to-date: /home/wsh/wheeltec/wheeltec_ros2/install/nav2_smac_planner/share/nav2_smac_planner/sample_primitives/5cm_resolution/1m_turning_radius/omni/output.json
-- Up-to-date: /home/wsh/wheeltec/wheeltec_ros2/install/nav2_smac_planner/share/nav2_smac_planner/sample_primitives/5cm_resolution/1m_turning_radius/ackermann
-- Up-to-date: /home/wsh/wheeltec/wheeltec_ros2/install/nav2_smac_planner/share/nav2_smac_planner/sample_primitives/5cm_resolution/1m_turning_radius/ackermann/output.json
-- Up-to-date: /home/wsh/wheeltec/wheeltec_ros2/install/nav2_smac_planner/share/nav2_smac_planner/environment/library_path.sh
-- Up-to-date: /home/wsh/wheeltec/wheeltec_ros2/install/nav2_smac_planner/share/nav2_smac_planner/environment/library_path.dsv
-- Up-to-date: /home/wsh/wheeltec/wheeltec_ros2/install/nav2_smac_planner/share/ament_index/resource_index/package_run_dependencies/nav2_smac_planner
-- Up-to-date: /home/wsh/wheeltec/wheeltec_ros2/install/nav2_smac_planner/share/ament_index/resource_index/parent_prefix_path/nav2_smac_planner
-- Up-to-date: /home/wsh/wheeltec/wheeltec_ros2/install/nav2_smac_planner/share/nav2_smac_planner/environment/ament_prefix_path.sh
-- Up-to-date: /home/wsh/wheeltec/wheeltec_ros2/install/nav2_smac_planner/share/nav2_smac_planner/environment/ament_prefix_path.dsv
-- Up-to-date: /home/wsh/wheeltec/wheeltec_ros2/install/nav2_smac_planner/share/nav2_smac_planner/environment/path.sh
-- Up-to-date: /home/wsh/wheeltec/wheeltec_ros2/install/nav2_smac_planner/share/nav2_smac_planner/environment/path.dsv
-- Up-to-date: /home/wsh/wheeltec/wheeltec_ros2/install/nav2_smac_planner/share/nav2_smac_planner/local_setup.bash
-- Up-to-date: /home/wsh/wheeltec/wheeltec_ros2/install/nav2_smac_planner/share/nav2_smac_planner/local_setup.sh
-- Up-to-date: /home/wsh/wheeltec/wheeltec_ros2/install/nav2_smac_planner/share/nav2_smac_planner/local_setup.zsh
-- Up-to-date: /home/wsh/wheeltec/wheeltec_ros2/install/nav2_smac_planner/share/nav2_smac_planner/local_setup.dsv
-- Installing: /home/wsh/wheeltec/wheeltec_ros2/install/nav2_smac_planner/share/nav2_smac_planner/package.dsv
-- Up-to-date: /home/wsh/wheeltec/wheeltec_ros2/install/nav2_smac_planner/share/ament_index/resource_index/packages/nav2_smac_planner
-- Up-to-date: /home/wsh/wheeltec/wheeltec_ros2/install/nav2_smac_planner/share/ament_index/resource_index/nav2_core__pluginlib__plugin/nav2_smac_planner
-- Up-to-date: /home/wsh/wheeltec/wheeltec_ros2/install/nav2_smac_planner/share/nav2_smac_planner/cmake/ament_cmake_export_include_directories-extras.cmake
-- Up-to-date: /home/wsh/wheeltec/wheeltec_ros2/install/nav2_smac_planner/share/nav2_smac_planner/cmake/ament_cmake_export_libraries-extras.cmake
-- Up-to-date: /home/wsh/wheeltec/wheeltec_ros2/install/nav2_smac_planner/share/nav2_smac_planner/cmake/ament_cmake_export_dependencies-extras.cmake
-- Up-to-date: /home/wsh/wheeltec/wheeltec_ros2/install/nav2_smac_planner/share/nav2_smac_planner/cmake/nav2_smac_plannerConfig.cmake
-- Up-to-date: /home/wsh/wheeltec/wheeltec_ros2/install/nav2_smac_planner/share/nav2_smac_planner/cmake/nav2_smac_plannerConfig-version.cmake
-- Up-to-date: /home/wsh/wheeltec/wheeltec_ros2/install/nav2_smac_planner/share/nav2_smac_planner/package.xml
