[0.067s] Invoking command in '/home/wsh/wheeltec/wheeltec_ros2/build/nav2_smac_planner': CMAKE_PREFIX_PATH=/home/wsh/wheeltec/wheeltec_ros2/install/nav2_core:/home/wsh/wheeltec/wheeltec_ros2/install/nav2_costmap_2d:/home/wsh/wheeltec/wheeltec_ros2/install/nav2_map_server:/home/wsh/wheeltec/wheeltec_ros2/install/nav2_lifecycle_manager:/home/wsh/wheeltec/wheeltec_ros2/install/nav2_util:/home/wsh/wheeltec/wheeltec_ros2/install/nav2_voxel_grid:/home/wsh/wheeltec/wheeltec_ros2/install/nav2_msgs:/home/wsh/wheeltec/wheeltec_ros2/install/nav2_common:/home/wsh/wheeltec/wheeltec_ros2/install/wheeltec_slam_toolbox:/home/wsh/wheeltec/wheeltec_ros2/install/wheeltec_rviz2:/home/wsh/wheeltec/wheeltec_ros2/install/wheeltec_rrt_msg:/home/wsh/wheeltec/wheeltec_ros2/install/wheeltec_robot_urdf:/home/wsh/wheeltec/wheeltec_ros2/install/wheeltec_robot_rtab:/home/wsh/wheeltec/wheeltec_ros2/install/wheeltec_robot_rrt:/home/wsh/wheeltec/wheeltec_ros2/install/turn_on_wheeltec_robot:/home/wsh/wheeltec/wheeltec_ros2/install/wheeltec_robot_msg:/home/wsh/wheeltec/wheeltec_ros2/install/wheeltec_robot_kcf:/home/wsh/wheeltec/wheeltec_ros2/install/wheeltec_nav2:/home/wsh/wheeltec/wheeltec_ros2/install/wheeltec_joy:/home/wsh/wheeltec/wheeltec_ros2/install/wheeltec_gps_path:/home/wsh/wheeltec/wheeltec_ros2/install/wheeltec_cartographer:/home/wsh/wheeltec/wheeltec_ros2/install/web_video_server:/home/wsh/wheeltec/wheeltec_ros2/install/usb_cam:/home/wsh/wheeltec/wheeltec_ros2/install/slam_gmapping:/home/wsh/wheeltec/wheeltec_ros2/install/serial:/home/wsh/wheeltec/wheeltec_ros2/install/openslam_gmapping:/home/wsh/wheeltec/wheeltec_ros2/install/nmea_msgs:/home/wsh/wheeltec/wheeltec_ros2/install/nav2_bringup:/home/wsh/wheeltec/wheeltec_ros2/install/navigation2:/home/wsh/wheeltec/wheeltec_ros2/install/nav2_smoother:/home/wsh/wheeltec/wheeltec_ros2/install/nav2_dwb_controller:/home/wsh/wheeltec/wheeltec_ros2/install/nav2_controller:/home/wsh/wheeltec/wheeltec_ros2/install/dwb_plugins:/home/wsh/wheeltec/wheeltec_ros2/install/dwb_critics:/home/wsh/wheeltec/wheeltec_ros2/install/dwb_core:/home/wsh/wheeltec/wheeltec_ros2/install/nav_2d_utils:/home/wsh/wheeltec/wheeltec_ros2/install/dwb_msgs:/home/wsh/wheeltec/wheeltec_ros2/install/nav_2d_msgs:/home/wsh/wheeltec/wheeltec_ros2/install/nav2_waypoint_follower:/home/wsh/wheeltec/wheeltec_ros2/install/nav2_theta_star_planner:/home/wsh/wheeltec/wheeltec_ros2/install/nav2_smac_planner:/home/wsh/wheeltec/wheeltec_ros2/install/nav2_regulated_pure_pursuit_controller:/home/wsh/wheeltec/wheeltec_ros2/install/nav2_planner:/home/wsh/wheeltec/wheeltec_ros2/install/nav2_navfn_planner:/home/wsh/wheeltec/wheeltec_ros2/install/nav2_mppi_controller:/home/wsh/wheeltec/wheeltec_ros2/install/nav2_constrained_smoother:/home/wsh/wheeltec/wheeltec_ros2/install/nav2_bt_navigator:/home/wsh/wheeltec/wheeltec_ros2/install/nav2_behaviors:/home/wsh/wheeltec/wheeltec_ros2/install/nav2_collision_monitor:/home/wsh/wheeltec/wheeltec_ros2/install/costmap_queue:/home/wsh/wheeltec/wheeltec_ros2/install/nav2_velocity_smoother:/home/wsh/wheeltec/wheeltec_ros2/install/nav2_rviz_plugins:/home/wsh/wheeltec/wheeltec_ros2/install/nav2_behavior_tree:/home/wsh/wheeltec/wheeltec_ros2/install/nav2_amcl:/home/wsh/wheeltec/wheeltec_ros2/install/lslidar_driver:/home/wsh/wheeltec/wheeltec_ros2/install/lslidar_msgs:/home/wsh/wheeltec/wheeltec_ros2/install/ldlidar_stl_ros2:/home/wsh/wheeltec/wheeltec_ros2/install/ldlidar_sl_ros2:/home/wsh/wheeltec/wheeltec_ros2/install/astra_camera_msgs:/home/wsh/wheeltec/wheeltec_ros2/install/ackermann_msgs:/home/wsh/wheeltec/wheeltec_ros2/install/wheeltec_robot_keyboard:/home/wsh/wheeltec/wheeltec_ros2/install/tf2_tools:/home/wsh/wheeltec/wheeltec_ros2/install/nmea_navsat_driver:/home/wsh/wheeltec/wheeltec_ros2/install/nav2_simple_commander:/home/wsh/wheeltec/wheeltec_ros2/install/auto_recharge_ros2:/opt/ros/humble LD_LIBRARY_PATH=/home/wsh/wheeltec/wheeltec_ros2/install/nav2_costmap_2d/lib:/home/wsh/wheeltec/wheeltec_ros2/install/nav2_map_server/lib:/home/wsh/wheeltec/wheeltec_ros2/install/nav2_lifecycle_manager/lib:/home/wsh/wheeltec/wheeltec_ros2/install/nav2_util/lib:/home/wsh/wheeltec/wheeltec_ros2/install/nav2_voxel_grid/lib:/home/wsh/wheeltec/wheeltec_ros2/install/nav2_msgs/lib:/home/wsh/wheeltec/wheeltec_ros2/install/wheeltec_rrt_msg/lib:/home/wsh/wheeltec/wheeltec_ros2/install/wheeltec_robot_rrt/lib:/home/wsh/wheeltec/wheeltec_ros2/install/turn_on_wheeltec_robot/lib:/home/wsh/wheeltec/wheeltec_ros2/install/wheeltec_robot_msg/lib:/home/wsh/wheeltec/wheeltec_ros2/install/usb_cam/lib:/home/wsh/wheeltec/wheeltec_ros2/install/serial/lib:/home/wsh/wheeltec/wheeltec_ros2/install/openslam_gmapping/lib:/home/wsh/wheeltec/wheeltec_ros2/install/nmea_msgs/lib:/home/wsh/wheeltec/wheeltec_ros2/install/nav2_smoother/lib:/home/wsh/wheeltec/wheeltec_ros2/install/nav2_controller/lib:/home/wsh/wheeltec/wheeltec_ros2/install/dwb_plugins/lib:/home/wsh/wheeltec/wheeltec_ros2/install/dwb_critics/lib:/home/wsh/wheeltec/wheeltec_ros2/install/dwb_core/lib:/home/wsh/wheeltec/wheeltec_ros2/install/nav_2d_utils/lib:/home/wsh/wheeltec/wheeltec_ros2/install/dwb_msgs/lib:/home/wsh/wheeltec/wheeltec_ros2/install/nav_2d_msgs/lib:/home/wsh/wheeltec/wheeltec_ros2/install/nav2_waypoint_follower/lib:/home/wsh/wheeltec/wheeltec_ros2/install/nav2_theta_star_planner/lib:/home/wsh/wheeltec/wheeltec_ros2/install/nav2_smac_planner/lib:/home/wsh/wheeltec/wheeltec_ros2/install/nav2_regulated_pure_pursuit_controller/lib:/home/wsh/wheeltec/wheeltec_ros2/install/nav2_planner/lib:/home/wsh/wheeltec/wheeltec_ros2/install/nav2_navfn_planner/lib:/home/wsh/wheeltec/wheeltec_ros2/install/nav2_mppi_controller/lib:/home/wsh/wheeltec/wheeltec_ros2/install/nav2_constrained_smoother/lib:/home/wsh/wheeltec/wheeltec_ros2/install/nav2_bt_navigator/lib:/home/wsh/wheeltec/wheeltec_ros2/install/nav2_behaviors/lib:/home/wsh/wheeltec/wheeltec_ros2/install/nav2_collision_monitor/lib:/home/wsh/wheeltec/wheeltec_ros2/install/costmap_queue/lib:/home/wsh/wheeltec/wheeltec_ros2/install/nav2_velocity_smoother/lib:/home/wsh/wheeltec/wheeltec_ros2/install/nav2_rviz_plugins/lib:/home/wsh/wheeltec/wheeltec_ros2/install/nav2_behavior_tree/lib:/home/wsh/wheeltec/wheeltec_ros2/install/nav2_amcl/lib:/home/wsh/wheeltec/wheeltec_ros2/install/lslidar_msgs/lib:/home/wsh/wheeltec/wheeltec_ros2/install/astra_camera_msgs/lib:/home/wsh/wheeltec/wheeltec_ros2/install/ackermann_msgs/lib:/usr/local/adolc/lib:/usr/local/lib:/usr/local/adolc/lib:/usr/local/lib:/usr/lib/x86_64-linux-gnu/gazebo-11/plugins:/opt/ros/humble/opt/rviz_ogre_vendor/lib:/opt/ros/humble/lib/x86_64-linux-gnu:/opt/ros/humble/lib /usr/bin/cmake --build /home/wsh/wheeltec/wheeltec_ros2/build/nav2_smac_planner -- -j20 -l20
[0.145s] [  1%] [34m[1mRunning cpp protocol buffer compiler on /home/wsh/wheeltec/wheeltec_ros2/src/navigation2-humble/nav2_smac_planner/proto_files/fem_pos_deviation_smoother_config.proto[0m
[0.145s] [  2%] [34m[1mRunning cpp protocol buffer compiler on /home/wsh/wheeltec/wheeltec_ros2/src/navigation2-humble/nav2_smac_planner/proto_files/fem_pos_deviation_smoother_config.proto[0m
[0.146s] [  3%] [34m[1mRunning cpp protocol buffer compiler on /home/wsh/wheeltec/wheeltec_ros2/src/navigation2-humble/nav2_smac_planner/proto_files/fem_pos_deviation_smoother_config.proto[0m
[0.179s] [35m[1mConsolidate compiler generated dependencies of target nav2_smac_planner[0m
[0.207s] [  4%] [32mBuilding CXX object CMakeFiles/nav2_smac_planner_lattice.dir/src/smoother.cpp.o[0m
[0.207s] [  5%] [32mBuilding CXX object CMakeFiles/nav2_smac_planner_lattice.dir/fem_pos_deviation_smoother_config.pb.cc.o[0m
[0.207s] [  6%] [32mBuilding CXX object CMakeFiles/nav2_smac_planner_lattice.dir/planner_open_space_config.pb.cc.o[0m
[0.207s] [  7%] [32mBuilding CXX object CMakeFiles/nav2_smac_planner_2d.dir/math/discretized_points_smoothing/fem_pos_deviation_smoother.cc.o[0m
[0.210s] [  8%] [32mBuilding CXX object CMakeFiles/nav2_smac_planner_2d.dir/src/smac_planner_2d.cpp.o[0m
[0.210s] [  9%] [32mBuilding CXX object CMakeFiles/nav2_smac_planner_lattice.dir/src/smac_planner_lattice.cpp.o[0m
[0.211s] [ 10%] [32mBuilding CXX object CMakeFiles/nav2_smac_planner_lattice.dir/math/discretized_points_smoothing/fem_pos_deviation_smoother.cc.o[0m
[0.212s] [ 11%] [32mBuilding CXX object CMakeFiles/nav2_smac_planner_2d.dir/planner_open_space_config.pb.cc.o[0m
[0.213s] [ 12%] [32mBuilding CXX object CMakeFiles/nav2_smac_planner_2d.dir/src/smoother.cpp.o[0m
[0.215s] [ 13%] [32mBuilding CXX object CMakeFiles/nav2_smac_planner_2d.dir/fem_pos_deviation_smoother_config.pb.cc.o[0m
[0.240s] [ 14%] [32mBuilding CXX object CMakeFiles/nav2_smac_planner.dir/math/discretized_points_smoothing/fem_pos_deviation_smoother.cc.o[0m
[0.241s] [ 15%] [32mBuilding CXX object CMakeFiles/nav2_smac_planner.dir/src/smac_planner_hybrid.cpp.o[0m
[0.241s] [ 16%] [32mBuilding CXX object CMakeFiles/nav2_smac_planner.dir/planner_open_space_config.pb.cc.o[0m
[0.242s] [ 17%] [32mBuilding CXX object CMakeFiles/nav2_smac_planner.dir/src/smoother.cpp.o[0m
[0.243s] [ 18%] [32mBuilding CXX object CMakeFiles/nav2_smac_planner.dir/fem_pos_deviation_smoother_config.pb.cc.o[0m
[8.717s] [ 18%] [32m[1mLinking CXX shared library libnav2_smac_planner_2d.so[0m
[9.185s] [ 18%] [32m[1mLinking CXX shared library libnav2_smac_planner.so[0m
[9.422s] [ 45%] Built target nav2_smac_planner_2d
[9.904s] [ 72%] Built target nav2_smac_planner
[10.086s] [ 73%] [32m[1mLinking CXX shared library libnav2_smac_planner_lattice.so[0m
[10.814s] [100%] Built target nav2_smac_planner_lattice
[10.834s] Invoked command in '/home/wsh/wheeltec/wheeltec_ros2/build/nav2_smac_planner' returned '0': CMAKE_PREFIX_PATH=/home/wsh/wheeltec/wheeltec_ros2/install/nav2_core:/home/wsh/wheeltec/wheeltec_ros2/install/nav2_costmap_2d:/home/wsh/wheeltec/wheeltec_ros2/install/nav2_map_server:/home/wsh/wheeltec/wheeltec_ros2/install/nav2_lifecycle_manager:/home/wsh/wheeltec/wheeltec_ros2/install/nav2_util:/home/wsh/wheeltec/wheeltec_ros2/install/nav2_voxel_grid:/home/wsh/wheeltec/wheeltec_ros2/install/nav2_msgs:/home/wsh/wheeltec/wheeltec_ros2/install/nav2_common:/home/wsh/wheeltec/wheeltec_ros2/install/wheeltec_slam_toolbox:/home/wsh/wheeltec/wheeltec_ros2/install/wheeltec_rviz2:/home/wsh/wheeltec/wheeltec_ros2/install/wheeltec_rrt_msg:/home/wsh/wheeltec/wheeltec_ros2/install/wheeltec_robot_urdf:/home/wsh/wheeltec/wheeltec_ros2/install/wheeltec_robot_rtab:/home/wsh/wheeltec/wheeltec_ros2/install/wheeltec_robot_rrt:/home/wsh/wheeltec/wheeltec_ros2/install/turn_on_wheeltec_robot:/home/wsh/wheeltec/wheeltec_ros2/install/wheeltec_robot_msg:/home/wsh/wheeltec/wheeltec_ros2/install/wheeltec_robot_kcf:/home/wsh/wheeltec/wheeltec_ros2/install/wheeltec_nav2:/home/wsh/wheeltec/wheeltec_ros2/install/wheeltec_joy:/home/wsh/wheeltec/wheeltec_ros2/install/wheeltec_gps_path:/home/wsh/wheeltec/wheeltec_ros2/install/wheeltec_cartographer:/home/wsh/wheeltec/wheeltec_ros2/install/web_video_server:/home/wsh/wheeltec/wheeltec_ros2/install/usb_cam:/home/wsh/wheeltec/wheeltec_ros2/install/slam_gmapping:/home/wsh/wheeltec/wheeltec_ros2/install/serial:/home/wsh/wheeltec/wheeltec_ros2/install/openslam_gmapping:/home/wsh/wheeltec/wheeltec_ros2/install/nmea_msgs:/home/wsh/wheeltec/wheeltec_ros2/install/nav2_bringup:/home/wsh/wheeltec/wheeltec_ros2/install/navigation2:/home/wsh/wheeltec/wheeltec_ros2/install/nav2_smoother:/home/wsh/wheeltec/wheeltec_ros2/install/nav2_dwb_controller:/home/wsh/wheeltec/wheeltec_ros2/install/nav2_controller:/home/wsh/wheeltec/wheeltec_ros2/install/dwb_plugins:/home/wsh/wheeltec/wheeltec_ros2/install/dwb_critics:/home/wsh/wheeltec/wheeltec_ros2/install/dwb_core:/home/wsh/wheeltec/wheeltec_ros2/install/nav_2d_utils:/home/wsh/wheeltec/wheeltec_ros2/install/dwb_msgs:/home/wsh/wheeltec/wheeltec_ros2/install/nav_2d_msgs:/home/wsh/wheeltec/wheeltec_ros2/install/nav2_waypoint_follower:/home/wsh/wheeltec/wheeltec_ros2/install/nav2_theta_star_planner:/home/wsh/wheeltec/wheeltec_ros2/install/nav2_smac_planner:/home/wsh/wheeltec/wheeltec_ros2/install/nav2_regulated_pure_pursuit_controller:/home/wsh/wheeltec/wheeltec_ros2/install/nav2_planner:/home/wsh/wheeltec/wheeltec_ros2/install/nav2_navfn_planner:/home/wsh/wheeltec/wheeltec_ros2/install/nav2_mppi_controller:/home/wsh/wheeltec/wheeltec_ros2/install/nav2_constrained_smoother:/home/wsh/wheeltec/wheeltec_ros2/install/nav2_bt_navigator:/home/wsh/wheeltec/wheeltec_ros2/install/nav2_behaviors:/home/wsh/wheeltec/wheeltec_ros2/install/nav2_collision_monitor:/home/wsh/wheeltec/wheeltec_ros2/install/costmap_queue:/home/wsh/wheeltec/wheeltec_ros2/install/nav2_velocity_smoother:/home/wsh/wheeltec/wheeltec_ros2/install/nav2_rviz_plugins:/home/wsh/wheeltec/wheeltec_ros2/install/nav2_behavior_tree:/home/wsh/wheeltec/wheeltec_ros2/install/nav2_amcl:/home/wsh/wheeltec/wheeltec_ros2/install/lslidar_driver:/home/wsh/wheeltec/wheeltec_ros2/install/lslidar_msgs:/home/wsh/wheeltec/wheeltec_ros2/install/ldlidar_stl_ros2:/home/wsh/wheeltec/wheeltec_ros2/install/ldlidar_sl_ros2:/home/wsh/wheeltec/wheeltec_ros2/install/astra_camera_msgs:/home/wsh/wheeltec/wheeltec_ros2/install/ackermann_msgs:/home/wsh/wheeltec/wheeltec_ros2/install/wheeltec_robot_keyboard:/home/wsh/wheeltec/wheeltec_ros2/install/tf2_tools:/home/wsh/wheeltec/wheeltec_ros2/install/nmea_navsat_driver:/home/wsh/wheeltec/wheeltec_ros2/install/nav2_simple_commander:/home/wsh/wheeltec/wheeltec_ros2/install/auto_recharge_ros2:/opt/ros/humble LD_LIBRARY_PATH=/home/wsh/wheeltec/wheeltec_ros2/install/nav2_costmap_2d/lib:/home/wsh/wheeltec/wheeltec_ros2/install/nav2_map_server/lib:/home/wsh/wheeltec/wheeltec_ros2/install/nav2_lifecycle_manager/lib:/home/wsh/wheeltec/wheeltec_ros2/install/nav2_util/lib:/home/wsh/wheeltec/wheeltec_ros2/install/nav2_voxel_grid/lib:/home/wsh/wheeltec/wheeltec_ros2/install/nav2_msgs/lib:/home/wsh/wheeltec/wheeltec_ros2/install/wheeltec_rrt_msg/lib:/home/wsh/wheeltec/wheeltec_ros2/install/wheeltec_robot_rrt/lib:/home/wsh/wheeltec/wheeltec_ros2/install/turn_on_wheeltec_robot/lib:/home/wsh/wheeltec/wheeltec_ros2/install/wheeltec_robot_msg/lib:/home/wsh/wheeltec/wheeltec_ros2/install/usb_cam/lib:/home/wsh/wheeltec/wheeltec_ros2/install/serial/lib:/home/wsh/wheeltec/wheeltec_ros2/install/openslam_gmapping/lib:/home/wsh/wheeltec/wheeltec_ros2/install/nmea_msgs/lib:/home/wsh/wheeltec/wheeltec_ros2/install/nav2_smoother/lib:/home/wsh/wheeltec/wheeltec_ros2/install/nav2_controller/lib:/home/wsh/wheeltec/wheeltec_ros2/install/dwb_plugins/lib:/home/wsh/wheeltec/wheeltec_ros2/install/dwb_critics/lib:/home/wsh/wheeltec/wheeltec_ros2/install/dwb_core/lib:/home/wsh/wheeltec/wheeltec_ros2/install/nav_2d_utils/lib:/home/wsh/wheeltec/wheeltec_ros2/install/dwb_msgs/lib:/home/wsh/wheeltec/wheeltec_ros2/install/nav_2d_msgs/lib:/home/wsh/wheeltec/wheeltec_ros2/install/nav2_waypoint_follower/lib:/home/wsh/wheeltec/wheeltec_ros2/install/nav2_theta_star_planner/lib:/home/wsh/wheeltec/wheeltec_ros2/install/nav2_smac_planner/lib:/home/wsh/wheeltec/wheeltec_ros2/install/nav2_regulated_pure_pursuit_controller/lib:/home/wsh/wheeltec/wheeltec_ros2/install/nav2_planner/lib:/home/wsh/wheeltec/wheeltec_ros2/install/nav2_navfn_planner/lib:/home/wsh/wheeltec/wheeltec_ros2/install/nav2_mppi_controller/lib:/home/wsh/wheeltec/wheeltec_ros2/install/nav2_constrained_smoother/lib:/home/wsh/wheeltec/wheeltec_ros2/install/nav2_bt_navigator/lib:/home/wsh/wheeltec/wheeltec_ros2/install/nav2_behaviors/lib:/home/wsh/wheeltec/wheeltec_ros2/install/nav2_collision_monitor/lib:/home/wsh/wheeltec/wheeltec_ros2/install/costmap_queue/lib:/home/wsh/wheeltec/wheeltec_ros2/install/nav2_velocity_smoother/lib:/home/wsh/wheeltec/wheeltec_ros2/install/nav2_rviz_plugins/lib:/home/wsh/wheeltec/wheeltec_ros2/install/nav2_behavior_tree/lib:/home/wsh/wheeltec/wheeltec_ros2/install/nav2_amcl/lib:/home/wsh/wheeltec/wheeltec_ros2/install/lslidar_msgs/lib:/home/wsh/wheeltec/wheeltec_ros2/install/astra_camera_msgs/lib:/home/wsh/wheeltec/wheeltec_ros2/install/ackermann_msgs/lib:/usr/local/adolc/lib:/usr/local/lib:/usr/local/adolc/lib:/usr/local/lib:/usr/lib/x86_64-linux-gnu/gazebo-11/plugins:/opt/ros/humble/opt/rviz_ogre_vendor/lib:/opt/ros/humble/lib/x86_64-linux-gnu:/opt/ros/humble/lib /usr/bin/cmake --build /home/wsh/wheeltec/wheeltec_ros2/build/nav2_smac_planner -- -j20 -l20
[11.192s] Invoking command in '/home/wsh/wheeltec/wheeltec_ros2/build/nav2_smac_planner': CMAKE_PREFIX_PATH=/home/wsh/wheeltec/wheeltec_ros2/install/nav2_core:/home/wsh/wheeltec/wheeltec_ros2/install/nav2_costmap_2d:/home/wsh/wheeltec/wheeltec_ros2/install/nav2_map_server:/home/wsh/wheeltec/wheeltec_ros2/install/nav2_lifecycle_manager:/home/wsh/wheeltec/wheeltec_ros2/install/nav2_util:/home/wsh/wheeltec/wheeltec_ros2/install/nav2_voxel_grid:/home/wsh/wheeltec/wheeltec_ros2/install/nav2_msgs:/home/wsh/wheeltec/wheeltec_ros2/install/nav2_common:/home/wsh/wheeltec/wheeltec_ros2/install/wheeltec_slam_toolbox:/home/wsh/wheeltec/wheeltec_ros2/install/wheeltec_rviz2:/home/wsh/wheeltec/wheeltec_ros2/install/wheeltec_rrt_msg:/home/wsh/wheeltec/wheeltec_ros2/install/wheeltec_robot_urdf:/home/wsh/wheeltec/wheeltec_ros2/install/wheeltec_robot_rtab:/home/wsh/wheeltec/wheeltec_ros2/install/wheeltec_robot_rrt:/home/wsh/wheeltec/wheeltec_ros2/install/turn_on_wheeltec_robot:/home/wsh/wheeltec/wheeltec_ros2/install/wheeltec_robot_msg:/home/wsh/wheeltec/wheeltec_ros2/install/wheeltec_robot_kcf:/home/wsh/wheeltec/wheeltec_ros2/install/wheeltec_nav2:/home/wsh/wheeltec/wheeltec_ros2/install/wheeltec_joy:/home/wsh/wheeltec/wheeltec_ros2/install/wheeltec_gps_path:/home/wsh/wheeltec/wheeltec_ros2/install/wheeltec_cartographer:/home/wsh/wheeltec/wheeltec_ros2/install/web_video_server:/home/wsh/wheeltec/wheeltec_ros2/install/usb_cam:/home/wsh/wheeltec/wheeltec_ros2/install/slam_gmapping:/home/wsh/wheeltec/wheeltec_ros2/install/serial:/home/wsh/wheeltec/wheeltec_ros2/install/openslam_gmapping:/home/wsh/wheeltec/wheeltec_ros2/install/nmea_msgs:/home/wsh/wheeltec/wheeltec_ros2/install/nav2_bringup:/home/wsh/wheeltec/wheeltec_ros2/install/navigation2:/home/wsh/wheeltec/wheeltec_ros2/install/nav2_smoother:/home/wsh/wheeltec/wheeltec_ros2/install/nav2_dwb_controller:/home/wsh/wheeltec/wheeltec_ros2/install/nav2_controller:/home/wsh/wheeltec/wheeltec_ros2/install/dwb_plugins:/home/wsh/wheeltec/wheeltec_ros2/install/dwb_critics:/home/wsh/wheeltec/wheeltec_ros2/install/dwb_core:/home/wsh/wheeltec/wheeltec_ros2/install/nav_2d_utils:/home/wsh/wheeltec/wheeltec_ros2/install/dwb_msgs:/home/wsh/wheeltec/wheeltec_ros2/install/nav_2d_msgs:/home/wsh/wheeltec/wheeltec_ros2/install/nav2_waypoint_follower:/home/wsh/wheeltec/wheeltec_ros2/install/nav2_theta_star_planner:/home/wsh/wheeltec/wheeltec_ros2/install/nav2_smac_planner:/home/wsh/wheeltec/wheeltec_ros2/install/nav2_regulated_pure_pursuit_controller:/home/wsh/wheeltec/wheeltec_ros2/install/nav2_planner:/home/wsh/wheeltec/wheeltec_ros2/install/nav2_navfn_planner:/home/wsh/wheeltec/wheeltec_ros2/install/nav2_mppi_controller:/home/wsh/wheeltec/wheeltec_ros2/install/nav2_constrained_smoother:/home/wsh/wheeltec/wheeltec_ros2/install/nav2_bt_navigator:/home/wsh/wheeltec/wheeltec_ros2/install/nav2_behaviors:/home/wsh/wheeltec/wheeltec_ros2/install/nav2_collision_monitor:/home/wsh/wheeltec/wheeltec_ros2/install/costmap_queue:/home/wsh/wheeltec/wheeltec_ros2/install/nav2_velocity_smoother:/home/wsh/wheeltec/wheeltec_ros2/install/nav2_rviz_plugins:/home/wsh/wheeltec/wheeltec_ros2/install/nav2_behavior_tree:/home/wsh/wheeltec/wheeltec_ros2/install/nav2_amcl:/home/wsh/wheeltec/wheeltec_ros2/install/lslidar_driver:/home/wsh/wheeltec/wheeltec_ros2/install/lslidar_msgs:/home/wsh/wheeltec/wheeltec_ros2/install/ldlidar_stl_ros2:/home/wsh/wheeltec/wheeltec_ros2/install/ldlidar_sl_ros2:/home/wsh/wheeltec/wheeltec_ros2/install/astra_camera_msgs:/home/wsh/wheeltec/wheeltec_ros2/install/ackermann_msgs:/home/wsh/wheeltec/wheeltec_ros2/install/wheeltec_robot_keyboard:/home/wsh/wheeltec/wheeltec_ros2/install/tf2_tools:/home/wsh/wheeltec/wheeltec_ros2/install/nmea_navsat_driver:/home/wsh/wheeltec/wheeltec_ros2/install/nav2_simple_commander:/home/wsh/wheeltec/wheeltec_ros2/install/auto_recharge_ros2:/opt/ros/humble LD_LIBRARY_PATH=/home/wsh/wheeltec/wheeltec_ros2/install/nav2_costmap_2d/lib:/home/wsh/wheeltec/wheeltec_ros2/install/nav2_map_server/lib:/home/wsh/wheeltec/wheeltec_ros2/install/nav2_lifecycle_manager/lib:/home/wsh/wheeltec/wheeltec_ros2/install/nav2_util/lib:/home/wsh/wheeltec/wheeltec_ros2/install/nav2_voxel_grid/lib:/home/wsh/wheeltec/wheeltec_ros2/install/nav2_msgs/lib:/home/wsh/wheeltec/wheeltec_ros2/install/wheeltec_rrt_msg/lib:/home/wsh/wheeltec/wheeltec_ros2/install/wheeltec_robot_rrt/lib:/home/wsh/wheeltec/wheeltec_ros2/install/turn_on_wheeltec_robot/lib:/home/wsh/wheeltec/wheeltec_ros2/install/wheeltec_robot_msg/lib:/home/wsh/wheeltec/wheeltec_ros2/install/usb_cam/lib:/home/wsh/wheeltec/wheeltec_ros2/install/serial/lib:/home/wsh/wheeltec/wheeltec_ros2/install/openslam_gmapping/lib:/home/wsh/wheeltec/wheeltec_ros2/install/nmea_msgs/lib:/home/wsh/wheeltec/wheeltec_ros2/install/nav2_smoother/lib:/home/wsh/wheeltec/wheeltec_ros2/install/nav2_controller/lib:/home/wsh/wheeltec/wheeltec_ros2/install/dwb_plugins/lib:/home/wsh/wheeltec/wheeltec_ros2/install/dwb_critics/lib:/home/wsh/wheeltec/wheeltec_ros2/install/dwb_core/lib:/home/wsh/wheeltec/wheeltec_ros2/install/nav_2d_utils/lib:/home/wsh/wheeltec/wheeltec_ros2/install/dwb_msgs/lib:/home/wsh/wheeltec/wheeltec_ros2/install/nav_2d_msgs/lib:/home/wsh/wheeltec/wheeltec_ros2/install/nav2_waypoint_follower/lib:/home/wsh/wheeltec/wheeltec_ros2/install/nav2_theta_star_planner/lib:/home/wsh/wheeltec/wheeltec_ros2/install/nav2_smac_planner/lib:/home/wsh/wheeltec/wheeltec_ros2/install/nav2_regulated_pure_pursuit_controller/lib:/home/wsh/wheeltec/wheeltec_ros2/install/nav2_planner/lib:/home/wsh/wheeltec/wheeltec_ros2/install/nav2_navfn_planner/lib:/home/wsh/wheeltec/wheeltec_ros2/install/nav2_mppi_controller/lib:/home/wsh/wheeltec/wheeltec_ros2/install/nav2_constrained_smoother/lib:/home/wsh/wheeltec/wheeltec_ros2/install/nav2_bt_navigator/lib:/home/wsh/wheeltec/wheeltec_ros2/install/nav2_behaviors/lib:/home/wsh/wheeltec/wheeltec_ros2/install/nav2_collision_monitor/lib:/home/wsh/wheeltec/wheeltec_ros2/install/costmap_queue/lib:/home/wsh/wheeltec/wheeltec_ros2/install/nav2_velocity_smoother/lib:/home/wsh/wheeltec/wheeltec_ros2/install/nav2_rviz_plugins/lib:/home/wsh/wheeltec/wheeltec_ros2/install/nav2_behavior_tree/lib:/home/wsh/wheeltec/wheeltec_ros2/install/nav2_amcl/lib:/home/wsh/wheeltec/wheeltec_ros2/install/lslidar_msgs/lib:/home/wsh/wheeltec/wheeltec_ros2/install/astra_camera_msgs/lib:/home/wsh/wheeltec/wheeltec_ros2/install/ackermann_msgs/lib:/usr/local/adolc/lib:/usr/local/lib:/usr/local/adolc/lib:/usr/local/lib:/usr/lib/x86_64-linux-gnu/gazebo-11/plugins:/opt/ros/humble/opt/rviz_ogre_vendor/lib:/opt/ros/humble/lib/x86_64-linux-gnu:/opt/ros/humble/lib /usr/bin/cmake --install /home/wsh/wheeltec/wheeltec_ros2/build/nav2_smac_planner
[11.201s] -- Install configuration: "Release"
[11.201s] -- Up-to-date: /home/wsh/wheeltec/wheeltec_ros2/install/nav2_smac_planner/share/nav2_smac_planner/smac_plugin_hybrid.xml
[11.202s] -- Up-to-date: /home/wsh/wheeltec/wheeltec_ros2/install/nav2_smac_planner/share/nav2_smac_planner/smac_plugin_2d.xml
[11.202s] -- Up-to-date: /home/wsh/wheeltec/wheeltec_ros2/install/nav2_smac_planner/share/nav2_smac_planner/smac_plugin_lattice.xml
[11.202s] -- Installing: /home/wsh/wheeltec/wheeltec_ros2/install/nav2_smac_planner/lib/libnav2_smac_planner.so
[11.204s] -- Set runtime path of "/home/wsh/wheeltec/wheeltec_ros2/install/nav2_smac_planner/lib/libnav2_smac_planner.so" to ""
[11.204s] -- Installing: /home/wsh/wheeltec/wheeltec_ros2/install/nav2_smac_planner/lib/libnav2_smac_planner_2d.so
[11.205s] -- Set runtime path of "/home/wsh/wheeltec/wheeltec_ros2/install/nav2_smac_planner/lib/libnav2_smac_planner_2d.so" to ""
[11.205s] -- Installing: /home/wsh/wheeltec/wheeltec_ros2/install/nav2_smac_planner/lib/libnav2_smac_planner_lattice.so
[11.207s] -- Set runtime path of "/home/wsh/wheeltec/wheeltec_ros2/install/nav2_smac_planner/lib/libnav2_smac_planner_lattice.so" to ""
[11.207s] -- Up-to-date: /home/wsh/wheeltec/wheeltec_ros2/install/nav2_smac_planner/include/
[11.207s] -- Up-to-date: /home/wsh/wheeltec/wheeltec_ros2/install/nav2_smac_planner/include//nav2_smac_planner
[11.207s] -- Up-to-date: /home/wsh/wheeltec/wheeltec_ros2/install/nav2_smac_planner/include//nav2_smac_planner/costmap_downsampler.hpp
[11.207s] -- Up-to-date: /home/wsh/wheeltec/wheeltec_ros2/install/nav2_smac_planner/include//nav2_smac_planner/utils.hpp
[11.207s] -- Up-to-date: /home/wsh/wheeltec/wheeltec_ros2/install/nav2_smac_planner/include//nav2_smac_planner/constants.hpp
[11.207s] -- Up-to-date: /home/wsh/wheeltec/wheeltec_ros2/install/nav2_smac_planner/include//nav2_smac_planner/a_star.hpp
[11.207s] -- Up-to-date: /home/wsh/wheeltec/wheeltec_ros2/install/nav2_smac_planner/include//nav2_smac_planner/smac_planner_lattice.hpp
[11.207s] -- Up-to-date: /home/wsh/wheeltec/wheeltec_ros2/install/nav2_smac_planner/include//nav2_smac_planner/types.hpp
[11.207s] -- Up-to-date: /home/wsh/wheeltec/wheeltec_ros2/install/nav2_smac_planner/include//nav2_smac_planner/collision_checker.hpp
[11.208s] -- Up-to-date: /home/wsh/wheeltec/wheeltec_ros2/install/nav2_smac_planner/include//nav2_smac_planner/smoother.hpp
[11.208s] -- Up-to-date: /home/wsh/wheeltec/wheeltec_ros2/install/nav2_smac_planner/include//nav2_smac_planner/smac_planner_hybrid.hpp
[11.208s] -- Up-to-date: /home/wsh/wheeltec/wheeltec_ros2/install/nav2_smac_planner/include//nav2_smac_planner/node_lattice.hpp
[11.208s] -- Up-to-date: /home/wsh/wheeltec/wheeltec_ros2/install/nav2_smac_planner/include//nav2_smac_planner/node_hybrid.hpp
[11.208s] -- Up-to-date: /home/wsh/wheeltec/wheeltec_ros2/install/nav2_smac_planner/include//nav2_smac_planner/smac_planner_2d.hpp
[11.208s] -- Up-to-date: /home/wsh/wheeltec/wheeltec_ros2/install/nav2_smac_planner/include//nav2_smac_planner/thirdparty
[11.208s] -- Up-to-date: /home/wsh/wheeltec/wheeltec_ros2/install/nav2_smac_planner/include//nav2_smac_planner/thirdparty/robin_hood.h
[11.208s] -- Up-to-date: /home/wsh/wheeltec/wheeltec_ros2/install/nav2_smac_planner/include//nav2_smac_planner/node_2d.hpp
[11.208s] -- Up-to-date: /home/wsh/wheeltec/wheeltec_ros2/install/nav2_smac_planner/include//nav2_smac_planner/analytic_expansion.hpp
[11.208s] -- Up-to-date: /home/wsh/wheeltec/wheeltec_ros2/install/nav2_smac_planner/include//nav2_smac_planner/node_basic.hpp
[11.208s] -- Up-to-date: /home/wsh/wheeltec/wheeltec_ros2/install/nav2_smac_planner/include/
[11.208s] -- Up-to-date: /home/wsh/wheeltec/wheeltec_ros2/install/nav2_smac_planner/include//discrete_points_math.cc
[11.208s] -- Up-to-date: /home/wsh/wheeltec/wheeltec_ros2/install/nav2_smac_planner/include//line_segment2d.cc
[11.208s] -- Up-to-date: /home/wsh/wheeltec/wheeltec_ros2/install/nav2_smac_planner/include//math_utils.cc
[11.208s] -- Up-to-date: /home/wsh/wheeltec/wheeltec_ros2/install/nav2_smac_planner/include//discrete_points_math.h
[11.208s] -- Up-to-date: /home/wsh/wheeltec/wheeltec_ros2/install/nav2_smac_planner/include//aabox2d.cc
[11.208s] -- Up-to-date: /home/wsh/wheeltec/wheeltec_ros2/install/nav2_smac_planner/include//linear_interpolation.h
[11.208s] -- Up-to-date: /home/wsh/wheeltec/wheeltec_ros2/install/nav2_smac_planner/include//discretized_path.h
[11.208s] -- Up-to-date: /home/wsh/wheeltec/wheeltec_ros2/install/nav2_smac_planner/include//vec2d.cc
[11.208s] -- Up-to-date: /home/wsh/wheeltec/wheeltec_ros2/install/nav2_smac_planner/include//line_segment2d.h
[11.208s] -- Up-to-date: /home/wsh/wheeltec/wheeltec_ros2/install/nav2_smac_planner/include//math_utils.h
[11.208s] -- Installing: /home/wsh/wheeltec/wheeltec_ros2/install/nav2_smac_planner/include//future.h
[11.208s] -- Up-to-date: /home/wsh/wheeltec/wheeltec_ros2/install/nav2_smac_planner/include//linear_interpolation.cc
[11.208s] -- Up-to-date: /home/wsh/wheeltec/wheeltec_ros2/install/nav2_smac_planner/include//aabox2d.h
[11.208s] -- Up-to-date: /home/wsh/wheeltec/wheeltec_ros2/install/nav2_smac_planner/include//discretized_points_smoothing
[11.208s] -- Up-to-date: /home/wsh/wheeltec/wheeltec_ros2/install/nav2_smac_planner/include//discretized_points_smoothing/fem_pos_deviation_osqp_interface.cc
[11.208s] -- Up-to-date: /home/wsh/wheeltec/wheeltec_ros2/install/nav2_smac_planner/include//discretized_points_smoothing/fem_pos_deviation_sqp_osqp_interface.cc
[11.209s] -- Up-to-date: /home/wsh/wheeltec/wheeltec_ros2/install/nav2_smac_planner/include//discretized_points_smoothing/fem_pos_deviation_smoother.h
[11.209s] -- Up-to-date: /home/wsh/wheeltec/wheeltec_ros2/install/nav2_smac_planner/include//discretized_points_smoothing/fem_pos_deviation_sqp_osqp_interface.h
[11.209s] -- Up-to-date: /home/wsh/wheeltec/wheeltec_ros2/install/nav2_smac_planner/include//discretized_points_smoothing/fem_pos_deviation_smoother.cc
[11.209s] -- Up-to-date: /home/wsh/wheeltec/wheeltec_ros2/install/nav2_smac_planner/include//discretized_points_smoothing/fem_pos_deviation_osqp_interface.h
[11.209s] -- Up-to-date: /home/wsh/wheeltec/wheeltec_ros2/install/nav2_smac_planner/include//discretized_path.cc
[11.209s] -- Up-to-date: /home/wsh/wheeltec/wheeltec_ros2/install/nav2_smac_planner/include//box2d.cc
[11.209s] -- Up-to-date: /home/wsh/wheeltec/wheeltec_ros2/install/nav2_smac_planner/include//polygon2d.cc
[11.209s] -- Up-to-date: /home/wsh/wheeltec/wheeltec_ros2/install/nav2_smac_planner/include//vec2d.h
[11.209s] -- Up-to-date: /home/wsh/wheeltec/wheeltec_ros2/install/nav2_smac_planner/include//box2d.h
[11.209s] -- Up-to-date: /home/wsh/wheeltec/wheeltec_ros2/install/nav2_smac_planner/include//polygon2d.h
[11.209s] -- Up-to-date: /home/wsh/wheeltec/wheeltec_ros2/install/nav2_smac_planner/include/
[11.209s] -- Up-to-date: /home/wsh/wheeltec/wheeltec_ros2/install/nav2_smac_planner/include//pnc_point.proto
[11.209s] -- Up-to-date: /home/wsh/wheeltec/wheeltec_ros2/install/nav2_smac_planner/include//cos_theta_smoother_config.proto
[11.209s] -- Up-to-date: /home/wsh/wheeltec/wheeltec_ros2/install/nav2_smac_planner/include//qp_problem.proto
[11.209s] -- Installing: /home/wsh/wheeltec/wheeltec_ros2/install/nav2_smac_planner/include//fem_pos_deviation_smoother_config.proto
[11.209s] -- Up-to-date: /home/wsh/wheeltec/wheeltec_ros2/install/nav2_smac_planner/include//planner_open_space_config.proto
[11.209s] -- Up-to-date: /home/wsh/wheeltec/wheeltec_ros2/install/nav2_smac_planner/include/
[11.209s] -- Up-to-date: /home/wsh/wheeltec/wheeltec_ros2/install/nav2_smac_planner/include//string_util.cc
[11.209s] -- Up-to-date: /home/wsh/wheeltec/wheeltec_ros2/install/nav2_smac_planner/include//future.h
[11.209s] -- Up-to-date: /home/wsh/wheeltec/wheeltec_ros2/install/nav2_smac_planner/include//string_util.h
[11.209s] -- Up-to-date: /home/wsh/wheeltec/wheeltec_ros2/install/nav2_smac_planner/include/
[11.209s] -- Up-to-date: /home/wsh/wheeltec/wheeltec_ros2/install/nav2_smac_planner/include//planning_gflags.h
[11.209s] -- Up-to-date: /home/wsh/wheeltec/wheeltec_ros2/install/nav2_smac_planner/include//planning_gflags.cc
[11.209s] -- Up-to-date: /home/wsh/wheeltec/wheeltec_ros2/install/nav2_smac_planner/share/nav2_smac_planner/sample_primitives
[11.209s] -- Up-to-date: /home/wsh/wheeltec/wheeltec_ros2/install/nav2_smac_planner/share/nav2_smac_planner/sample_primitives/5cm_resolution
[11.209s] -- Up-to-date: /home/wsh/wheeltec/wheeltec_ros2/install/nav2_smac_planner/share/nav2_smac_planner/sample_primitives/5cm_resolution/0.5m_turning_radius
[11.209s] -- Up-to-date: /home/wsh/wheeltec/wheeltec_ros2/install/nav2_smac_planner/share/nav2_smac_planner/sample_primitives/5cm_resolution/0.5m_turning_radius/all_trajectories.png
[11.209s] -- Up-to-date: /home/wsh/wheeltec/wheeltec_ros2/install/nav2_smac_planner/share/nav2_smac_planner/sample_primitives/5cm_resolution/0.5m_turning_radius/diff
[11.210s] -- Up-to-date: /home/wsh/wheeltec/wheeltec_ros2/install/nav2_smac_planner/share/nav2_smac_planner/sample_primitives/5cm_resolution/0.5m_turning_radius/diff/output.json
[11.210s] -- Up-to-date: /home/wsh/wheeltec/wheeltec_ros2/install/nav2_smac_planner/share/nav2_smac_planner/sample_primitives/5cm_resolution/0.5m_turning_radius/omni
[11.210s] -- Up-to-date: /home/wsh/wheeltec/wheeltec_ros2/install/nav2_smac_planner/share/nav2_smac_planner/sample_primitives/5cm_resolution/0.5m_turning_radius/omni/output.json
[11.210s] -- Up-to-date: /home/wsh/wheeltec/wheeltec_ros2/install/nav2_smac_planner/share/nav2_smac_planner/sample_primitives/5cm_resolution/0.5m_turning_radius/ackermann
[11.210s] -- Up-to-date: /home/wsh/wheeltec/wheeltec_ros2/install/nav2_smac_planner/share/nav2_smac_planner/sample_primitives/5cm_resolution/0.5m_turning_radius/ackermann/output.json
[11.210s] -- Up-to-date: /home/wsh/wheeltec/wheeltec_ros2/install/nav2_smac_planner/share/nav2_smac_planner/sample_primitives/5cm_resolution/1m_turning_radius
[11.210s] -- Up-to-date: /home/wsh/wheeltec/wheeltec_ros2/install/nav2_smac_planner/share/nav2_smac_planner/sample_primitives/5cm_resolution/1m_turning_radius/all_trajectories.png
[11.210s] -- Up-to-date: /home/wsh/wheeltec/wheeltec_ros2/install/nav2_smac_planner/share/nav2_smac_planner/sample_primitives/5cm_resolution/1m_turning_radius/diff
[11.210s] -- Up-to-date: /home/wsh/wheeltec/wheeltec_ros2/install/nav2_smac_planner/share/nav2_smac_planner/sample_primitives/5cm_resolution/1m_turning_radius/diff/output.json
[11.210s] -- Up-to-date: /home/wsh/wheeltec/wheeltec_ros2/install/nav2_smac_planner/share/nav2_smac_planner/sample_primitives/5cm_resolution/1m_turning_radius/omni
[11.210s] -- Up-to-date: /home/wsh/wheeltec/wheeltec_ros2/install/nav2_smac_planner/share/nav2_smac_planner/sample_primitives/5cm_resolution/1m_turning_radius/omni/output.json
[11.210s] -- Up-to-date: /home/wsh/wheeltec/wheeltec_ros2/install/nav2_smac_planner/share/nav2_smac_planner/sample_primitives/5cm_resolution/1m_turning_radius/ackermann
[11.210s] -- Up-to-date: /home/wsh/wheeltec/wheeltec_ros2/install/nav2_smac_planner/share/nav2_smac_planner/sample_primitives/5cm_resolution/1m_turning_radius/ackermann/output.json
[11.210s] -- Up-to-date: /home/wsh/wheeltec/wheeltec_ros2/install/nav2_smac_planner/share/nav2_smac_planner/environment/library_path.sh
[11.210s] -- Up-to-date: /home/wsh/wheeltec/wheeltec_ros2/install/nav2_smac_planner/share/nav2_smac_planner/environment/library_path.dsv
[11.210s] -- Up-to-date: /home/wsh/wheeltec/wheeltec_ros2/install/nav2_smac_planner/share/ament_index/resource_index/package_run_dependencies/nav2_smac_planner
[11.210s] -- Up-to-date: /home/wsh/wheeltec/wheeltec_ros2/install/nav2_smac_planner/share/ament_index/resource_index/parent_prefix_path/nav2_smac_planner
[11.210s] -- Up-to-date: /home/wsh/wheeltec/wheeltec_ros2/install/nav2_smac_planner/share/nav2_smac_planner/environment/ament_prefix_path.sh
[11.210s] -- Up-to-date: /home/wsh/wheeltec/wheeltec_ros2/install/nav2_smac_planner/share/nav2_smac_planner/environment/ament_prefix_path.dsv
[11.210s] -- Up-to-date: /home/wsh/wheeltec/wheeltec_ros2/install/nav2_smac_planner/share/nav2_smac_planner/environment/path.sh
[11.210s] -- Up-to-date: /home/wsh/wheeltec/wheeltec_ros2/install/nav2_smac_planner/share/nav2_smac_planner/environment/path.dsv
[11.210s] -- Up-to-date: /home/wsh/wheeltec/wheeltec_ros2/install/nav2_smac_planner/share/nav2_smac_planner/local_setup.bash
[11.210s] -- Up-to-date: /home/wsh/wheeltec/wheeltec_ros2/install/nav2_smac_planner/share/nav2_smac_planner/local_setup.sh
[11.210s] -- Up-to-date: /home/wsh/wheeltec/wheeltec_ros2/install/nav2_smac_planner/share/nav2_smac_planner/local_setup.zsh
[11.210s] -- Up-to-date: /home/wsh/wheeltec/wheeltec_ros2/install/nav2_smac_planner/share/nav2_smac_planner/local_setup.dsv
[11.210s] -- Installing: /home/wsh/wheeltec/wheeltec_ros2/install/nav2_smac_planner/share/nav2_smac_planner/package.dsv
[11.210s] -- Up-to-date: /home/wsh/wheeltec/wheeltec_ros2/install/nav2_smac_planner/share/ament_index/resource_index/packages/nav2_smac_planner
[11.210s] -- Up-to-date: /home/wsh/wheeltec/wheeltec_ros2/install/nav2_smac_planner/share/ament_index/resource_index/nav2_core__pluginlib__plugin/nav2_smac_planner
[11.210s] -- Up-to-date: /home/wsh/wheeltec/wheeltec_ros2/install/nav2_smac_planner/share/nav2_smac_planner/cmake/ament_cmake_export_include_directories-extras.cmake
[11.211s] -- Up-to-date: /home/wsh/wheeltec/wheeltec_ros2/install/nav2_smac_planner/share/nav2_smac_planner/cmake/ament_cmake_export_libraries-extras.cmake
[11.211s] -- Up-to-date: /home/wsh/wheeltec/wheeltec_ros2/install/nav2_smac_planner/share/nav2_smac_planner/cmake/ament_cmake_export_dependencies-extras.cmake
[11.211s] -- Up-to-date: /home/wsh/wheeltec/wheeltec_ros2/install/nav2_smac_planner/share/nav2_smac_planner/cmake/nav2_smac_plannerConfig.cmake
[11.211s] -- Up-to-date: /home/wsh/wheeltec/wheeltec_ros2/install/nav2_smac_planner/share/nav2_smac_planner/cmake/nav2_smac_plannerConfig-version.cmake
[11.211s] -- Up-to-date: /home/wsh/wheeltec/wheeltec_ros2/install/nav2_smac_planner/share/nav2_smac_planner/package.xml
[11.211s] Invoked command in '/home/wsh/wheeltec/wheeltec_ros2/build/nav2_smac_planner' returned '0': CMAKE_PREFIX_PATH=/home/wsh/wheeltec/wheeltec_ros2/install/nav2_core:/home/wsh/wheeltec/wheeltec_ros2/install/nav2_costmap_2d:/home/wsh/wheeltec/wheeltec_ros2/install/nav2_map_server:/home/wsh/wheeltec/wheeltec_ros2/install/nav2_lifecycle_manager:/home/wsh/wheeltec/wheeltec_ros2/install/nav2_util:/home/wsh/wheeltec/wheeltec_ros2/install/nav2_voxel_grid:/home/wsh/wheeltec/wheeltec_ros2/install/nav2_msgs:/home/wsh/wheeltec/wheeltec_ros2/install/nav2_common:/home/wsh/wheeltec/wheeltec_ros2/install/wheeltec_slam_toolbox:/home/wsh/wheeltec/wheeltec_ros2/install/wheeltec_rviz2:/home/wsh/wheeltec/wheeltec_ros2/install/wheeltec_rrt_msg:/home/wsh/wheeltec/wheeltec_ros2/install/wheeltec_robot_urdf:/home/wsh/wheeltec/wheeltec_ros2/install/wheeltec_robot_rtab:/home/wsh/wheeltec/wheeltec_ros2/install/wheeltec_robot_rrt:/home/wsh/wheeltec/wheeltec_ros2/install/turn_on_wheeltec_robot:/home/wsh/wheeltec/wheeltec_ros2/install/wheeltec_robot_msg:/home/wsh/wheeltec/wheeltec_ros2/install/wheeltec_robot_kcf:/home/wsh/wheeltec/wheeltec_ros2/install/wheeltec_nav2:/home/wsh/wheeltec/wheeltec_ros2/install/wheeltec_joy:/home/wsh/wheeltec/wheeltec_ros2/install/wheeltec_gps_path:/home/wsh/wheeltec/wheeltec_ros2/install/wheeltec_cartographer:/home/wsh/wheeltec/wheeltec_ros2/install/web_video_server:/home/wsh/wheeltec/wheeltec_ros2/install/usb_cam:/home/wsh/wheeltec/wheeltec_ros2/install/slam_gmapping:/home/wsh/wheeltec/wheeltec_ros2/install/serial:/home/wsh/wheeltec/wheeltec_ros2/install/openslam_gmapping:/home/wsh/wheeltec/wheeltec_ros2/install/nmea_msgs:/home/wsh/wheeltec/wheeltec_ros2/install/nav2_bringup:/home/wsh/wheeltec/wheeltec_ros2/install/navigation2:/home/wsh/wheeltec/wheeltec_ros2/install/nav2_smoother:/home/wsh/wheeltec/wheeltec_ros2/install/nav2_dwb_controller:/home/wsh/wheeltec/wheeltec_ros2/install/nav2_controller:/home/wsh/wheeltec/wheeltec_ros2/install/dwb_plugins:/home/wsh/wheeltec/wheeltec_ros2/install/dwb_critics:/home/wsh/wheeltec/wheeltec_ros2/install/dwb_core:/home/wsh/wheeltec/wheeltec_ros2/install/nav_2d_utils:/home/wsh/wheeltec/wheeltec_ros2/install/dwb_msgs:/home/wsh/wheeltec/wheeltec_ros2/install/nav_2d_msgs:/home/wsh/wheeltec/wheeltec_ros2/install/nav2_waypoint_follower:/home/wsh/wheeltec/wheeltec_ros2/install/nav2_theta_star_planner:/home/wsh/wheeltec/wheeltec_ros2/install/nav2_smac_planner:/home/wsh/wheeltec/wheeltec_ros2/install/nav2_regulated_pure_pursuit_controller:/home/wsh/wheeltec/wheeltec_ros2/install/nav2_planner:/home/wsh/wheeltec/wheeltec_ros2/install/nav2_navfn_planner:/home/wsh/wheeltec/wheeltec_ros2/install/nav2_mppi_controller:/home/wsh/wheeltec/wheeltec_ros2/install/nav2_constrained_smoother:/home/wsh/wheeltec/wheeltec_ros2/install/nav2_bt_navigator:/home/wsh/wheeltec/wheeltec_ros2/install/nav2_behaviors:/home/wsh/wheeltec/wheeltec_ros2/install/nav2_collision_monitor:/home/wsh/wheeltec/wheeltec_ros2/install/costmap_queue:/home/wsh/wheeltec/wheeltec_ros2/install/nav2_velocity_smoother:/home/wsh/wheeltec/wheeltec_ros2/install/nav2_rviz_plugins:/home/wsh/wheeltec/wheeltec_ros2/install/nav2_behavior_tree:/home/wsh/wheeltec/wheeltec_ros2/install/nav2_amcl:/home/wsh/wheeltec/wheeltec_ros2/install/lslidar_driver:/home/wsh/wheeltec/wheeltec_ros2/install/lslidar_msgs:/home/wsh/wheeltec/wheeltec_ros2/install/ldlidar_stl_ros2:/home/wsh/wheeltec/wheeltec_ros2/install/ldlidar_sl_ros2:/home/wsh/wheeltec/wheeltec_ros2/install/astra_camera_msgs:/home/wsh/wheeltec/wheeltec_ros2/install/ackermann_msgs:/home/wsh/wheeltec/wheeltec_ros2/install/wheeltec_robot_keyboard:/home/wsh/wheeltec/wheeltec_ros2/install/tf2_tools:/home/wsh/wheeltec/wheeltec_ros2/install/nmea_navsat_driver:/home/wsh/wheeltec/wheeltec_ros2/install/nav2_simple_commander:/home/wsh/wheeltec/wheeltec_ros2/install/auto_recharge_ros2:/opt/ros/humble LD_LIBRARY_PATH=/home/wsh/wheeltec/wheeltec_ros2/install/nav2_costmap_2d/lib:/home/wsh/wheeltec/wheeltec_ros2/install/nav2_map_server/lib:/home/wsh/wheeltec/wheeltec_ros2/install/nav2_lifecycle_manager/lib:/home/wsh/wheeltec/wheeltec_ros2/install/nav2_util/lib:/home/wsh/wheeltec/wheeltec_ros2/install/nav2_voxel_grid/lib:/home/wsh/wheeltec/wheeltec_ros2/install/nav2_msgs/lib:/home/wsh/wheeltec/wheeltec_ros2/install/wheeltec_rrt_msg/lib:/home/wsh/wheeltec/wheeltec_ros2/install/wheeltec_robot_rrt/lib:/home/wsh/wheeltec/wheeltec_ros2/install/turn_on_wheeltec_robot/lib:/home/wsh/wheeltec/wheeltec_ros2/install/wheeltec_robot_msg/lib:/home/wsh/wheeltec/wheeltec_ros2/install/usb_cam/lib:/home/wsh/wheeltec/wheeltec_ros2/install/serial/lib:/home/wsh/wheeltec/wheeltec_ros2/install/openslam_gmapping/lib:/home/wsh/wheeltec/wheeltec_ros2/install/nmea_msgs/lib:/home/wsh/wheeltec/wheeltec_ros2/install/nav2_smoother/lib:/home/wsh/wheeltec/wheeltec_ros2/install/nav2_controller/lib:/home/wsh/wheeltec/wheeltec_ros2/install/dwb_plugins/lib:/home/wsh/wheeltec/wheeltec_ros2/install/dwb_critics/lib:/home/wsh/wheeltec/wheeltec_ros2/install/dwb_core/lib:/home/wsh/wheeltec/wheeltec_ros2/install/nav_2d_utils/lib:/home/wsh/wheeltec/wheeltec_ros2/install/dwb_msgs/lib:/home/wsh/wheeltec/wheeltec_ros2/install/nav_2d_msgs/lib:/home/wsh/wheeltec/wheeltec_ros2/install/nav2_waypoint_follower/lib:/home/wsh/wheeltec/wheeltec_ros2/install/nav2_theta_star_planner/lib:/home/wsh/wheeltec/wheeltec_ros2/install/nav2_smac_planner/lib:/home/wsh/wheeltec/wheeltec_ros2/install/nav2_regulated_pure_pursuit_controller/lib:/home/wsh/wheeltec/wheeltec_ros2/install/nav2_planner/lib:/home/wsh/wheeltec/wheeltec_ros2/install/nav2_navfn_planner/lib:/home/wsh/wheeltec/wheeltec_ros2/install/nav2_mppi_controller/lib:/home/wsh/wheeltec/wheeltec_ros2/install/nav2_constrained_smoother/lib:/home/wsh/wheeltec/wheeltec_ros2/install/nav2_bt_navigator/lib:/home/wsh/wheeltec/wheeltec_ros2/install/nav2_behaviors/lib:/home/wsh/wheeltec/wheeltec_ros2/install/nav2_collision_monitor/lib:/home/wsh/wheeltec/wheeltec_ros2/install/costmap_queue/lib:/home/wsh/wheeltec/wheeltec_ros2/install/nav2_velocity_smoother/lib:/home/wsh/wheeltec/wheeltec_ros2/install/nav2_rviz_plugins/lib:/home/wsh/wheeltec/wheeltec_ros2/install/nav2_behavior_tree/lib:/home/wsh/wheeltec/wheeltec_ros2/install/nav2_amcl/lib:/home/wsh/wheeltec/wheeltec_ros2/install/lslidar_msgs/lib:/home/wsh/wheeltec/wheeltec_ros2/install/astra_camera_msgs/lib:/home/wsh/wheeltec/wheeltec_ros2/install/ackermann_msgs/lib:/usr/local/adolc/lib:/usr/local/lib:/usr/local/adolc/lib:/usr/local/lib:/usr/lib/x86_64-linux-gnu/gazebo-11/plugins:/opt/ros/humble/opt/rviz_ogre_vendor/lib:/opt/ros/humble/lib/x86_64-linux-gnu:/opt/ros/humble/lib /usr/bin/cmake --install /home/wsh/wheeltec/wheeltec_ros2/build/nav2_smac_planner
